2023-05-01 01:29:00,680 [INFO] ApplicationProperties:184 - Using Application install path: D:\STM32CUBEIDE\STM32CubeIDE_1.12.0\STM32CubeIDE\plugins\com.st.stm32cube.common.mx_6.8.1.202304191431
2023-05-01 01:29:00,745 [INFO] DbMcusXml:78 - Set database path to: D:\STM32CUBEIDE\STM32CubeIDE_1.12.0\STM32CubeIDE\plugins\com.st.stm32cube.common.mx_6.8.1.202304191431\\db\/mcu/
2023-05-01 01:29:00,747 [INFO] ApiDb:274 - Set plugin database path to: D:\STM32CUBEIDE\STM32CubeIDE_1.12.0\STM32CubeIDE\plugins\com.st.stm32cube.common.mx_6.8.1.202304191431\\db\/plugins/boardmanager/
2023-05-01 01:29:00,752 [WARN] ApiDb:259 - Overriding images path with different value:  => D:\STM32CUBEIDE\STM32CubeIDE_1.12.0\STM32CubeIDE\plugins\com.st.stm32cube.common.mx_6.8.1.202304191431\\db\/plugins/mcufinder/images/
2023-05-01 01:29:00,796 [INFO] ApiDb:250 - Set database path to: C:\Users\BlueWhale\.stmcufinder\plugins\mcufinder//mcu/
2023-05-01 01:29:00,799 [INFO] DbMcusAds:125 - Set database path to: C:\Users\BlueWhale\.stmcufinder\plugins\mcufinder//mcu/
2023-05-01 01:29:00,891 [INFO] CrossReferenceDbSqlite:203 - Set database path to: C:\Users\BlueWhale\.stmcufinder\plugins\mcufinder//mcu/cs/
2023-05-01 01:29:01,133 [INFO] RulesReader:64 - Compatibility file has been processed (293 Rules)
2023-05-01 01:29:01,329 [INFO] DbMcusXml:78 - Set database path to: D:\STM32CUBEIDE\STM32CubeIDE_1.12.0\STM32CubeIDE\plugins\com.st.stm32cube.common.mx_6.8.1.202304191431\\db\/mcu/
2023-05-01 01:29:01,329 [INFO] ApiDb:274 - Set plugin database path to: D:\STM32CUBEIDE\STM32CubeIDE_1.12.0\STM32CubeIDE\plugins\com.st.stm32cube.common.mx_6.8.1.202304191431\\db\/plugins/boardmanager/
2023-05-01 01:29:01,330 [INFO] ApiDb:261 - Set plugin images path to: D:\STM32CUBEIDE\STM32CubeIDE_1.12.0\STM32CubeIDE\plugins\com.st.stm32cube.common.mx_6.8.1.202304191431\\db\/plugins/mcufinder/images/
2023-05-01 01:29:01,331 [WARN] DbFile:41 - Overriding database path with different value: C:\Users\BlueWhale\.stmcufinder\plugins\mcufinder/ => C:\Users\BlueWhale\.stmcufinder\plugins\mcufinder
2023-05-01 01:29:01,331 [INFO] ApiDb:250 - Set database path to: C:\Users\BlueWhale\.stmcufinder\plugins\mcufinder//mcu/
2023-05-01 01:29:01,331 [WARN] DbFile:41 - Overriding database path with different value: C:\Users\BlueWhale\.stmcufinder\plugins\mcufinder/ => C:\Users\BlueWhale\.stmcufinder\plugins\mcufinder
2023-05-01 01:29:01,331 [INFO] DbMcusAds:125 - Set database path to: C:\Users\BlueWhale\.stmcufinder\plugins\mcufinder//mcu/
2023-05-01 01:29:01,331 [WARN] DbFile:41 - Overriding database path with different value: C:\Users\BlueWhale\.stmcufinder\plugins\mcufinder/ => C:\Users\BlueWhale\.stmcufinder\plugins\mcufinder
2023-05-01 01:29:01,332 [WARN] DbFile:41 - Overriding database path with different value: C:\Users\BlueWhale\.stmcufinder\plugins\mcufinder/ => C:\Users\BlueWhale\.stmcufinder\plugins\mcufinder
2023-05-01 01:29:01,332 [INFO] CrossReferenceDbSqlite:203 - Set database path to: C:\Users\BlueWhale\.stmcufinder\plugins\mcufinder//mcu/cs/
2023-05-01 01:29:01,510 [INFO] MainPanel:253 - HeapMemory: 487587840
2023-05-01 01:29:01,777 [INFO] DbMcusXml:78 - Set database path to: D:\STM32CUBEIDE\STM32CubeIDE_1.12.0\STM32CubeIDE\plugins\com.st.stm32cube.common.mx_6.8.1.202304191431\\db\/mcu/
2023-05-01 01:29:01,777 [INFO] ApiDb:274 - Set plugin database path to: D:\STM32CUBEIDE\STM32CubeIDE_1.12.0\STM32CubeIDE\plugins\com.st.stm32cube.common.mx_6.8.1.202304191431\\db\/plugins/boardmanager/
2023-05-01 01:29:01,778 [INFO] ApiDb:261 - Set plugin images path to: D:\STM32CUBEIDE\STM32CubeIDE_1.12.0\STM32CubeIDE\plugins\com.st.stm32cube.common.mx_6.8.1.202304191431\\db\/plugins/mcufinder/images/
2023-05-01 01:29:01,779 [WARN] DbFile:41 - Overriding database path with different value: C:\Users\BlueWhale\.stmcufinder\plugins\mcufinder/ => C:\Users\BlueWhale\.stmcufinder\plugins\mcufinder
2023-05-01 01:29:01,780 [INFO] ApiDb:250 - Set database path to: C:\Users\BlueWhale\.stmcufinder\plugins\mcufinder//mcu/
2023-05-01 01:29:01,780 [WARN] DbFile:41 - Overriding database path with different value: C:\Users\BlueWhale\.stmcufinder\plugins\mcufinder/ => C:\Users\BlueWhale\.stmcufinder\plugins\mcufinder
2023-05-01 01:29:01,781 [INFO] DbMcusAds:125 - Set database path to: C:\Users\BlueWhale\.stmcufinder\plugins\mcufinder//mcu/
2023-05-01 01:29:01,781 [WARN] DbFile:41 - Overriding database path with different value: C:\Users\BlueWhale\.stmcufinder\plugins\mcufinder/ => C:\Users\BlueWhale\.stmcufinder\plugins\mcufinder
2023-05-01 01:29:01,782 [WARN] DbFile:41 - Overriding database path with different value: C:\Users\BlueWhale\.stmcufinder\plugins\mcufinder/ => C:\Users\BlueWhale\.stmcufinder\plugins\mcufinder
2023-05-01 01:29:01,782 [INFO] CrossReferenceDbSqlite:203 - Set database path to: C:\Users\BlueWhale\.stmcufinder\plugins\mcufinder//mcu/cs/
2023-05-01 01:29:01,830 [INFO] ApplicationProperties:184 - Using Application install path: D:\STM32CUBEIDE\STM32CubeIDE_1.12.0\STM32CubeIDE\plugins\com.st.stm32cube.common.mx_6.8.1.202304191431
2023-05-01 01:29:01,833 [INFO] PluginManage:196 - Search for loadable plugins [exclusion list=, ]
2023-05-01 01:29:01,836 [INFO] PluginManage:310 - Check plugin analytics
2023-05-01 01:29:06,865 [INFO] AnalyticsPlugin:253 - Accepted Software Licenses: STM32CubeMX.6.8.0
2023-05-01 01:29:06,869 [INFO] AnalyticsPlugin:255 - Accepted CMSIS Pack Licenses: 
2023-05-01 01:29:06,869 [INFO] AnalyticsPlugin:257 - Accepted Firmware Licenses: 
2023-05-01 01:29:06,889 [INFO] PluginManage:359 - Loaded plugin analytics (category:tool,tabindex:-1)
2023-05-01 01:29:06,889 [INFO] PluginManage:310 - Check plugin cadmodel
2023-05-01 01:29:06,929 [INFO] CADModel:105 - Init CAD model plugin
2023-05-01 01:29:06,930 [INFO] PluginManage:359 - Loaded plugin cadmodel (category:power,tabindex:5)
2023-05-01 01:29:06,930 [INFO] PluginManage:310 - Check plugin clock
2023-05-01 01:29:06,986 [INFO] PluginManage:359 - Loaded plugin clock (category:base,tabindex:2)
2023-05-01 01:29:06,986 [INFO] PluginManage:310 - Check plugin ddr
2023-05-01 01:29:06,991 [INFO] PluginManage:359 - Loaded plugin ddr (category:tool,tabindex:6)
2023-05-01 01:29:06,991 [INFO] PluginManage:310 - Check plugin filemanager
2023-05-01 01:29:07,275 [INFO] PluginManage:359 - Loaded plugin filemanager (category:base,tabindex:10)
2023-05-01 01:29:07,275 [INFO] PluginManage:310 - Check plugin ipmanager
2023-05-01 01:29:07,290 [INFO] PluginManage:359 - Loaded plugin ipmanager (category:base,tabindex:5)
2023-05-01 01:29:07,290 [INFO] PluginManage:310 - Check plugin lpbam
2023-05-01 01:29:07,322 [INFO] PluginManage:359 - Loaded plugin lpbam (category:base,tabindex:0)
2023-05-01 01:29:07,322 [INFO] PluginManage:310 - Check plugin pinoutandconfiguration
2023-05-01 01:29:07,353 [INFO] PluginManage:359 - Loaded plugin pinoutandconfiguration (category:base,tabindex:1)
2023-05-01 01:29:07,353 [INFO] PluginManage:310 - Check plugin pinoutconfig
2023-05-01 01:29:07,585 [WARN] SupportedApi:132 - Cannot load RTOS API schema: s4s-elt-must-match.1: The content of 'definitions' must match (annotation?, (simpleType | complexType)?, (unique | key | keyref)*)). A problem was found starting at: attribute.
2023-05-01 01:29:07,903 [INFO] PluginManage:359 - Loaded plugin pinoutconfig (category:base,tabindex:0)
2023-05-01 01:29:07,903 [INFO] PluginManage:310 - Check plugin power
2023-05-01 01:29:07,951 [INFO] PluginManage:359 - Loaded plugin power (category:power,tabindex:4)
2023-05-01 01:29:07,952 [INFO] PluginManage:310 - Check plugin projectmanager
2023-05-01 01:29:07,996 [INFO] PluginManage:359 - Loaded plugin projectmanager (category:projectmanager,tabindex:3)
2023-05-01 01:29:07,997 [INFO] PluginManage:310 - Check plugin thirdparty
2023-05-01 01:29:08,703 [WARN] IntegrityCheckThread:84 - waiting for thirdparty lock release [integrity check]
2023-05-01 01:29:08,703 [INFO] PluginManage:359 - Loaded plugin thirdparty (category:base,tabindex:-1)
2023-05-01 01:29:08,704 [INFO] IntegrityCheckThread:86 - entering critical section [integrity check]
2023-05-01 01:29:08,705 [INFO] PluginManage:310 - Check plugin tools
2023-05-01 01:29:08,716 [INFO] ThirdPartyUpdaterWithRetryManager:70 - Updater plugin not ready yet. [1/15]
2023-05-01 01:29:08,772 [INFO] PluginManage:359 - Loaded plugin tools (category:base,tabindex:7)
2023-05-01 01:29:08,772 [INFO] PluginManage:310 - Check plugin tutovideos
2023-05-01 01:29:09,289 [INFO] PluginManage:359 - Loaded plugin tutovideos (category:base,tabindex:-1)
2023-05-01 01:29:09,289 [INFO] PluginManage:310 - Check plugin updater
2023-05-01 01:29:09,351 [INFO] PluginManage:359 - Loaded plugin updater (category:base,tabindex:12)
2023-05-01 01:29:09,353 [INFO] PluginManage:283 - PluginManage : Loaded plugins [15]
2023-05-01 01:29:09,952 [INFO] PinOutPanel:1499 - setPackage(No Configuration,No Configuration)
2023-05-01 01:29:10,089 [INFO] CADModel:165 - CPN selected for project level
2023-05-01 01:29:10,089 [INFO] CADModel:114 - Register for checkConnection events
2023-05-01 01:29:10,141 [INFO] IPUIPlugin:80 - create IPUIPlugin
2023-05-01 01:29:10,141 [INFO] PluginManager:220 - loadIPPluginJar : add adc
2023-05-01 01:29:10,195 [INFO] IPUIPlugin:80 - create IPUIPlugin
2023-05-01 01:29:10,196 [INFO] PluginManager:220 - loadIPPluginJar : add aes
2023-05-01 01:29:10,267 [INFO] IPUIPlugin:80 - create IPUIPlugin
2023-05-01 01:29:10,267 [INFO] PluginManager:220 - loadIPPluginJar : add can
2023-05-01 01:29:10,301 [INFO] IPUIPlugin:80 - create IPUIPlugin
2023-05-01 01:29:10,302 [INFO] PluginManager:220 - loadIPPluginJar : add comp
2023-05-01 01:29:10,350 [INFO] IPUIPlugin:80 - create IPUIPlugin
2023-05-01 01:29:10,350 [INFO] PluginManager:220 - loadIPPluginJar : add cryp
2023-05-01 01:29:10,395 [INFO] IPUIPlugin:80 - create IPUIPlugin
2023-05-01 01:29:10,396 [INFO] PluginManager:220 - loadIPPluginJar : add dfsdm
2023-05-01 01:29:10,420 [INFO] IPUIPlugin:80 - create IPUIPlugin
2023-05-01 01:29:10,421 [INFO] PluginManager:220 - loadIPPluginJar : add dma
2023-05-01 01:29:10,486 [INFO] IPUIPlugin:80 - create IPUIPlugin
2023-05-01 01:29:10,486 [INFO] PluginManager:220 - loadIPPluginJar : add dma3
2023-05-01 01:29:10,517 [INFO] IPUIPlugin:80 - create IPUIPlugin
2023-05-01 01:29:10,517 [INFO] PluginManager:220 - loadIPPluginJar : add fatfs
2023-05-01 01:29:10,586 [INFO] IPUIPlugin:80 - create IPUIPlugin
2023-05-01 01:29:10,586 [INFO] PluginManager:220 - loadIPPluginJar : add fmc
2023-05-01 01:29:10,612 [INFO] IPUIPlugin:80 - create IPUIPlugin
2023-05-01 01:29:10,612 [INFO] PluginManager:220 - loadIPPluginJar : add freertos
2023-05-01 01:29:10,642 [INFO] IPUIPlugin:80 - create IPUIPlugin
2023-05-01 01:29:10,642 [INFO] PluginManager:220 - loadIPPluginJar : add genericplugin
2023-05-01 01:29:10,789 [INFO] IPUIPlugin:80 - create IPUIPlugin
2023-05-01 01:29:10,789 [INFO] PluginManager:220 - loadIPPluginJar : add gfxmmu
2023-05-01 01:29:11,037 [INFO] IPUIPlugin:80 - create IPUIPlugin
2023-05-01 01:29:11,037 [INFO] PluginManager:220 - loadIPPluginJar : add gic
2023-05-01 01:29:11,059 [INFO] IPUIPlugin:80 - create IPUIPlugin
2023-05-01 01:29:11,059 [INFO] PluginManager:220 - loadIPPluginJar : add gpio
2023-05-01 01:29:11,200 [INFO] IPUIPlugin:80 - create IPUIPlugin
2023-05-01 01:29:11,200 [INFO] PluginManager:220 - loadIPPluginJar : add gtzc
2023-05-01 01:29:11,259 [INFO] IPUIPlugin:80 - create IPUIPlugin
2023-05-01 01:29:11,259 [INFO] PluginManager:220 - loadIPPluginJar : add hash
2023-05-01 01:29:11,336 [INFO] IPUIPlugin:80 - create IPUIPlugin
2023-05-01 01:29:11,336 [INFO] PluginManager:220 - loadIPPluginJar : add i2c
2023-05-01 01:29:11,404 [INFO] IPUIPlugin:80 - create IPUIPlugin
2023-05-01 01:29:11,404 [INFO] PluginManager:220 - loadIPPluginJar : add i2s
2023-05-01 01:29:11,465 [INFO] IPUIPlugin:80 - create IPUIPlugin
2023-05-01 01:29:11,465 [INFO] PluginManager:220 - loadIPPluginJar : add i3c
2023-05-01 01:29:11,617 [INFO] IPUIPlugin:80 - create IPUIPlugin
2023-05-01 01:29:11,617 [INFO] PluginManager:220 - loadIPPluginJar : add ipddr
2023-05-01 01:29:11,724 [INFO] ThirdPartyUpdaterWithRetryManager:70 - Updater plugin not ready yet. [2/15]
2023-05-01 01:29:11,764 [INFO] IPUIPlugin:80 - create IPUIPlugin
2023-05-01 01:29:11,764 [INFO] PluginManager:220 - loadIPPluginJar : add linkedlist
2023-05-01 01:29:11,825 [INFO] IPUIPlugin:80 - create IPUIPlugin
2023-05-01 01:29:11,826 [INFO] PluginManager:220 - loadIPPluginJar : add lorawan
2023-05-01 01:29:11,896 [INFO] IPUIPlugin:80 - create IPUIPlugin
2023-05-01 01:29:11,897 [INFO] PluginManager:220 - loadIPPluginJar : add ltdc
2023-05-01 01:29:11,922 [INFO] IPUIPlugin:80 - create IPUIPlugin
2023-05-01 01:29:11,922 [INFO] PluginManager:220 - loadIPPluginJar : add mdma
2023-05-01 01:29:11,944 [INFO] IPUIPlugin:80 - create IPUIPlugin
2023-05-01 01:29:11,944 [INFO] PluginManager:220 - loadIPPluginJar : add nvic
2023-05-01 01:29:12,021 [INFO] IPUIPlugin:80 - create IPUIPlugin
2023-05-01 01:29:12,021 [INFO] PluginManager:220 - loadIPPluginJar : add opamp
2023-05-01 01:29:12,113 [INFO] IPUIPlugin:80 - create IPUIPlugin
2023-05-01 01:29:12,113 [INFO] PluginManager:220 - loadIPPluginJar : add openamp
2023-05-01 01:29:12,171 [INFO] IPUIPlugin:80 - create IPUIPlugin
2023-05-01 01:29:12,171 [INFO] PluginManager:220 - loadIPPluginJar : add pdm2pcm
2023-05-01 01:29:12,204 [INFO] IPUIPlugin:80 - create IPUIPlugin
2023-05-01 01:29:12,210 [INFO] PluginManager:220 - loadIPPluginJar : add plateformsettings
2023-05-01 01:29:12,245 [INFO] IPUIPlugin:80 - create IPUIPlugin
2023-05-01 01:29:12,246 [INFO] PluginManager:220 - loadIPPluginJar : add quadspi
2023-05-01 01:29:12,272 [INFO] IPUIPlugin:80 - create IPUIPlugin
2023-05-01 01:29:12,273 [INFO] PluginManager:220 - loadIPPluginJar : add resmgrutility
2023-05-01 01:29:12,357 [INFO] IPUIPlugin:80 - create IPUIPlugin
2023-05-01 01:29:12,357 [INFO] PluginManager:220 - loadIPPluginJar : add sai
2023-05-01 01:29:12,416 [INFO] IPUIPlugin:80 - create IPUIPlugin
2023-05-01 01:29:12,416 [INFO] PluginManager:220 - loadIPPluginJar : add spi
2023-05-01 01:29:12,502 [INFO] IPUIPlugin:80 - create IPUIPlugin
2023-05-01 01:29:12,502 [INFO] PluginManager:220 - loadIPPluginJar : add stm32_wpan
2023-05-01 01:29:12,538 [INFO] IPUIPlugin:80 - create IPUIPlugin
2023-05-01 01:29:12,538 [INFO] PluginManager:220 - loadIPPluginJar : add tim
2023-05-01 01:29:12,619 [INFO] IPUIPlugin:80 - create IPUIPlugin
2023-05-01 01:29:12,619 [INFO] PluginManager:220 - loadIPPluginJar : add touchsensing
2023-05-01 01:29:12,655 [INFO] IPUIPlugin:80 - create IPUIPlugin
2023-05-01 01:29:12,655 [INFO] PluginManager:220 - loadIPPluginJar : add tracer_emb
2023-05-01 01:29:12,689 [INFO] IPUIPlugin:80 - create IPUIPlugin
2023-05-01 01:29:12,689 [INFO] PluginManager:220 - loadIPPluginJar : add ts
2023-05-01 01:29:12,725 [INFO] IPUIPlugin:80 - create IPUIPlugin
2023-05-01 01:29:12,725 [INFO] PluginManager:220 - loadIPPluginJar : add tsc
2023-05-01 01:29:12,768 [INFO] IPUIPlugin:80 - create IPUIPlugin
2023-05-01 01:29:12,768 [INFO] PluginManager:220 - loadIPPluginJar : add ucpd
2023-05-01 01:29:12,832 [INFO] IPUIPlugin:80 - create IPUIPlugin
2023-05-01 01:29:12,832 [INFO] PluginManager:220 - loadIPPluginJar : add usart
2023-05-01 01:29:12,917 [INFO] IPUIPlugin:80 - create IPUIPlugin
2023-05-01 01:29:12,917 [INFO] PluginManager:220 - loadIPPluginJar : add usbx
2023-05-01 01:29:13,180 [INFO] CADModel:165 - CPN selected for project level
2023-05-01 01:29:13,180 [INFO] CADModel:114 - Register for checkConnection events
2023-05-01 01:29:13,183 [FATAL] Updater:308 - Updater called before beeing initialized
2023-05-01 01:29:13,184 [ERROR] CADModel:125 - Updater not yet initialized, retry later 
2023-05-01 01:29:13,751 [INFO] CADModel:165 - CPN selected for project level
2023-05-01 01:29:13,751 [INFO] CADModel:114 - Register for checkConnection events
2023-05-01 01:29:13,752 [FATAL] Updater:308 - Updater called before beeing initialized
2023-05-01 01:29:13,752 [ERROR] CADModel:125 - Updater not yet initialized, retry later 
2023-05-01 01:29:13,778 [FATAL] Updater:308 - Updater called before beeing initialized
2023-05-01 01:29:14,413 [FATAL] Updater:308 - Updater called before beeing initialized
2023-05-01 01:29:14,454 [INFO] DbMcusAds:53 - JSON generation date=Tue Mar 07 15:50:55 ICT 2023 (1678179055335)
2023-05-01 01:29:14,454 [FATAL] Updater:308 - Updater called before beeing initialized
2023-05-01 01:29:14,672 [WARN] DetailPanel:346 - Failed to get advertising image, set to default
2023-05-01 01:29:14,734 [INFO] ThirdPartyUpdaterWithRetryManager:70 - Updater plugin not ready yet. [3/15]
2023-05-01 01:29:14,982 [FATAL] Updater:308 - Updater called before beeing initialized
2023-05-01 01:29:14,986 [FATAL] Updater:308 - Updater called before beeing initialized
2023-05-01 01:29:14,986 [FATAL] Updater:308 - Updater called before beeing initialized
2023-05-01 01:29:14,986 [WARN] DetailPanel:346 - Failed to get advertising image, set to default
2023-05-01 01:29:14,987 [FATAL] Updater:308 - Updater called before beeing initialized
2023-05-01 01:29:15,118 [ERROR] Updater:1120 - MainUpdater not yet initialized. External WinMGr cannot be set.
2023-05-01 01:29:15,132 [INFO] Updater:1056 - Updater Version found : 6.8.1
2023-05-01 01:29:15,166 [INFO] ApplicationProperties:184 - Using Application install path: D:\STM32CUBEIDE\STM32CubeIDE_1.12.0\STM32CubeIDE\plugins\com.st.stm32cube.common.mx_6.8.1.202304191431
2023-05-01 01:29:15,925 [INFO] MainUpdater:2854 - connection check result : 10
2023-05-01 01:29:15,926 [INFO] MainUpdater:283 - Updater Check For Update Now.
2023-05-01 01:29:15,927 [INFO] MicroXplorer:498 - Change Database Version : DB.6.0.81
2023-05-01 01:29:16,206 [INFO] CheckServerUpdateThread:120 - End of CheckServer Thread
2023-05-01 01:29:16,388 [INFO] MainUpdater:2854 - connection check result : 10
2023-05-01 01:29:16,408 [INFO] MainUpdater:2854 - connection check result : 10
2023-05-01 01:29:16,797 [INFO] MicroXplorer:468 - Change Database Path : 
2023-05-01 01:29:16,797 [INFO] MicroXplorer:498 - Change Database Version : DB.6.0.81
2023-05-01 01:29:16,798 [WARN] ThirdParty:871 - waiting for thirdparty lock release [close project]
2023-05-01 01:29:18,427 [WARN] PackLoader:240 - Cannot read IP mode file for STMicroelectronics.X-CUBE-GNSS1.6.0.0
2023-05-01 01:29:18,536 [WARN] PackLoader:240 - Cannot read IP mode file for STMicroelectronics.X-CUBE-AZRTOS-F4.1.1.0
2023-05-01 01:29:18,586 [WARN] PackLoader:240 - Cannot read IP mode file for STMicroelectronics.X-CUBE-SMBUS.2.1.0
2023-05-01 01:29:18,604 [WARN] PackLoader:240 - Cannot read IP mode file for wolfSSL.I-CUBE-wolfSSL.5.6.0
2023-05-01 01:29:18,706 [WARN] PackLoader:240 - Cannot read IP mode file for STMicroelectronics.X-CUBE-AZRTOS-F7.1.1.0
2023-05-01 01:29:18,855 [WARN] PackLoader:240 - Cannot read IP mode file for STMicroelectronics.X-CUBE-MEMS1.9.6.0
2023-05-01 01:29:19,502 [WARN] PackLoader:240 - Cannot read IP mode file for STMicroelectronics.X-CUBE-BLE1.6.2.4
2023-05-01 01:29:19,593 [WARN] PackLoader:240 - Cannot read IP mode file for emotas.I-CUBE-CANOPEN.1.1.3
2023-05-01 01:29:19,653 [WARN] PackLoader:240 - Cannot read IP mode file for STMicroelectronics.X-CUBE-BLEMGR.2.0.0
2023-05-01 01:29:19,764 [WARN] ConditionMgr:438 - getConditionDescription Invalid condition id : UX DEVICE CLASS RTOS Condition cause : null
2023-05-01 01:29:19,764 [WARN] ConditionMgr:438 - getConditionDescription Invalid condition id : UX DEVICE CLASS RTOS Condition cause : null
2023-05-01 01:29:19,795 [WARN] PackLoader:240 - Cannot read IP mode file for STMicroelectronics.X-CUBE-AZRTOS-H7.3.1.0
2023-05-01 01:29:19,799 [WARN] ConditionMgr:1039 - genDependencies : Invalid condition id : UX DEVICE CLASS RTOS Condition cause : null
2023-05-01 01:29:19,799 [WARN] ConditionMgr:1039 - genDependencies : Invalid condition id : UX DEVICE CLASS RTOS Condition cause : null
2023-05-01 01:29:19,801 [WARN] ConditionMgr:1039 - genDependencies : Invalid condition id : UX DEVICE CLASS RTOS Condition cause : null
2023-05-01 01:29:19,802 [WARN] ConditionMgr:1039 - genDependencies : Invalid condition id : UX DEVICE CLASS RTOS Condition cause : null
2023-05-01 01:29:19,802 [WARN] ConditionMgr:1039 - genDependencies : Invalid condition id : UX DEVICE CLASS RTOS Condition cause : null
2023-05-01 01:29:19,850 [WARN] PackLoader:240 - Cannot read IP mode file for STMicroelectronics.X-CUBE-DISPLAY.3.0.0
2023-05-01 01:29:19,985 [WARN] PackLoader:240 - Cannot read IP mode file for STMicroelectronics.X-CUBE-NFC7.1.0.0
2023-05-01 01:29:20,047 [WARN] PackLoader:240 - Cannot read IP mode file for STMicroelectronics.X-CUBE-EEPRMA1.4.1.0
2023-05-01 01:29:20,190 [WARN] PackLoader:240 - Cannot read IP mode file for WES.I-CUBE-Cesium.1.3.0
2023-05-01 01:29:20,230 [WARN] PackLoader:240 - Cannot read IP mode file for STMicroelectronics.X-CUBE-SFXS2LP1.4.0.0
2023-05-01 01:29:20,265 [WARN] PackLoader:240 - Cannot read IP mode file for STMicroelectronics.X-CUBE-BLE2.3.3.0
2023-05-01 01:29:20,333 [WARN] PackLoader:240 - Cannot read IP mode file for STMicroelectronics.X-CUBE-ISPU.1.1.0
2023-05-01 01:29:20,403 [WARN] PackLoader:240 - Cannot read IP mode file for STMicroelectronics.X-CUBE-AI.8.0.0
2023-05-01 01:29:20,450 [WARN] PackLoader:240 - Cannot read IP mode file for STMicroelectronics.X-CUBE-FREERTOS.1.0.1
2023-05-01 01:29:20,474 [WARN] PackLoader:240 - Cannot read IP mode file for STMicroelectronics.X-CUBE-TOUCHGFX.4.21.3
2023-05-01 01:29:20,520 [WARN] PackLoader:240 - Cannot read IP mode file for STMicroelectronics.X-CUBE-ALGOBUILD.1.3.0
2023-05-01 01:29:20,641 [WARN] PackLoader:240 - Cannot read IP mode file for STMicroelectronics.X-CUBE-AZRTOS-L5.1.1.0
2023-05-01 01:29:20,752 [WARN] PackLoader:240 - Cannot read IP mode file for STMicroelectronics.X-CUBE-AZRTOS-G0.1.1.0
2023-05-01 01:29:20,834 [WARN] PackLoader:240 - Cannot read IP mode file for STMicroelectronics.X-CUBE-SUBG2.5.0.0
2023-05-01 01:29:20,933 [WARN] PackLoader:240 - Cannot read IP mode file for STMicroelectronics.X-CUBE-NFC4.3.0.0
2023-05-01 01:29:21,031 [WARN] PackLoader:240 - Cannot read IP mode file for STMicroelectronics.X-CUBE-AZRTOS-G4.2.0.0
2023-05-01 01:29:21,104 [WARN] PackLoader:240 - Cannot read IP mode file for STMicroelectronics.X-CUBE-TOF1.3.3.0
2023-05-01 01:29:21,215 [WARN] PackLoader:240 - Cannot read IP mode file for STMicroelectronics.X-CUBE-AZRTOS-G4.1.0.0
2023-05-01 01:29:21,254 [WARN] PackLoader:240 - Cannot read IP mode file for STMicroelectronics.FP-ATR-SIGFOX1.3.2.0
2023-05-01 01:29:21,389 [WARN] PackLoader:240 - Cannot read IP mode file for STMicroelectronics.X-CUBE-AZRTOS-L4.1.0.0
2023-05-01 01:29:21,474 [WARN] PackLoader:240 - Cannot read IP mode file for STMicroelectronics.X-CUBE-AZRTOS-WL.1.0.0
2023-05-01 01:29:21,521 [WARN] PackLoader:240 - Cannot read IP mode file for portGmbH.I-Cube-SoM-uGOAL.1.1.0
2023-05-01 01:29:21,569 [WARN] PackLoader:240 - Cannot read IP mode file for STMicroelectronics.X-CUBE-ALS.1.0.1
2023-05-01 01:29:22,021 [WARN] PackLoader:240 - Cannot read IP mode file for STMicroelectronics.X-CUBE-MEMS1.9.5.0
2023-05-01 01:29:22,861 [WARN] PackLoader:240 - Cannot read IP mode file for STMicroelectronics.X-CUBE-AZRTOS-WB.1.1.0
2023-05-01 01:29:23,040 [WARN] PackLoader:240 - Cannot read IP mode file for SEGGER.I-CUBE-embOS.1.3.1
2023-05-01 01:29:23,201 [WARN] PackLoader:240 - Cannot read IP mode file for STMicroelectronics.FP-ATR-ASTRA1.2.0.0
2023-05-01 01:29:23,202 [INFO] ThirdParty:978 - Integrity check success = true
2023-05-01 01:29:23,202 [INFO] IntegrityCheckThread:100 - exiting critical section [integrity check]
2023-05-01 01:29:23,203 [INFO] IntegrityCheckThread:103 - End integrity checks thread
2023-05-01 01:29:23,203 [INFO] ThirdParty:873 - entering critical section [close project]
2023-05-01 01:29:23,204 [INFO] ThirdParty:883 - exiting critical section [close project]
2023-05-01 01:29:23,216 [INFO] PinOutPanel:1499 - setPackage(No Configuration,No Configuration)
2023-05-01 01:29:23,231 [INFO] UtilMem:75 - Begin LoadConfig() Used Memory: 178564248 Bytes (487587840)
2023-05-01 01:30:07,188 [INFO] MicroXplorer:468 - Change Database Path : 
2023-05-01 01:30:07,189 [INFO] MicroXplorer:498 - Change Database Version : DB.6.0.81
2023-05-01 01:30:07,190 [INFO] OpenFileManager:308 - Change cursor
2023-05-01 01:30:07,305 [INFO] Mcu:1937 - Initializing MCU STM32F103C(8-B)Tx STM32F103C8Tx STM32F103C8T6
2023-05-01 01:30:10,499 [INFO] Context:659 - Trying to add GPIOservice into a context  which must be forbidden
2023-05-01 01:30:12,363 [INFO] RtosManager:555 - Registered RTOS mode: class=CMSIS, group=RTOS, mode=CMSIS_V1, owner=FREERTOS
2023-05-01 01:30:12,363 [INFO] RtosManager:555 - Registered RTOS mode: class=CMSIS, group=RTOS2, mode=CMSIS_V2, owner=FREERTOS
2023-05-01 01:30:12,364 [INFO] RtosManager:555 - Registered RTOS mode: class=RTOS, group=Core, mode=CMSIS_V1, owner=FREERTOS
2023-05-01 01:30:12,364 [INFO] RtosManager:555 - Registered RTOS mode: class=RTOS, group=Core, mode=CMSIS_V2, owner=FREERTOS
2023-05-01 01:30:12,364 [WARN] ModelIntegratedComponent:184 - Missing modes for component STMicroelectronics:FreeRTOS:0.0.1:STMicroelectronics:RTOS:FreeRTOS:Core:::10.2.0:
2023-05-01 01:30:12,401 [WARN] ModelIntegratedComponent:63 - No mode defined for component null
2023-05-01 01:30:12,403 [WARN] ModelIntegratedComponent:63 - No mode defined for component null
2023-05-01 01:30:12,405 [WARN] ModelIntegratedComponent:63 - No mode defined for component null
2023-05-01 01:30:12,406 [WARN] ModelIntegratedComponent:63 - No mode defined for component null
2023-05-01 01:30:12,408 [WARN] ModelIntegratedComponent:63 - No mode defined for component null
2023-05-01 01:30:12,409 [WARN] ModelIntegratedComponent:63 - No mode defined for component null
2023-05-01 01:30:12,409 [WARN] ModelIntegratedComponent:63 - No mode defined for component null
2023-05-01 01:30:12,410 [WARN] ModelIntegratedComponent:63 - No mode defined for component null
2023-05-01 01:30:12,410 [WARN] ModelIntegratedComponent:63 - No mode defined for component null
2023-05-01 01:30:12,410 [WARN] ModelIntegratedComponent:63 - No mode defined for component null
2023-05-01 01:30:12,410 [WARN] ModelIntegratedComponent:63 - No mode defined for component null
2023-05-01 01:30:12,411 [WARN] ModelIntegratedComponent:63 - No mode defined for component null
2023-05-01 01:30:12,411 [WARN] ModelIntegratedComponent:63 - No mode defined for component null
2023-05-01 01:30:12,411 [WARN] ModelIntegratedComponent:63 - No mode defined for component null
2023-05-01 01:30:12,411 [WARN] ModelIntegratedComponent:63 - No mode defined for component null
2023-05-01 01:30:12,411 [WARN] ModelIntegratedComponent:63 - No mode defined for component null
2023-05-01 01:30:12,411 [WARN] ModelIntegratedComponent:63 - No mode defined for component null
2023-05-01 01:30:12,411 [WARN] ModelIntegratedComponent:63 - No mode defined for component null
2023-05-01 01:30:12,411 [WARN] ModelIntegratedComponent:63 - No mode defined for component null
2023-05-01 01:30:12,412 [WARN] ModelIntegratedComponent:63 - No mode defined for component null
2023-05-01 01:30:12,412 [WARN] ModelIntegratedComponent:63 - No mode defined for component null
2023-05-01 01:30:12,412 [WARN] ModelIntegratedComponent:63 - No mode defined for component null
2023-05-01 01:30:12,412 [WARN] ModelIntegratedComponent:63 - No mode defined for component null
2023-05-01 01:30:12,412 [WARN] ModelIntegratedComponent:63 - No mode defined for component null
2023-05-01 01:30:12,412 [WARN] ModelIntegratedComponent:63 - No mode defined for component null
2023-05-01 01:30:12,413 [WARN] ModelIntegratedComponent:63 - No mode defined for component null
2023-05-01 01:30:12,413 [WARN] ModelIntegratedComponent:63 - No mode defined for component null
2023-05-01 01:30:12,414 [WARN] ModelIntegratedComponent:63 - No mode defined for component null
2023-05-01 01:30:12,414 [WARN] ModelIntegratedComponent:63 - No mode defined for component null
2023-05-01 01:30:12,414 [WARN] ModelIntegratedComponent:63 - No mode defined for component null
2023-05-01 01:30:12,414 [WARN] ModelIntegratedComponent:63 - No mode defined for component null
2023-05-01 01:30:12,414 [WARN] ModelIntegratedComponent:63 - No mode defined for component null
2023-05-01 01:30:12,414 [WARN] ModelIntegratedComponent:63 - No mode defined for component null
2023-05-01 01:30:12,615 [INFO] ThirdPartyModel:298 - Start build external matchings
2023-05-01 01:30:13,415 [INFO] ThirdPartyModel:316 - End build external matchings
2023-05-01 01:30:13,546 [INFO] ImportTextPane:194 - (OptionalMessage_ERROR) IP (RCC) : Parameter (ADCFreqValue) has invalid value (36000000)
2023-05-01 01:30:13,546 [INFO] ImportTextPane:194 - (OptionalMessage_ERROR) IP (RCC) : Invalid parameter (FamilyName)
2023-05-01 01:30:13,547 [INFO] ImportTextPane:194 - (OptionalMessage_ERROR) IP (RCC) : Parameter (MCOFreq_Value) has invalid value (72000000)
2023-05-01 01:30:13,549 [INFO] ImportTextPane:194 - (OptionalMessage_ERROR) IP (RCC) : Parameter (USBFreq_Value) has invalid value (72000000)
2023-05-01 01:30:14,760 [INFO] UtilMem:75 - End LoadConfig() Used Memory: 214376760 Bytes (487587840)
2023-05-01 01:30:15,027 [INFO] ApiDb:581 - Connected to CubeFinder SQLite database (C:\Users\BlueWhale\.stmcufinder\plugins\mcufinder\mcu\cube-finder-db.db)
2023-05-01 01:30:15,256 [INFO] ApiDb:668 - CubeFinder database Data Model version=2.1
2023-05-01 01:30:15,256 [INFO] ApiDb:669 - CubeFinder database Configuration version=3.0.35
2023-05-01 01:30:15,257 [INFO] ApiDb:670 - CubeFinder database generation date=2023-03-10 (1678456172)
2023-05-01 01:30:15,257 [INFO] ApiDb:671 - CubeFinder database FW Pack versions=[FP-ATR-ASTRA1_V1.1.1, STM32Cube_FW_C0_V1.0.1, STM32Cube_FW_F0_V1.11.4, STM32Cube_FW_F3_V1.11.4, STM32Cube_FW_F4_V1.27.1, STM32Cube_FW_F7_V1.17.0, STM32Cube_FW_G0_V1.6.1, STM32Cube_FW_G4_V1.5.1, STM32Cube_FW_H5_V0.5.1, STM32Cube_FW_H5_V1.0.0, STM32Cube_FW_H7_V1.11.0, STM32Cube_FW_L0_V1.12.2, STM32Cube_FW_L5_V1.5.0, STM32Cube_FW_U5_V1.2.0, STM32Cube_FW_WBA_V1.0.0, STM32Cube_FW_WBA_V1.0.0RC1, STM32Cube_FW_WBA_V1.0.0RC3, STM32Cube_FW_WB_V1.15.0RC1, STM32Cube_FW_WB_V1.16.0, STM32Cube_FW_WB_V1.16.0RC2, STM32Cube_FW_WL_V1.3.0, X-CUBE-ALGOBUILD_V1.3.0, X-CUBE-ALS_V1.0.1, X-CUBE-AZRTOS-F4_V1.1.0, X-CUBE-AZRTOS-F7_V1.1.0, X-CUBE-AZRTOS-G0_V1.1.0, X-CUBE-AZRTOS-G4_V1.0.0, X-CUBE-AZRTOS-H7_V3.0.0, X-CUBE-AZRTOS-L4_V1.0.0, X-CUBE-AZRTOS-L5_V1.1.0, X-CUBE-AZRTOS-WB_V1.1.0, X-CUBE-AZRTOS-WL_V1.0.0, X-CUBE-BLE1_V6.2.4, X-CUBE-BLE2_V3.3.0, X-CUBE-BLEMGR_V1.3.0, X-CUBE-EEPRMA1_V4.1.0, X-CUBE-GNSS1_V6.0.0, X-CUBE-MEMS1_V9.1.0, X-CUBE-MEMS1_V9.4.0, X-CUBE-MEMS1_V9.5.0, X-CUBE-NFC4_V3.0.0, X-CUBE-NFC7_V1.0.0, X-CUBE-SFXS2LP1_V4.0.0, X-CUBE-SUBG2_V5.0.0]
2023-05-01 01:30:20,539 [INFO] ApiDb:240 - Found 297 in-development CPN: [B-G473E-ZEST1S, B-WB1M-WPAN1, B-WL5M-SUBG1, NUCLEO-C031C6, NUCLEO-H503RB, NUCLEO-H563ZI, NUCLEO-U545RE-Q, NUCLEO-U5A5ZJ-Q, NUCLEO-WBA52CG, STEVAL-PROTEUS1, STEVAL-STWINBX1, STM320518-EVAL, STM32C0116-DK, STM32C011D6Y3TR, STM32C011D6Y6TR, STM32C011F4P3, STM32C011F4P6, STM32C011F4U3, STM32C011F4U6TR, STM32C011F6P3, STM32C011F6P6, STM32C011F6U3, STM32C011F6U6TR, STM32C011J4M3, STM32C011J4M6, STM32C011J6M3, STM32C011J6M6, STM32C0316-DK, STM32C031C4T3, STM32C031C4T6, STM32C031C4U3, STM32C031C4U6, STM32C031C6T3, STM32C031C6T6, STM32C031C6U3, STM32C031C6U6, STM32C031F4P3, STM32C031F4P6, STM32C031F6P3, STM32C031F6P6, STM32C031G4U3, STM32C031G4U6, STM32C031G6U3, STM32C031G6U6, STM32C031K4T3, STM32C031K4T6, STM32C031K4U3, STM32C031K4U6, STM32C031K6T3, STM32C031K6T6, STM32C031K6U3, STM32C031K6U6, STM32G071K8TXN, STM32G071K8UXN, STM32G081GBU6N, STM32G081KBT6N, STM32G081KBUXN, STM32G0B1CCT6N, STM32G0B1KCT6, STM32G0B1NEY6TR, STM32G0B1RCT6N, STM32G0C1CCT6, STM32G0C1CCT6N, STM32G0C1CCU6N, STM32G0C1CET6N, STM32G0C1CEU6N, STM32G0C1KCT6, STM32G0C1NEY6TR, STM32G0C1RCI6N, STM32G0C1RCT6N, STM32G0C1REI6N, STM32G0C1RET6N, STM32G0C1VCI6, STM32G0C1VEI6, STM32G471CCT6, STM32G471CCU6, STM32G471CET3, STM32G471CET6, STM32G471CEU3, STM32G471CEU6, STM32G471MCT6, STM32G471MET3, STM32G471MET6, STM32G471MEY6TR, STM32G471QCT6, STM32G471QET3, STM32G471RCT6, STM32G471RET3, STM32G471RET6, STM32G471VCH6, STM32G471VCI6, STM32G471VCT6, STM32G471VEH3, STM32G471VEH6, STM32G471VEI3, STM32G471VEI6, STM32G471VET3, STM32G471VET6, STM32G474CCT6, STM32H503CBT6, STM32H503CBU6, STM32H503EBY6TR, STM32H503KBU6, STM32H503RBT6, STM32H562AGI6, STM32H562AII6, STM32H562IGK6, STM32H562IGT6, STM32H562IIK6, STM32H562IIT6, STM32H562RGT6, STM32H562RGV6, STM32H562RIT6, STM32H562RIV6, STM32H562VGT6, STM32H562VIT6, STM32H562ZGT6, STM32H562ZIT6, STM32H563AGI6, STM32H563AII3Q, STM32H563AII6, STM32H563IGK6, STM32H563IGT6, STM32H563IIK3Q, STM32H563IIK6, STM32H563IIT3Q, STM32H563IIT6, STM32H563MIY3QTR, STM32H563RGT6, STM32H563RGV6, STM32H563RIT6, STM32H563RIV6, STM32H563VGT6, STM32H563VIT3Q, STM32H563VIT6, STM32H563ZGT6, STM32H563ZIT3Q, STM32H563ZIT6, STM32H573AII3Q, STM32H573AII6, STM32H573I-DK, STM32H573IIK3Q, STM32H573IIK6, STM32H573IIT3Q, STM32H573IIT6, STM32H573MIY3QTR, STM32H573RIT6, STM32H573RIV6, STM32H573VIT3Q, STM32H573VIT6, STM32H573ZIT3Q, STM32H573ZIT6, STM32L4R5QGI6STR, STM32MP131AAE3, STM32MP131AAF3, STM32MP131AAG3, STM32MP131CAE3, STM32MP131CAF3, STM32MP131CAG3, STM32MP131DAE7, STM32MP131DAF7, STM32MP131DAG7, STM32MP131FAE7, STM32MP131FAF7, STM32MP131FAG7, STM32MP133AAE3, STM32MP133AAF3, STM32MP133AAG3, STM32MP133CAE3, STM32MP133CAF3, STM32MP133CAG3, STM32MP133DAE7, STM32MP133DAF7, STM32MP133DAG7, STM32MP133FAE7, STM32MP133FAF7, STM32MP133FAG7, STM32MP135AAE3, STM32MP135AAF3, STM32MP135AAG3, STM32MP135CAE3, STM32MP135CAF3, STM32MP135CAG3, STM32MP135DAE7, STM32MP135DAF7, STM32MP135DAG7, STM32MP135F-DK, STM32MP135FAE7, STM32MP135FAF7, STM32MP135FAF7T, STM32MP135FAF7U, STM32MP135FAG7, STM32U535CBT6, STM32U535CBT6Q, STM32U535CBU6, STM32U535CBU6Q, STM32U535CCT6, STM32U535CCT6Q, STM32U535CCU6, STM32U535CCU6Q, STM32U535CET6, STM32U535CET6Q, STM32U535CEU6, STM32U535CEU6Q, STM32U535JEY6QTR, STM32U535NCY6QTR, STM32U535NEY6QTR, STM32U535RBI6, STM32U535RBI6Q, STM32U535RBT6, STM32U535RBT6Q, STM32U535RCI6, STM32U535RCI6Q, STM32U535RCT6, STM32U535RCT6Q, STM32U535REI6, STM32U535REI6Q, STM32U535RET6, STM32U535RET6Q, STM32U535VCI6, STM32U535VCI6Q, STM32U535VCT6, STM32U535VCT6Q, STM32U535VEI6, STM32U535VEI6Q, STM32U535VET6, STM32U535VET6Q, STM32U545CET6, STM32U545CET6Q, STM32U545CEU6, STM32U545CEU6Q, STM32U545JEY6QTR, STM32U545NEY6QTR, STM32U545REI6, STM32U545REI6Q, STM32U545RET6, STM32U545RET6Q, STM32U545VEI6, STM32U545VEI6Q, STM32U545VET6, STM32U545VET6Q, STM32U595AIH6, STM32U595AIH6Q, STM32U595AJH6, STM32U595AJH6Q, STM32U595QII6, STM32U595QII6Q, STM32U595QJI6, STM32U595QJI6Q, STM32U595RIT6, STM32U595RIT6Q, STM32U595RJT6, STM32U595RJT6Q, STM32U595VIT6, STM32U595VIT6Q, STM32U595VJT6, STM32U595VJT6Q, STM32U595ZIT6, STM32U595ZIT6Q, STM32U595ZIY6QTR, STM32U595ZJT6, STM32U595ZJT6Q, STM32U595ZJY6QTR, STM32U599BJY6QTR, STM32U599NIH6Q, STM32U599NJH6Q, STM32U599VIT6Q, STM32U599VJT6, STM32U599VJT6Q, STM32U599ZIT6Q, STM32U599ZIY6QTR, STM32U599ZJT6Q, STM32U599ZJY6QTR, STM32U5A5AJH6, STM32U5A5AJH6Q, STM32U5A5QJI6, STM32U5A5QJI6Q, STM32U5A5RJT6, STM32U5A5RJT6Q, STM32U5A5VJT6, STM32U5A5VJT6Q, STM32U5A5ZJT6, STM32U5A5ZJT6Q, STM32U5A5ZJY6QTR, STM32U5A9BJY6QTR, STM32U5A9J-DK, STM32U5A9NJH6Q, STM32U5A9VJT6Q, STM32U5A9ZJT6Q, STM32U5A9ZJY6QTR, STM32WB1MMCH6, STM32WBA52CEU6, STM32WBA52CEU6T, STM32WBA52CGU6, STM32WBA52CGU6T, STM32WL5MOCH6, STM32WL5MOCH6TR]
2023-05-01 01:30:20,544 [INFO] DbMcus:216 - Found 3775 MCUs, 3775 are supported
2023-05-01 01:30:20,558 [INFO] ApiDb:423 - Load user favorites file C:\Users\BlueWhale/.stm32cubeide/favorites.mcus.txt: 1 item(s)
2023-05-01 01:30:20,558 [INFO] ApiDb:427 - User favorites MCUs=[STM32F103C8T6]
2023-05-01 01:30:20,559 [INFO] DbMcus:222 - Set 1 / 1 favorites MCUs
2023-05-01 01:30:21,305 [WARN] ThirdParty:833 - waiting for thirdparty lock release [change project]
2023-05-01 01:30:21,305 [INFO] ThirdParty:835 - entering critical section [change project]
2023-05-01 01:30:21,306 [INFO] ThirdParty:1030 - CMSIS Pack Vendor :STMicroelectronics X-CUBE-ISPU 1.1.0
2023-05-01 01:30:21,306 [INFO] ThirdParty:1030 - CMSIS Pack Vendor :STMicroelectronics X-CUBE-GNSS1 6.0.0
2023-05-01 01:30:21,306 [INFO] ThirdParty:1030 - CMSIS Pack Vendor :STMicroelectronics USB_HOST 2.0.0
2023-05-01 01:30:21,306 [INFO] ThirdParty:1030 - CMSIS Pack Vendor :STMicroelectronics X-CUBE-AZRTOS-F4 1.1.0
2023-05-01 01:30:21,306 [INFO] ThirdParty:1030 - CMSIS Pack Vendor :STMicroelectronics LIBJPEG 8.0.0
2023-05-01 01:30:21,306 [INFO] ThirdParty:1030 - CMSIS Pack Vendor :STMicroelectronics X-CUBE-SMBUS 2.1.0
2023-05-01 01:30:21,306 [INFO] ThirdParty:1030 - CMSIS Pack Vendor :wolfSSL I-CUBE-wolfSSL 5.6.0
2023-05-01 01:30:21,307 [INFO] ThirdParty:1030 - CMSIS Pack Vendor :STMicroelectronics USB_DEVICE 3.0.0
2023-05-01 01:30:21,307 [INFO] ThirdParty:1030 - CMSIS Pack Vendor :STMicroelectronics X-CUBE-AI 8.0.0
2023-05-01 01:30:21,307 [INFO] ThirdParty:1030 - CMSIS Pack Vendor :STMicroelectronics X-CUBE-FREERTOS 1.0.1
2023-05-01 01:30:21,307 [INFO] ThirdParty:1030 - CMSIS Pack Vendor :STMicroelectronics X-CUBE-TOUCHGFX 4.21.3
2023-05-01 01:30:21,307 [INFO] ThirdParty:1030 - CMSIS Pack Vendor :STMicroelectronics X-CUBE-AZRTOS-F7 1.1.0
2023-05-01 01:30:21,307 [INFO] ThirdParty:1030 - CMSIS Pack Vendor :STMicroelectronics USB_DEVICE 2.0.0
2023-05-01 01:30:21,307 [INFO] ThirdParty:1030 - CMSIS Pack Vendor :STMicroelectronics X-CUBE-MEMS1 9.6.0
2023-05-01 01:30:21,307 [INFO] ThirdParty:1030 - CMSIS Pack Vendor :STMicroelectronics X-CUBE-ALGOBUILD 1.3.0
2023-05-01 01:30:21,307 [INFO] ThirdParty:1030 - CMSIS Pack Vendor :STMicroelectronics X-CUBE-BLE1 6.2.4
2023-05-01 01:30:21,307 [INFO] ThirdParty:1030 - CMSIS Pack Vendor :STMicroelectronics X-CUBE-AZRTOS-L5 1.1.0
2023-05-01 01:30:21,307 [INFO] ThirdParty:1030 - CMSIS Pack Vendor :STMicroelectronics FreeRTOS 0.0.1
2023-05-01 01:30:21,308 [INFO] ThirdParty:1030 - CMSIS Pack Vendor :emotas I-CUBE-CANOPEN 1.1.3
2023-05-01 01:30:21,308 [INFO] ThirdParty:1030 - CMSIS Pack Vendor :STMicroelectronics X-CUBE-AZRTOS-G0 1.1.0
2023-05-01 01:30:21,308 [INFO] ThirdParty:1030 - CMSIS Pack Vendor :STMicroelectronics X-CUBE-BLEMGR 2.0.0
2023-05-01 01:30:21,308 [INFO] ThirdParty:1030 - CMSIS Pack Vendor :STMicroelectronics X-CUBE-SUBG2 5.0.0
2023-05-01 01:30:21,308 [INFO] ThirdParty:1030 - CMSIS Pack Vendor :STMicroelectronics X-CUBE-NFC4 3.0.0
2023-05-01 01:30:21,308 [INFO] ThirdParty:1030 - CMSIS Pack Vendor :STMicroelectronics STM32_WPAN 1.0.0
2023-05-01 01:30:21,308 [INFO] ThirdParty:1030 - CMSIS Pack Vendor :STMicroelectronics lwIP 2.0.3
2023-05-01 01:30:21,308 [INFO] ThirdParty:1030 - CMSIS Pack Vendor :STMicroelectronics USB_HOST 1.0.0
2023-05-01 01:30:21,308 [INFO] ThirdParty:1030 - CMSIS Pack Vendor :STMicroelectronics X-CUBE-AZRTOS-G4 2.0.0
2023-05-01 01:30:21,308 [INFO] ThirdParty:1030 - CMSIS Pack Vendor :STMicroelectronics PDM2PCM 3.1.0
2023-05-01 01:30:21,309 [INFO] ThirdParty:1030 - CMSIS Pack Vendor :STMicroelectronics X-CUBE-AZRTOS-H7 3.1.0
2023-05-01 01:30:21,309 [INFO] ThirdParty:1030 - CMSIS Pack Vendor :STMicroelectronics X-CUBE-TOF1 3.3.0
2023-05-01 01:30:21,309 [INFO] ThirdParty:1030 - CMSIS Pack Vendor :STMicroelectronics PDM2PCM 3.3.0
2023-05-01 01:30:21,309 [INFO] ThirdParty:1030 - CMSIS Pack Vendor :STMicroelectronics X-CUBE-DISPLAY 3.0.0
2023-05-01 01:30:21,309 [INFO] ThirdParty:1030 - CMSIS Pack Vendor :STMicroelectronics X-CUBE-AZRTOS-G4 1.0.0
2023-05-01 01:30:21,309 [INFO] ThirdParty:1030 - CMSIS Pack Vendor :STMicroelectronics FP-ATR-SIGFOX1 3.2.0
2023-05-01 01:30:21,309 [INFO] ThirdParty:1030 - CMSIS Pack Vendor :STMicroelectronics X-CUBE-AZRTOS-L4 1.0.0
2023-05-01 01:30:21,309 [INFO] ThirdParty:1030 - CMSIS Pack Vendor :STMicroelectronics HAL Drivers 0.0.0
2023-05-01 01:30:21,309 [INFO] ThirdParty:1030 - CMSIS Pack Vendor :STMicroelectronics MBEDTLS 2.16.2
2023-05-01 01:30:21,309 [INFO] ThirdParty:1030 - CMSIS Pack Vendor :STMicroelectronics MBEDTLS 2.14.1
2023-05-01 01:30:21,310 [INFO] ThirdParty:1030 - CMSIS Pack Vendor :STMicroelectronics X-CUBE-NFC7 1.0.0
2023-05-01 01:30:21,310 [INFO] ThirdParty:1030 - CMSIS Pack Vendor :STMicroelectronics X-CUBE-AZRTOS-WL 1.0.0
2023-05-01 01:30:21,310 [INFO] ThirdParty:1030 - CMSIS Pack Vendor :STMicroelectronics X-CUBE-EEPRMA1 4.1.0
2023-05-01 01:30:21,310 [INFO] ThirdParty:1030 - CMSIS Pack Vendor :portGmbH I-Cube-SoM-uGOAL 1.1.0
2023-05-01 01:30:21,310 [INFO] ThirdParty:1030 - CMSIS Pack Vendor :STMicroelectronics X-CUBE-ALS 1.0.1
2023-05-01 01:30:21,310 [INFO] ThirdParty:1030 - CMSIS Pack Vendor :STMicroelectronics X-CUBE-MEMS1 9.5.0
2023-05-01 01:30:21,310 [INFO] ThirdParty:1030 - CMSIS Pack Vendor :STMicroelectronics ThreadX 1.0.0
2023-05-01 01:30:21,310 [INFO] ThirdParty:1030 - CMSIS Pack Vendor :STMicroelectronics X-CUBE-AZRTOS-WB 1.1.0
2023-05-01 01:30:21,310 [INFO] ThirdParty:1030 - CMSIS Pack Vendor :SEGGER I-CUBE-embOS 1.3.1
2023-05-01 01:30:21,311 [INFO] ThirdParty:1030 - CMSIS Pack Vendor :STMicroelectronics USB_DEVICE 1.0.0
2023-05-01 01:30:21,311 [INFO] ThirdParty:1030 - CMSIS Pack Vendor :STMicroelectronics ThreadX 0.0.2
2023-05-01 01:30:21,311 [INFO] ThirdParty:1030 - CMSIS Pack Vendor :WES I-CUBE-Cesium 1.3.0
2023-05-01 01:30:21,311 [INFO] ThirdParty:1030 - CMSIS Pack Vendor :STMicroelectronics FP-ATR-ASTRA1 2.0.0
2023-05-01 01:30:21,311 [INFO] ThirdParty:1030 - CMSIS Pack Vendor :STMicroelectronics lwIP 2.1.2
2023-05-01 01:30:21,311 [INFO] ThirdParty:1030 - CMSIS Pack Vendor :STMicroelectronics X-CUBE-SFXS2LP1 4.0.0
2023-05-01 01:30:21,311 [INFO] ThirdParty:1030 - CMSIS Pack Vendor :STMicroelectronics X-CUBE-BLE2 3.3.0
2023-05-01 01:30:21,311 [INFO] ThirdParty:1030 - CMSIS Pack Vendor :STMicroelectronics PDM2PCM 3.2.0
2023-05-01 01:30:21,311 [INFO] ThirdParty:841 - exiting critical section [change project]
2023-05-01 01:30:22,679 [INFO] PinOutPanel:1499 - setPackage(No Configuration,No Configuration)
2023-05-01 01:30:22,685 [INFO] PinOutPanel:1499 - setPackage(STM32F103C8Tx,LQFP48)
2023-05-01 01:30:24,638 [INFO] UtilMem:75 - Before build in PCC Used Memory: 255923136 Bytes (487587840)
2023-05-01 01:30:27,496 [INFO] UtilMem:75 - After build in PCC Used Memory: 258062408 Bytes (487587840)
2023-05-01 01:30:27,663 [INFO] IPUIPlugin:80 - create IPUIPlugin
2023-05-01 01:30:27,671 [INFO] IPUIPlugin:80 - create IPUIPlugin
2023-05-01 01:30:27,672 [INFO] IPUIPlugin:80 - create IPUIPlugin
2023-05-01 01:30:27,673 [INFO] IPUIPlugin:80 - create IPUIPlugin
2023-05-01 01:30:27,674 [INFO] IPUIPlugin:80 - create IPUIPlugin
2023-05-01 01:30:27,674 [INFO] IPUIPlugin:80 - create IPUIPlugin
2023-05-01 01:30:27,674 [INFO] IPUIPlugin:80 - create IPUIPlugin
2023-05-01 01:30:27,674 [INFO] IPUIPlugin:80 - create IPUIPlugin
2023-05-01 01:30:27,674 [INFO] IPUIPlugin:80 - create IPUIPlugin
2023-05-01 01:30:27,705 [INFO] IPUIPlugin:80 - create IPUIPlugin
2023-05-01 01:30:27,706 [INFO] IPUIPlugin:80 - create IPUIPlugin
2023-05-01 01:30:27,706 [INFO] IPUIPlugin:80 - create IPUIPlugin
2023-05-01 01:30:27,706 [INFO] IPUIPlugin:80 - create IPUIPlugin
2023-05-01 01:30:27,712 [INFO] IPUIPlugin:80 - create IPUIPlugin
2023-05-01 01:30:27,712 [INFO] IPUIPlugin:80 - create IPUIPlugin
2023-05-01 01:30:27,713 [INFO] IPUIPlugin:80 - create IPUIPlugin
2023-05-01 01:30:27,713 [INFO] IPUIPlugin:80 - create IPUIPlugin
2023-05-01 01:30:27,715 [INFO] IPUIPlugin:80 - create IPUIPlugin
2023-05-01 01:30:27,716 [INFO] IPUIPlugin:80 - create IPUIPlugin
2023-05-01 01:30:27,716 [INFO] IPUIPlugin:80 - create IPUIPlugin
2023-05-01 01:30:27,717 [INFO] IPUIPlugin:80 - create IPUIPlugin
2023-05-01 01:30:27,718 [INFO] IPUIPlugin:80 - create IPUIPlugin
2023-05-01 01:30:27,719 [INFO] IPUIPlugin:80 - create IPUIPlugin
2023-05-01 01:30:27,720 [INFO] IPUIPlugin:80 - create IPUIPlugin
2023-05-01 01:30:27,720 [INFO] IPUIPlugin:80 - create IPUIPlugin
2023-05-01 01:30:27,721 [INFO] IPUIPlugin:80 - create IPUIPlugin
2023-05-01 01:30:27,721 [INFO] IPUIPlugin:80 - create IPUIPlugin
2023-05-01 01:30:28,489 [INFO] CADModel:165 - CPN selected for project levelSTM32F103C8T6
2023-05-01 01:30:28,489 [INFO] CADModel:114 - Register for checkConnection events
2023-05-01 01:30:28,541 [INFO] OpenFileManager:328 - Restore cursor
2023-05-01 01:40:48,288 [INFO] UtilMem:75 - End SaveConfig() Used Memory: 233616560 Bytes (487587840)
2023-05-01 01:40:51,095 [INFO] UtilMem:75 - End SaveConfig() Used Memory: 251910896 Bytes (487587840)
2023-05-01 01:40:58,244 [INFO] UtilMem:75 - End SaveConfig() Used Memory: 326963448 Bytes (487587840)
2023-05-01 01:40:59,510 [INFO] BlockDiagram:2759 - set Specific Code input for plugin: NVIC
2023-05-01 01:40:59,510 [INFO] BlockDiagram:2759 - set Specific Code input for plugin: USART
2023-05-01 01:40:59,510 [INFO] BlockDiagram:2759 - set Specific Code input for plugin: TIM1_8F1
2023-05-01 01:40:59,511 [INFO] BlockDiagram:2759 - set Specific Code input for plugin: TIM1_8F1
2023-05-01 01:40:59,511 [INFO] BlockDiagram:2759 - set Specific Code input for plugin: TIM1_8F1
2023-05-01 01:40:59,511 [INFO] BlockDiagram:2759 - set Specific Code input for plugin: TIM1_8F1
2023-05-01 01:40:59,511 [INFO] BlockDiagram:2759 - set Specific Code input for plugin: SYS
2023-05-01 01:40:59,512 [INFO] BlockDiagram:2759 - set Specific Code input for plugin: GPIO
2023-05-01 01:40:59,514 [INFO] BlockDiagram:2759 - set Specific Code input for plugin: RCC
2023-05-01 01:40:59,516 [INFO] CodeGenerator:793 - code generatio: config db path: D:\STM32CUBEIDE\STM32CubeIDE_1.12.0\STM32CubeIDE\plugins\com.st.stm32cube.common.mx_6.8.1.202304191431\\db\
2023-05-01 01:41:00,897 [INFO] CodeEngine:255 - oldGeneratedFile, C:\Users\BlueWhale\Desktop\PID-187f9f766858422ee6c65cbc2614a88984a946de\MXTmpFiles\license.tmp_save
2023-05-01 01:41:01,881 [INFO] CodeEngine:279 - Generated code: C:\Users\BlueWhale\Desktop\PID-187f9f766858422ee6c65cbc2614a88984a946de\MXTmpFiles\license.tmp
2023-05-01 01:41:02,399 [INFO] CodeEngine:255 - oldGeneratedFile, C:\Users\BlueWhale\Desktop\PID-187f9f766858422ee6c65cbc2614a88984a946de\Core\Src\gpio.c_save
2023-05-01 01:41:02,750 [INFO] CodeEngine:279 - Generated code: C:\Users\BlueWhale\Desktop\PID-187f9f766858422ee6c65cbc2614a88984a946de\Core\Src\gpio.c
2023-05-01 01:41:02,938 [INFO] CodeEngine:255 - oldGeneratedFile, C:\Users\BlueWhale\Desktop\PID-187f9f766858422ee6c65cbc2614a88984a946de\Core\Inc\gpio.h_save
2023-05-01 01:41:03,300 [INFO] CodeEngine:279 - Generated code: C:\Users\BlueWhale\Desktop\PID-187f9f766858422ee6c65cbc2614a88984a946de\Core\Inc\gpio.h
2023-05-01 01:41:04,262 [INFO] CodeEngine:255 - oldGeneratedFile, C:\Users\BlueWhale\Desktop\PID-187f9f766858422ee6c65cbc2614a88984a946de\Core\Src\tim.c_save
2023-05-01 01:41:05,308 [INFO] CodeEngine:279 - Generated code: C:\Users\BlueWhale\Desktop\PID-187f9f766858422ee6c65cbc2614a88984a946de\Core\Src\tim.c
2023-05-01 01:41:05,337 [INFO] CodeEngine:255 - oldGeneratedFile, C:\Users\BlueWhale\Desktop\PID-187f9f766858422ee6c65cbc2614a88984a946de\Core\Inc\tim.h_save
2023-05-01 01:41:05,696 [INFO] CodeEngine:279 - Generated code: C:\Users\BlueWhale\Desktop\PID-187f9f766858422ee6c65cbc2614a88984a946de\Core\Inc\tim.h
2023-05-01 01:41:05,744 [INFO] CodeEngine:255 - oldGeneratedFile, C:\Users\BlueWhale\Desktop\PID-187f9f766858422ee6c65cbc2614a88984a946de\Core\Src\usart.c_save
2023-05-01 01:41:06,139 [INFO] CodeEngine:279 - Generated code: C:\Users\BlueWhale\Desktop\PID-187f9f766858422ee6c65cbc2614a88984a946de\Core\Src\usart.c
2023-05-01 01:41:06,149 [INFO] CodeEngine:255 - oldGeneratedFile, C:\Users\BlueWhale\Desktop\PID-187f9f766858422ee6c65cbc2614a88984a946de\Core\Inc\usart.h_save
2023-05-01 01:41:06,439 [INFO] CodeEngine:279 - Generated code: C:\Users\BlueWhale\Desktop\PID-187f9f766858422ee6c65cbc2614a88984a946de\Core\Inc\usart.h
2023-05-01 01:41:06,624 [INFO] CodeEngine:255 - oldGeneratedFile, C:\Users\BlueWhale\Desktop\PID-187f9f766858422ee6c65cbc2614a88984a946de\Core\Src\stm32f1xx_it.c_save
2023-05-01 01:41:07,009 [INFO] CodeEngine:279 - Generated code: C:\Users\BlueWhale\Desktop\PID-187f9f766858422ee6c65cbc2614a88984a946de\Core\Src\stm32f1xx_it.c
2023-05-01 01:41:07,066 [INFO] CodeEngine:255 - oldGeneratedFile, C:\Users\BlueWhale\Desktop\PID-187f9f766858422ee6c65cbc2614a88984a946de\Core\Inc\stm32f1xx_it.h_save
2023-05-01 01:41:07,352 [INFO] CodeEngine:279 - Generated code: C:\Users\BlueWhale\Desktop\PID-187f9f766858422ee6c65cbc2614a88984a946de\Core\Inc\stm32f1xx_it.h
2023-05-01 01:41:07,447 [INFO] CodeEngine:255 - oldGeneratedFile, C:\Users\BlueWhale\Desktop\PID-187f9f766858422ee6c65cbc2614a88984a946de\Core\Src\stm32f1xx_hal_msp.c_save
2023-05-01 01:41:07,730 [INFO] CodeEngine:279 - Generated code: C:\Users\BlueWhale\Desktop\PID-187f9f766858422ee6c65cbc2614a88984a946de\Core\Src\stm32f1xx_hal_msp.c
2023-05-01 01:41:07,749 [INFO] CodeEngine:255 - oldGeneratedFile, C:\Users\BlueWhale\Desktop\PID-187f9f766858422ee6c65cbc2614a88984a946de\MXTmpFiles\system.tmp_save
2023-05-01 01:41:07,914 [INFO] CodeEngine:279 - Generated code: C:\Users\BlueWhale\Desktop\PID-187f9f766858422ee6c65cbc2614a88984a946de\MXTmpFiles\system.tmp
2023-05-01 01:41:07,963 [INFO] CodeEngine:311 - oldGeneratedFile, C:\Users\BlueWhale\Desktop\PID-187f9f766858422ee6c65cbc2614a88984a946de\Core\Inc\stm32f1xx_hal_conf.h_save
2023-05-01 01:41:08,180 [INFO] CodeEngine:335 - Generated code: C:\Users\BlueWhale\Desktop\PID-187f9f766858422ee6c65cbc2614a88984a946de\Core\Inc\stm32f1xx_hal_conf.h
2023-05-01 01:41:08,500 [INFO] CodeEngine:255 - oldGeneratedFile, C:\Users\BlueWhale\Desktop\PID-187f9f766858422ee6c65cbc2614a88984a946de\Core\Inc\main.h_save
2023-05-01 01:41:09,274 [INFO] CodeEngine:279 - Generated code: C:\Users\BlueWhale\Desktop\PID-187f9f766858422ee6c65cbc2614a88984a946de\Core\Inc\main.h
2023-05-01 01:41:09,333 [INFO] CodeEngine:255 - oldGeneratedFile, C:\Users\BlueWhale\Desktop\PID-187f9f766858422ee6c65cbc2614a88984a946de\Core\Src\main.c_save
2023-05-01 01:41:09,812 [INFO] CodeEngine:279 - Generated code: C:\Users\BlueWhale\Desktop\PID-187f9f766858422ee6c65cbc2614a88984a946de\Core\Src\main.c
2023-05-01 01:41:13,517 [INFO] ProjectBuilder:2996 - Time for Copy HAL[1] : 1493mS.
2023-05-01 01:41:13,621 [INFO] ProjectBuilder:4304 - Project Generator version: 3.19.2
2023-05-01 01:41:14,815 [INFO] ConfigFileManager:1483 - The Die is : DIE410
2023-05-01 01:41:14,862 [INFO] ApiDbMcu:507 - Load IP Config File for FATFS
2023-05-01 01:41:14,879 [INFO] ApiDbMcu:507 - Load IP Config File for FREERTOS
2023-05-01 01:41:14,901 [INFO] ApiDbMcu:507 - Load IP Config File for USB_DEVICE
