2023-05-03 16:09:54,720 [INFO] Activator:176 - 


2023-05-03 16:09:54,738 [INFO] Activator:177 - !SESSION log4j initialized
2023-05-03 16:10:10,200 [INFO] LogOutputStream:77 - [STDOUT_REDIRECT] 
2023-05-03 16:10:38,419 [ERROR] LogOutputStream:75 - [STDERR_REDIRECT] SLF4J: Failed to load class "org.slf4j.impl.StaticLoggerBinder".
2023-05-03 16:10:38,421 [ERROR] LogOutputStream:75 - [STDERR_REDIRECT] SLF4J: Defaulting to no-operation (NOP) logger implementation
2023-05-03 16:10:38,426 [ERROR] LogOutputStream:75 - [STDERR_REDIRECT] SLF4J: See http://www.slf4j.org/codes.html#StaticLoggerBinder for further details.
2023-05-03 16:18:01,723 [INFO] ApplicationProperties:184 - Using Application install path: D:\STM32CUBEIDE\STM32CubeIDE_1.12.0\STM32CubeIDE\plugins\com.st.stm32cube.common.mx_6.8.1.202304191431
2023-05-03 16:18:01,802 [INFO] DbMcusXml:78 - Set database path to: D:\STM32CUBEIDE\STM32CubeIDE_1.12.0\STM32CubeIDE\plugins\com.st.stm32cube.common.mx_6.8.1.202304191431\\db\/mcu/
2023-05-03 16:18:01,803 [INFO] ApiDb:274 - Set plugin database path to: D:\STM32CUBEIDE\STM32CubeIDE_1.12.0\STM32CubeIDE\plugins\com.st.stm32cube.common.mx_6.8.1.202304191431\\db\/plugins/boardmanager/
2023-05-03 16:18:01,806 [WARN] ApiDb:259 - Overriding images path with different value:  => D:\STM32CUBEIDE\STM32CubeIDE_1.12.0\STM32CubeIDE\plugins\com.st.stm32cube.common.mx_6.8.1.202304191431\\db\/plugins/mcufinder/images/
2023-05-03 16:18:01,897 [INFO] ApiDb:250 - Set database path to: C:\Users\BlueWhale\.stmcufinder\plugins\mcufinder//mcu/
2023-05-03 16:18:01,900 [INFO] DbMcusAds:125 - Set database path to: C:\Users\BlueWhale\.stmcufinder\plugins\mcufinder//mcu/
2023-05-03 16:18:01,911 [INFO] CrossReferenceDbSqlite:203 - Set database path to: C:\Users\BlueWhale\.stmcufinder\plugins\mcufinder//mcu/cs/
2023-05-03 16:18:02,256 [INFO] RulesReader:64 - Compatibility file has been processed (293 Rules)
2023-05-03 16:18:02,480 [INFO] DbMcusXml:78 - Set database path to: D:\STM32CUBEIDE\STM32CubeIDE_1.12.0\STM32CubeIDE\plugins\com.st.stm32cube.common.mx_6.8.1.202304191431\\db\/mcu/
2023-05-03 16:18:02,481 [INFO] ApiDb:274 - Set plugin database path to: D:\STM32CUBEIDE\STM32CubeIDE_1.12.0\STM32CubeIDE\plugins\com.st.stm32cube.common.mx_6.8.1.202304191431\\db\/plugins/boardmanager/
2023-05-03 16:18:02,482 [INFO] ApiDb:261 - Set plugin images path to: D:\STM32CUBEIDE\STM32CubeIDE_1.12.0\STM32CubeIDE\plugins\com.st.stm32cube.common.mx_6.8.1.202304191431\\db\/plugins/mcufinder/images/
2023-05-03 16:18:02,485 [WARN] DbFile:41 - Overriding database path with different value: C:\Users\BlueWhale\.stmcufinder\plugins\mcufinder/ => C:\Users\BlueWhale\.stmcufinder\plugins\mcufinder
2023-05-03 16:18:02,486 [INFO] ApiDb:250 - Set database path to: C:\Users\BlueWhale\.stmcufinder\plugins\mcufinder//mcu/
2023-05-03 16:18:02,486 [WARN] DbFile:41 - Overriding database path with different value: C:\Users\BlueWhale\.stmcufinder\plugins\mcufinder/ => C:\Users\BlueWhale\.stmcufinder\plugins\mcufinder
2023-05-03 16:18:02,486 [INFO] DbMcusAds:125 - Set database path to: C:\Users\BlueWhale\.stmcufinder\plugins\mcufinder//mcu/
2023-05-03 16:18:02,487 [WARN] DbFile:41 - Overriding database path with different value: C:\Users\BlueWhale\.stmcufinder\plugins\mcufinder/ => C:\Users\BlueWhale\.stmcufinder\plugins\mcufinder
2023-05-03 16:18:02,487 [WARN] DbFile:41 - Overriding database path with different value: C:\Users\BlueWhale\.stmcufinder\plugins\mcufinder/ => C:\Users\BlueWhale\.stmcufinder\plugins\mcufinder
2023-05-03 16:18:02,487 [INFO] CrossReferenceDbSqlite:203 - Set database path to: C:\Users\BlueWhale\.stmcufinder\plugins\mcufinder//mcu/cs/
2023-05-03 16:18:02,755 [INFO] MainPanel:253 - HeapMemory: 473956352
2023-05-03 16:18:03,029 [INFO] DbMcusXml:78 - Set database path to: D:\STM32CUBEIDE\STM32CubeIDE_1.12.0\STM32CubeIDE\plugins\com.st.stm32cube.common.mx_6.8.1.202304191431\\db\/mcu/
2023-05-03 16:18:03,029 [INFO] ApiDb:274 - Set plugin database path to: D:\STM32CUBEIDE\STM32CubeIDE_1.12.0\STM32CubeIDE\plugins\com.st.stm32cube.common.mx_6.8.1.202304191431\\db\/plugins/boardmanager/
2023-05-03 16:18:03,030 [INFO] ApiDb:261 - Set plugin images path to: D:\STM32CUBEIDE\STM32CubeIDE_1.12.0\STM32CubeIDE\plugins\com.st.stm32cube.common.mx_6.8.1.202304191431\\db\/plugins/mcufinder/images/
2023-05-03 16:18:03,032 [WARN] DbFile:41 - Overriding database path with different value: C:\Users\BlueWhale\.stmcufinder\plugins\mcufinder/ => C:\Users\BlueWhale\.stmcufinder\plugins\mcufinder
2023-05-03 16:18:03,032 [INFO] ApiDb:250 - Set database path to: C:\Users\BlueWhale\.stmcufinder\plugins\mcufinder//mcu/
2023-05-03 16:18:03,032 [WARN] DbFile:41 - Overriding database path with different value: C:\Users\BlueWhale\.stmcufinder\plugins\mcufinder/ => C:\Users\BlueWhale\.stmcufinder\plugins\mcufinder
2023-05-03 16:18:03,032 [INFO] DbMcusAds:125 - Set database path to: C:\Users\BlueWhale\.stmcufinder\plugins\mcufinder//mcu/
2023-05-03 16:18:03,033 [WARN] DbFile:41 - Overriding database path with different value: C:\Users\BlueWhale\.stmcufinder\plugins\mcufinder/ => C:\Users\BlueWhale\.stmcufinder\plugins\mcufinder
2023-05-03 16:18:03,033 [WARN] DbFile:41 - Overriding database path with different value: C:\Users\BlueWhale\.stmcufinder\plugins\mcufinder/ => C:\Users\BlueWhale\.stmcufinder\plugins\mcufinder
2023-05-03 16:18:03,034 [INFO] CrossReferenceDbSqlite:203 - Set database path to: C:\Users\BlueWhale\.stmcufinder\plugins\mcufinder//mcu/cs/
2023-05-03 16:18:03,075 [INFO] ApplicationProperties:184 - Using Application install path: D:\STM32CUBEIDE\STM32CubeIDE_1.12.0\STM32CubeIDE\plugins\com.st.stm32cube.common.mx_6.8.1.202304191431
2023-05-03 16:18:03,079 [INFO] PluginManage:196 - Search for loadable plugins [exclusion list=, ]
2023-05-03 16:18:03,083 [INFO] PluginManage:310 - Check plugin analytics
2023-05-03 16:18:03,530 [INFO] AnalyticsPlugin:253 - Accepted Software Licenses: STM32CubeMX.6.8.0
2023-05-03 16:18:03,531 [INFO] AnalyticsPlugin:255 - Accepted CMSIS Pack Licenses: 
2023-05-03 16:18:03,531 [INFO] AnalyticsPlugin:257 - Accepted Firmware Licenses: 
2023-05-03 16:18:03,551 [INFO] PluginManage:359 - Loaded plugin analytics (category:tool,tabindex:-1)
2023-05-03 16:18:03,551 [INFO] PluginManage:310 - Check plugin cadmodel
2023-05-03 16:18:03,705 [INFO] CADModel:105 - Init CAD model plugin
2023-05-03 16:18:03,706 [INFO] PluginManage:359 - Loaded plugin cadmodel (category:power,tabindex:5)
2023-05-03 16:18:03,706 [INFO] PluginManage:310 - Check plugin clock
2023-05-03 16:18:03,929 [INFO] PluginManage:359 - Loaded plugin clock (category:base,tabindex:2)
2023-05-03 16:18:03,930 [INFO] PluginManage:310 - Check plugin ddr
2023-05-03 16:18:03,936 [INFO] PluginManage:359 - Loaded plugin ddr (category:tool,tabindex:6)
2023-05-03 16:18:03,937 [INFO] PluginManage:310 - Check plugin filemanager
2023-05-03 16:18:04,336 [INFO] PluginManage:359 - Loaded plugin filemanager (category:base,tabindex:10)
2023-05-03 16:18:04,337 [INFO] PluginManage:310 - Check plugin ipmanager
2023-05-03 16:18:04,359 [INFO] PluginManage:359 - Loaded plugin ipmanager (category:base,tabindex:5)
2023-05-03 16:18:04,360 [INFO] PluginManage:310 - Check plugin lpbam
2023-05-03 16:18:04,562 [INFO] PluginManage:359 - Loaded plugin lpbam (category:base,tabindex:0)
2023-05-03 16:18:04,562 [INFO] PluginManage:310 - Check plugin pinoutandconfiguration
2023-05-03 16:18:04,631 [INFO] PluginManage:359 - Loaded plugin pinoutandconfiguration (category:base,tabindex:1)
2023-05-03 16:18:04,631 [INFO] PluginManage:310 - Check plugin pinoutconfig
2023-05-03 16:18:04,943 [WARN] SupportedApi:132 - Cannot load RTOS API schema: s4s-elt-must-match.1: The content of 'definitions' must match (annotation?, (simpleType | complexType)?, (unique | key | keyref)*)). A problem was found starting at: attribute.
2023-05-03 16:18:05,593 [INFO] PluginManage:359 - Loaded plugin pinoutconfig (category:base,tabindex:0)
2023-05-03 16:18:05,593 [INFO] PluginManage:310 - Check plugin power
2023-05-03 16:18:05,813 [INFO] PluginManage:359 - Loaded plugin power (category:power,tabindex:4)
2023-05-03 16:18:05,814 [INFO] PluginManage:310 - Check plugin projectmanager
2023-05-03 16:18:06,161 [INFO] PluginManage:359 - Loaded plugin projectmanager (category:projectmanager,tabindex:3)
2023-05-03 16:18:06,162 [INFO] PluginManage:310 - Check plugin thirdparty
2023-05-03 16:18:07,270 [INFO] PluginManage:359 - Loaded plugin thirdparty (category:base,tabindex:-1)
2023-05-03 16:18:07,270 [INFO] PluginManage:310 - Check plugin tools
2023-05-03 16:18:07,272 [WARN] IntegrityCheckThread:84 - waiting for thirdparty lock release [integrity check]
2023-05-03 16:18:07,273 [INFO] IntegrityCheckThread:86 - entering critical section [integrity check]
2023-05-03 16:18:07,278 [INFO] ThirdPartyUpdaterWithRetryManager:70 - Updater plugin not ready yet. [1/15]
2023-05-03 16:18:07,353 [INFO] PluginManage:359 - Loaded plugin tools (category:base,tabindex:7)
2023-05-03 16:18:07,353 [INFO] PluginManage:310 - Check plugin tutovideos
2023-05-03 16:18:08,162 [INFO] PluginManage:359 - Loaded plugin tutovideos (category:base,tabindex:-1)
2023-05-03 16:18:08,166 [INFO] PluginManage:310 - Check plugin updater
2023-05-03 16:18:08,358 [INFO] PluginManage:359 - Loaded plugin updater (category:base,tabindex:12)
2023-05-03 16:18:08,360 [INFO] PluginManage:283 - PluginManage : Loaded plugins [15]
2023-05-03 16:18:09,411 [INFO] PinOutPanel:1499 - setPackage(No Configuration,No Configuration)
2023-05-03 16:18:09,640 [INFO] CADModel:165 - CPN selected for project level
2023-05-03 16:18:09,641 [INFO] CADModel:114 - Register for checkConnection events
2023-05-03 16:18:09,721 [INFO] IPUIPlugin:80 - create IPUIPlugin
2023-05-03 16:18:09,722 [INFO] PluginManager:220 - loadIPPluginJar : add adc
2023-05-03 16:18:09,944 [INFO] IPUIPlugin:80 - create IPUIPlugin
2023-05-03 16:18:09,944 [INFO] PluginManager:220 - loadIPPluginJar : add aes
2023-05-03 16:18:10,051 [INFO] IPUIPlugin:80 - create IPUIPlugin
2023-05-03 16:18:10,051 [INFO] PluginManager:220 - loadIPPluginJar : add can
2023-05-03 16:18:10,104 [INFO] IPUIPlugin:80 - create IPUIPlugin
2023-05-03 16:18:10,104 [INFO] PluginManager:220 - loadIPPluginJar : add comp
2023-05-03 16:18:10,174 [INFO] IPUIPlugin:80 - create IPUIPlugin
2023-05-03 16:18:10,174 [INFO] PluginManager:220 - loadIPPluginJar : add cryp
2023-05-03 16:18:10,236 [INFO] IPUIPlugin:80 - create IPUIPlugin
2023-05-03 16:18:10,236 [INFO] PluginManager:220 - loadIPPluginJar : add dfsdm
2023-05-03 16:18:10,269 [INFO] IPUIPlugin:80 - create IPUIPlugin
2023-05-03 16:18:10,271 [INFO] PluginManager:220 - loadIPPluginJar : add dma
2023-05-03 16:18:10,292 [INFO] ThirdPartyUpdaterWithRetryManager:70 - Updater plugin not ready yet. [2/15]
2023-05-03 16:18:10,387 [INFO] IPUIPlugin:80 - create IPUIPlugin
2023-05-03 16:18:10,387 [INFO] PluginManager:220 - loadIPPluginJar : add dma3
2023-05-03 16:18:10,425 [INFO] IPUIPlugin:80 - create IPUIPlugin
2023-05-03 16:18:10,425 [INFO] PluginManager:220 - loadIPPluginJar : add fatfs
2023-05-03 16:18:10,514 [INFO] IPUIPlugin:80 - create IPUIPlugin
2023-05-03 16:18:10,515 [INFO] PluginManager:220 - loadIPPluginJar : add fmc
2023-05-03 16:18:10,552 [INFO] IPUIPlugin:80 - create IPUIPlugin
2023-05-03 16:18:10,553 [INFO] PluginManager:220 - loadIPPluginJar : add freertos
2023-05-03 16:18:10,592 [INFO] IPUIPlugin:80 - create IPUIPlugin
2023-05-03 16:18:10,592 [INFO] PluginManager:220 - loadIPPluginJar : add genericplugin
2023-05-03 16:18:10,783 [INFO] IPUIPlugin:80 - create IPUIPlugin
2023-05-03 16:18:10,783 [INFO] PluginManager:220 - loadIPPluginJar : add gfxmmu
2023-05-03 16:18:11,034 [INFO] IPUIPlugin:80 - create IPUIPlugin
2023-05-03 16:18:11,034 [INFO] PluginManager:220 - loadIPPluginJar : add gic
2023-05-03 16:18:11,059 [INFO] IPUIPlugin:80 - create IPUIPlugin
2023-05-03 16:18:11,060 [INFO] PluginManager:220 - loadIPPluginJar : add gpio
2023-05-03 16:18:11,237 [INFO] IPUIPlugin:80 - create IPUIPlugin
2023-05-03 16:18:11,238 [INFO] PluginManager:220 - loadIPPluginJar : add gtzc
2023-05-03 16:18:11,305 [INFO] IPUIPlugin:80 - create IPUIPlugin
2023-05-03 16:18:11,305 [INFO] PluginManager:220 - loadIPPluginJar : add hash
2023-05-03 16:18:11,410 [INFO] IPUIPlugin:80 - create IPUIPlugin
2023-05-03 16:18:11,410 [INFO] PluginManager:220 - loadIPPluginJar : add i2c
2023-05-03 16:18:11,485 [INFO] IPUIPlugin:80 - create IPUIPlugin
2023-05-03 16:18:11,485 [INFO] PluginManager:220 - loadIPPluginJar : add i2s
2023-05-03 16:18:11,554 [INFO] IPUIPlugin:80 - create IPUIPlugin
2023-05-03 16:18:11,554 [INFO] PluginManager:220 - loadIPPluginJar : add i3c
2023-05-03 16:18:11,789 [INFO] IPUIPlugin:80 - create IPUIPlugin
2023-05-03 16:18:11,790 [INFO] PluginManager:220 - loadIPPluginJar : add ipddr
2023-05-03 16:18:11,959 [INFO] IPUIPlugin:80 - create IPUIPlugin
2023-05-03 16:18:11,959 [INFO] PluginManager:220 - loadIPPluginJar : add linkedlist
2023-05-03 16:18:12,021 [INFO] IPUIPlugin:80 - create IPUIPlugin
2023-05-03 16:18:12,021 [INFO] PluginManager:220 - loadIPPluginJar : add lorawan
2023-05-03 16:18:12,099 [INFO] IPUIPlugin:80 - create IPUIPlugin
2023-05-03 16:18:12,100 [INFO] PluginManager:220 - loadIPPluginJar : add ltdc
2023-05-03 16:18:12,126 [INFO] IPUIPlugin:80 - create IPUIPlugin
2023-05-03 16:18:12,127 [INFO] PluginManager:220 - loadIPPluginJar : add mdma
2023-05-03 16:18:12,152 [INFO] IPUIPlugin:80 - create IPUIPlugin
2023-05-03 16:18:12,152 [INFO] PluginManager:220 - loadIPPluginJar : add nvic
2023-05-03 16:18:12,238 [INFO] IPUIPlugin:80 - create IPUIPlugin
2023-05-03 16:18:12,238 [INFO] PluginManager:220 - loadIPPluginJar : add opamp
2023-05-03 16:18:12,355 [INFO] IPUIPlugin:80 - create IPUIPlugin
2023-05-03 16:18:12,355 [INFO] PluginManager:220 - loadIPPluginJar : add openamp
2023-05-03 16:18:12,427 [INFO] IPUIPlugin:80 - create IPUIPlugin
2023-05-03 16:18:12,427 [INFO] PluginManager:220 - loadIPPluginJar : add pdm2pcm
2023-05-03 16:18:12,460 [INFO] IPUIPlugin:80 - create IPUIPlugin
2023-05-03 16:18:12,471 [INFO] PluginManager:220 - loadIPPluginJar : add plateformsettings
2023-05-03 16:18:12,510 [INFO] IPUIPlugin:80 - create IPUIPlugin
2023-05-03 16:18:12,511 [INFO] PluginManager:220 - loadIPPluginJar : add quadspi
2023-05-03 16:18:12,541 [INFO] IPUIPlugin:80 - create IPUIPlugin
2023-05-03 16:18:12,541 [INFO] PluginManager:220 - loadIPPluginJar : add resmgrutility
2023-05-03 16:18:12,637 [INFO] IPUIPlugin:80 - create IPUIPlugin
2023-05-03 16:18:12,637 [INFO] PluginManager:220 - loadIPPluginJar : add sai
2023-05-03 16:18:12,694 [INFO] IPUIPlugin:80 - create IPUIPlugin
2023-05-03 16:18:12,694 [INFO] PluginManager:220 - loadIPPluginJar : add spi
2023-05-03 16:18:12,794 [INFO] IPUIPlugin:80 - create IPUIPlugin
2023-05-03 16:18:12,794 [INFO] PluginManager:220 - loadIPPluginJar : add stm32_wpan
2023-05-03 16:18:12,840 [INFO] IPUIPlugin:80 - create IPUIPlugin
2023-05-03 16:18:12,841 [INFO] PluginManager:220 - loadIPPluginJar : add tim
2023-05-03 16:18:13,003 [INFO] IPUIPlugin:80 - create IPUIPlugin
2023-05-03 16:18:13,004 [INFO] PluginManager:220 - loadIPPluginJar : add touchsensing
2023-05-03 16:18:13,042 [INFO] IPUIPlugin:80 - create IPUIPlugin
2023-05-03 16:18:13,042 [INFO] PluginManager:220 - loadIPPluginJar : add tracer_emb
2023-05-03 16:18:13,090 [INFO] IPUIPlugin:80 - create IPUIPlugin
2023-05-03 16:18:13,090 [INFO] PluginManager:220 - loadIPPluginJar : add ts
2023-05-03 16:18:13,135 [INFO] IPUIPlugin:80 - create IPUIPlugin
2023-05-03 16:18:13,135 [INFO] PluginManager:220 - loadIPPluginJar : add tsc
2023-05-03 16:18:13,170 [INFO] IPUIPlugin:80 - create IPUIPlugin
2023-05-03 16:18:13,170 [INFO] PluginManager:220 - loadIPPluginJar : add ucpd
2023-05-03 16:18:13,258 [INFO] IPUIPlugin:80 - create IPUIPlugin
2023-05-03 16:18:13,259 [INFO] PluginManager:220 - loadIPPluginJar : add usart
2023-05-03 16:18:13,300 [INFO] ThirdPartyUpdaterWithRetryManager:70 - Updater plugin not ready yet. [3/15]
2023-05-03 16:18:13,353 [INFO] IPUIPlugin:80 - create IPUIPlugin
2023-05-03 16:18:13,353 [INFO] PluginManager:220 - loadIPPluginJar : add usbx
2023-05-03 16:18:13,573 [INFO] CADModel:165 - CPN selected for project level
2023-05-03 16:18:13,573 [INFO] CADModel:114 - Register for checkConnection events
2023-05-03 16:18:13,574 [FATAL] Updater:308 - Updater called before beeing initialized
2023-05-03 16:18:13,574 [ERROR] CADModel:125 - Updater not yet initialized, retry later 
2023-05-03 16:18:13,904 [INFO] CADModel:165 - CPN selected for project level
2023-05-03 16:18:13,904 [INFO] CADModel:114 - Register for checkConnection events
2023-05-03 16:18:13,904 [FATAL] Updater:308 - Updater called before beeing initialized
2023-05-03 16:18:13,904 [ERROR] CADModel:125 - Updater not yet initialized, retry later 
2023-05-03 16:18:13,910 [FATAL] Updater:308 - Updater called before beeing initialized
2023-05-03 16:18:14,369 [FATAL] Updater:308 - Updater called before beeing initialized
2023-05-03 16:18:14,400 [INFO] DbMcusAds:53 - JSON generation date=Tue Mar 07 15:50:55 ICT 2023 (1678179055335)
2023-05-03 16:18:14,401 [FATAL] Updater:308 - Updater called before beeing initialized
2023-05-03 16:18:14,869 [WARN] DetailPanel:346 - Failed to get advertising image, set to default
2023-05-03 16:18:15,117 [FATAL] Updater:308 - Updater called before beeing initialized
2023-05-03 16:18:15,121 [FATAL] Updater:308 - Updater called before beeing initialized
2023-05-03 16:18:15,121 [FATAL] Updater:308 - Updater called before beeing initialized
2023-05-03 16:18:15,121 [WARN] DetailPanel:346 - Failed to get advertising image, set to default
2023-05-03 16:18:15,123 [FATAL] Updater:308 - Updater called before beeing initialized
2023-05-03 16:18:15,308 [ERROR] Updater:1120 - MainUpdater not yet initialized. External WinMGr cannot be set.
2023-05-03 16:18:15,337 [INFO] Updater:1056 - Updater Version found : 6.8.1
2023-05-03 16:18:15,391 [INFO] ApplicationProperties:184 - Using Application install path: D:\STM32CUBEIDE\STM32CubeIDE_1.12.0\STM32CubeIDE\plugins\com.st.stm32cube.common.mx_6.8.1.202304191431
2023-05-03 16:18:15,997 [INFO] MainUpdater:2854 - connection check result : 10
2023-05-03 16:18:15,999 [INFO] MainUpdater:283 - Updater Check For Update Now.
2023-05-03 16:18:16,000 [INFO] MicroXplorer:498 - Change Database Version : DB.6.0.81
2023-05-03 16:18:16,307 [WARN] MainUpdater:1187 - Updater busy. Cannot search thirdparties
2023-05-03 16:18:16,307 [INFO] ThirdPartyUpdaterWithRetryManager:96 - Updater plugin is busy. [1/15]
2023-05-03 16:18:16,331 [INFO] CheckServerUpdateThread:120 - End of CheckServer Thread
2023-05-03 16:18:16,468 [INFO] MainUpdater:2854 - connection check result : 10
2023-05-03 16:18:16,487 [INFO] MainUpdater:2854 - connection check result : 10
2023-05-03 16:18:16,846 [INFO] MicroXplorer:468 - Change Database Path : 
2023-05-03 16:18:16,847 [INFO] MicroXplorer:498 - Change Database Version : DB.6.0.81
2023-05-03 16:18:16,849 [WARN] ThirdParty:871 - waiting for thirdparty lock release [close project]
2023-05-03 16:18:19,966 [WARN] PackLoader:240 - Cannot read IP mode file for STMicroelectronics.X-CUBE-GNSS1.6.0.0
2023-05-03 16:18:20,319 [WARN] PackLoader:240 - Cannot read IP mode file for STMicroelectronics.X-CUBE-AZRTOS-F4.1.1.0
2023-05-03 16:18:20,385 [WARN] PackLoader:240 - Cannot read IP mode file for STMicroelectronics.X-CUBE-SMBUS.2.1.0
2023-05-03 16:18:20,449 [WARN] PackLoader:240 - Cannot read IP mode file for wolfSSL.I-CUBE-wolfSSL.5.6.0
2023-05-03 16:18:20,527 [WARN] PackLoader:240 - Cannot read IP mode file for STMicroelectronics.X-CUBE-AZRTOS-F7.1.1.0
2023-05-03 16:18:20,771 [WARN] PackLoader:240 - Cannot read IP mode file for STMicroelectronics.X-CUBE-MEMS1.9.6.0
2023-05-03 16:18:21,933 [WARN] PackLoader:240 - Cannot read IP mode file for STMicroelectronics.X-CUBE-BLE1.6.2.4
2023-05-03 16:18:22,579 [WARN] PackLoader:240 - Cannot read IP mode file for emotas.I-CUBE-CANOPEN.1.1.3
2023-05-03 16:18:22,967 [WARN] PackLoader:240 - Cannot read IP mode file for STMicroelectronics.X-CUBE-BLEMGR.2.0.0
2023-05-03 16:18:23,466 [WARN] ConditionMgr:438 - getConditionDescription Invalid condition id : UX DEVICE CLASS RTOS Condition cause : null
2023-05-03 16:18:23,467 [WARN] ConditionMgr:438 - getConditionDescription Invalid condition id : UX DEVICE CLASS RTOS Condition cause : null
2023-05-03 16:18:23,531 [WARN] PackLoader:240 - Cannot read IP mode file for STMicroelectronics.X-CUBE-AZRTOS-H7.3.1.0
2023-05-03 16:18:23,533 [WARN] ConditionMgr:1039 - genDependencies : Invalid condition id : UX DEVICE CLASS RTOS Condition cause : null
2023-05-03 16:18:23,535 [WARN] ConditionMgr:1039 - genDependencies : Invalid condition id : UX DEVICE CLASS RTOS Condition cause : null
2023-05-03 16:18:23,536 [WARN] ConditionMgr:1039 - genDependencies : Invalid condition id : UX DEVICE CLASS RTOS Condition cause : null
2023-05-03 16:18:23,537 [WARN] ConditionMgr:1039 - genDependencies : Invalid condition id : UX DEVICE CLASS RTOS Condition cause : null
2023-05-03 16:18:23,537 [WARN] ConditionMgr:1039 - genDependencies : Invalid condition id : UX DEVICE CLASS RTOS Condition cause : null
2023-05-03 16:18:24,189 [WARN] PackLoader:240 - Cannot read IP mode file for STMicroelectronics.X-CUBE-DISPLAY.3.0.0
2023-05-03 16:18:24,411 [WARN] PackLoader:240 - Cannot read IP mode file for STMicroelectronics.X-CUBE-NFC7.1.0.0
2023-05-03 16:18:24,522 [WARN] PackLoader:240 - Cannot read IP mode file for STMicroelectronics.X-CUBE-EEPRMA1.4.1.0
2023-05-03 16:18:24,563 [WARN] PackLoader:240 - Cannot read IP mode file for WES.I-CUBE-Cesium.1.3.0
2023-05-03 16:18:24,600 [WARN] PackLoader:240 - Cannot read IP mode file for STMicroelectronics.X-CUBE-SFXS2LP1.4.0.0
2023-05-03 16:18:24,957 [WARN] PackLoader:240 - Cannot read IP mode file for STMicroelectronics.X-CUBE-BLE2.3.3.0
2023-05-03 16:18:25,047 [WARN] PackLoader:240 - Cannot read IP mode file for STMicroelectronics.X-CUBE-ISPU.1.1.0
2023-05-03 16:18:25,181 [WARN] PackLoader:240 - Cannot read IP mode file for STMicroelectronics.X-CUBE-AI.8.0.0
2023-05-03 16:18:25,368 [WARN] PackLoader:240 - Cannot read IP mode file for STMicroelectronics.X-CUBE-FREERTOS.1.0.1
2023-05-03 16:18:25,427 [WARN] PackLoader:240 - Cannot read IP mode file for STMicroelectronics.X-CUBE-TOUCHGFX.4.21.3
2023-05-03 16:18:25,563 [WARN] PackLoader:240 - Cannot read IP mode file for STMicroelectronics.X-CUBE-ALGOBUILD.1.3.0
2023-05-03 16:18:25,635 [WARN] PackLoader:240 - Cannot read IP mode file for STMicroelectronics.X-CUBE-AZRTOS-L5.1.1.0
2023-05-03 16:18:25,767 [WARN] PackLoader:240 - Cannot read IP mode file for STMicroelectronics.X-CUBE-AZRTOS-G0.1.1.0
2023-05-03 16:18:25,823 [WARN] PackLoader:240 - Cannot read IP mode file for STMicroelectronics.X-CUBE-SUBG2.5.0.0
2023-05-03 16:18:26,436 [WARN] PackLoader:240 - Cannot read IP mode file for STMicroelectronics.X-CUBE-NFC4.3.0.0
2023-05-03 16:18:26,771 [WARN] PackLoader:240 - Cannot read IP mode file for STMicroelectronics.X-CUBE-AZRTOS-G4.2.0.0
2023-05-03 16:18:27,240 [WARN] PackLoader:240 - Cannot read IP mode file for STMicroelectronics.X-CUBE-TOF1.3.3.0
2023-05-03 16:18:27,846 [WARN] PackLoader:240 - Cannot read IP mode file for STMicroelectronics.X-CUBE-AZRTOS-G4.1.0.0
2023-05-03 16:18:28,179 [WARN] PackLoader:240 - Cannot read IP mode file for STMicroelectronics.FP-ATR-SIGFOX1.3.2.0
2023-05-03 16:18:28,271 [WARN] PackLoader:240 - Cannot read IP mode file for STMicroelectronics.X-CUBE-AZRTOS-L4.1.0.0
2023-05-03 16:18:28,597 [WARN] PackLoader:240 - Cannot read IP mode file for STMicroelectronics.X-CUBE-AZRTOS-WL.1.0.0
2023-05-03 16:18:28,691 [WARN] PackLoader:240 - Cannot read IP mode file for portGmbH.I-Cube-SoM-uGOAL.1.1.0
2023-05-03 16:18:29,533 [WARN] PackLoader:240 - Cannot read IP mode file for STMicroelectronics.X-CUBE-ALS.1.0.1
2023-05-03 16:18:30,005 [WARN] PackLoader:240 - Cannot read IP mode file for STMicroelectronics.X-CUBE-MEMS1.9.5.0
2023-05-03 16:18:32,372 [WARN] PackLoader:240 - Cannot read IP mode file for STMicroelectronics.X-CUBE-AZRTOS-WB.1.1.0
2023-05-03 16:18:32,782 [WARN] PackLoader:240 - Cannot read IP mode file for SEGGER.I-CUBE-embOS.1.3.1
2023-05-03 16:18:33,190 [WARN] PackLoader:240 - Cannot read IP mode file for STMicroelectronics.FP-ATR-ASTRA1.2.0.0
2023-05-03 16:18:33,196 [INFO] ThirdParty:978 - Integrity check success = true
2023-05-03 16:18:33,196 [INFO] IntegrityCheckThread:100 - exiting critical section [integrity check]
2023-05-03 16:18:33,197 [INFO] ThirdParty:873 - entering critical section [close project]
2023-05-03 16:18:33,201 [INFO] ThirdParty:883 - exiting critical section [close project]
2023-05-03 16:18:33,204 [INFO] IntegrityCheckThread:103 - End integrity checks thread
2023-05-03 16:18:33,214 [INFO] PinOutPanel:1499 - setPackage(No Configuration,No Configuration)
2023-05-03 16:18:33,228 [INFO] UtilMem:75 - Begin LoadConfig() Used Memory: 446144128 Bytes (473956352)
2023-05-03 16:18:33,230 [INFO] MicroXplorer:468 - Change Database Path : 
2023-05-03 16:18:33,231 [INFO] MicroXplorer:498 - Change Database Version : DB.6.0.81
2023-05-03 16:18:33,231 [INFO] OpenFileManager:308 - Change cursor
2023-05-03 16:18:33,850 [INFO] Mcu:1937 - Initializing MCU STM32F103C(8-B)Tx STM32F103C8Tx STM32F103C8T6
2023-05-03 16:18:40,082 [INFO] Context:659 - Trying to add GPIOservice into a context  which must be forbidden
2023-05-03 16:18:44,044 [INFO] RtosManager:555 - Registered RTOS mode: class=CMSIS, group=RTOS, mode=CMSIS_V1, owner=FREERTOS
2023-05-03 16:18:44,045 [INFO] RtosManager:555 - Registered RTOS mode: class=CMSIS, group=RTOS2, mode=CMSIS_V2, owner=FREERTOS
2023-05-03 16:18:44,045 [INFO] RtosManager:555 - Registered RTOS mode: class=RTOS, group=Core, mode=CMSIS_V1, owner=FREERTOS
2023-05-03 16:18:44,046 [INFO] RtosManager:555 - Registered RTOS mode: class=RTOS, group=Core, mode=CMSIS_V2, owner=FREERTOS
2023-05-03 16:18:44,046 [WARN] ModelIntegratedComponent:184 - Missing modes for component STMicroelectronics:FreeRTOS:0.0.1:STMicroelectronics:RTOS:FreeRTOS:Core:::10.2.0:
2023-05-03 16:18:44,138 [WARN] ModelIntegratedComponent:63 - No mode defined for component null
2023-05-03 16:18:44,249 [WARN] ModelIntegratedComponent:63 - No mode defined for component null
2023-05-03 16:18:44,251 [WARN] ModelIntegratedComponent:63 - No mode defined for component null
2023-05-03 16:18:44,251 [WARN] ModelIntegratedComponent:63 - No mode defined for component null
2023-05-03 16:18:44,252 [WARN] ModelIntegratedComponent:63 - No mode defined for component null
2023-05-03 16:18:44,252 [WARN] ModelIntegratedComponent:63 - No mode defined for component null
2023-05-03 16:18:44,252 [WARN] ModelIntegratedComponent:63 - No mode defined for component null
2023-05-03 16:18:44,253 [WARN] ModelIntegratedComponent:63 - No mode defined for component null
2023-05-03 16:18:44,253 [WARN] ModelIntegratedComponent:63 - No mode defined for component null
2023-05-03 16:18:44,254 [WARN] ModelIntegratedComponent:63 - No mode defined for component null
2023-05-03 16:18:44,254 [WARN] ModelIntegratedComponent:63 - No mode defined for component null
2023-05-03 16:18:44,255 [WARN] ModelIntegratedComponent:63 - No mode defined for component null
2023-05-03 16:18:44,255 [WARN] ModelIntegratedComponent:63 - No mode defined for component null
2023-05-03 16:18:44,255 [WARN] ModelIntegratedComponent:63 - No mode defined for component null
2023-05-03 16:18:44,255 [WARN] ModelIntegratedComponent:63 - No mode defined for component null
2023-05-03 16:18:44,255 [WARN] ModelIntegratedComponent:63 - No mode defined for component null
2023-05-03 16:18:44,255 [WARN] ModelIntegratedComponent:63 - No mode defined for component null
2023-05-03 16:18:44,255 [WARN] ModelIntegratedComponent:63 - No mode defined for component null
2023-05-03 16:18:44,256 [WARN] ModelIntegratedComponent:63 - No mode defined for component null
2023-05-03 16:18:44,256 [WARN] ModelIntegratedComponent:63 - No mode defined for component null
2023-05-03 16:18:44,256 [WARN] ModelIntegratedComponent:63 - No mode defined for component null
2023-05-03 16:18:44,257 [WARN] ModelIntegratedComponent:63 - No mode defined for component null
2023-05-03 16:18:44,257 [WARN] ModelIntegratedComponent:63 - No mode defined for component null
2023-05-03 16:18:44,257 [WARN] ModelIntegratedComponent:63 - No mode defined for component null
2023-05-03 16:18:44,258 [WARN] ModelIntegratedComponent:63 - No mode defined for component null
2023-05-03 16:18:44,258 [WARN] ModelIntegratedComponent:63 - No mode defined for component null
2023-05-03 16:18:44,258 [WARN] ModelIntegratedComponent:63 - No mode defined for component null
2023-05-03 16:18:44,258 [WARN] ModelIntegratedComponent:63 - No mode defined for component null
2023-05-03 16:18:44,258 [WARN] ModelIntegratedComponent:63 - No mode defined for component null
2023-05-03 16:18:44,258 [WARN] ModelIntegratedComponent:63 - No mode defined for component null
2023-05-03 16:18:44,259 [WARN] ModelIntegratedComponent:63 - No mode defined for component null
2023-05-03 16:18:44,259 [WARN] ModelIntegratedComponent:63 - No mode defined for component null
2023-05-03 16:18:44,259 [WARN] ModelIntegratedComponent:63 - No mode defined for component null
2023-05-03 16:18:44,925 [INFO] ThirdPartyModel:298 - Start build external matchings
2023-05-03 16:18:48,708 [INFO] ThirdPartyModel:316 - End build external matchings
2023-05-03 16:18:48,779 [INFO] ImportTextPane:194 - (OptionalMessage_ERROR) IP (RCC) : Parameter (ADCFreqValue) has invalid value (36000000)
2023-05-03 16:18:48,780 [INFO] ImportTextPane:194 - (OptionalMessage_ERROR) IP (RCC) : Invalid parameter (FamilyName)
2023-05-03 16:18:48,780 [INFO] ImportTextPane:194 - (OptionalMessage_ERROR) IP (RCC) : Parameter (MCOFreq_Value) has invalid value (72000000)
2023-05-03 16:18:48,783 [INFO] ImportTextPane:194 - (OptionalMessage_ERROR) IP (RCC) : Parameter (USBFreq_Value) has invalid value (72000000)
2023-05-03 16:18:50,093 [INFO] UtilMem:75 - End LoadConfig() Used Memory: 448186328 Bytes (627048448)
2023-05-03 16:18:50,349 [INFO] ApiDb:581 - Connected to CubeFinder SQLite database (C:\Users\BlueWhale\.stmcufinder\plugins\mcufinder\mcu\cube-finder-db.db)
2023-05-03 16:18:50,580 [INFO] ApiDb:668 - CubeFinder database Data Model version=2.1
2023-05-03 16:18:50,581 [INFO] ApiDb:669 - CubeFinder database Configuration version=3.0.35
2023-05-03 16:18:50,581 [INFO] ApiDb:670 - CubeFinder database generation date=2023-03-10 (1678456172)
2023-05-03 16:18:50,582 [INFO] ApiDb:671 - CubeFinder database FW Pack versions=[FP-ATR-ASTRA1_V1.1.1, STM32Cube_FW_C0_V1.0.1, STM32Cube_FW_F0_V1.11.4, STM32Cube_FW_F3_V1.11.4, STM32Cube_FW_F4_V1.27.1, STM32Cube_FW_F7_V1.17.0, STM32Cube_FW_G0_V1.6.1, STM32Cube_FW_G4_V1.5.1, STM32Cube_FW_H5_V0.5.1, STM32Cube_FW_H5_V1.0.0, STM32Cube_FW_H7_V1.11.0, STM32Cube_FW_L0_V1.12.2, STM32Cube_FW_L5_V1.5.0, STM32Cube_FW_U5_V1.2.0, STM32Cube_FW_WBA_V1.0.0, STM32Cube_FW_WBA_V1.0.0RC1, STM32Cube_FW_WBA_V1.0.0RC3, STM32Cube_FW_WB_V1.15.0RC1, STM32Cube_FW_WB_V1.16.0, STM32Cube_FW_WB_V1.16.0RC2, STM32Cube_FW_WL_V1.3.0, X-CUBE-ALGOBUILD_V1.3.0, X-CUBE-ALS_V1.0.1, X-CUBE-AZRTOS-F4_V1.1.0, X-CUBE-AZRTOS-F7_V1.1.0, X-CUBE-AZRTOS-G0_V1.1.0, X-CUBE-AZRTOS-G4_V1.0.0, X-CUBE-AZRTOS-H7_V3.0.0, X-CUBE-AZRTOS-L4_V1.0.0, X-CUBE-AZRTOS-L5_V1.1.0, X-CUBE-AZRTOS-WB_V1.1.0, X-CUBE-AZRTOS-WL_V1.0.0, X-CUBE-BLE1_V6.2.4, X-CUBE-BLE2_V3.3.0, X-CUBE-BLEMGR_V1.3.0, X-CUBE-EEPRMA1_V4.1.0, X-CUBE-GNSS1_V6.0.0, X-CUBE-MEMS1_V9.1.0, X-CUBE-MEMS1_V9.4.0, X-CUBE-MEMS1_V9.5.0, X-CUBE-NFC4_V3.0.0, X-CUBE-NFC7_V1.0.0, X-CUBE-SFXS2LP1_V4.0.0, X-CUBE-SUBG2_V5.0.0]
2023-05-03 16:18:57,721 [INFO] ApiDb:240 - Found 297 in-development CPN: [B-G473E-ZEST1S, B-WB1M-WPAN1, B-WL5M-SUBG1, NUCLEO-C031C6, NUCLEO-H503RB, NUCLEO-H563ZI, NUCLEO-U545RE-Q, NUCLEO-U5A5ZJ-Q, NUCLEO-WBA52CG, STEVAL-PROTEUS1, STEVAL-STWINBX1, STM320518-EVAL, STM32C0116-DK, STM32C011D6Y3TR, STM32C011D6Y6TR, STM32C011F4P3, STM32C011F4P6, STM32C011F4U3, STM32C011F4U6TR, STM32C011F6P3, STM32C011F6P6, STM32C011F6U3, STM32C011F6U6TR, STM32C011J4M3, STM32C011J4M6, STM32C011J6M3, STM32C011J6M6, STM32C0316-DK, STM32C031C4T3, STM32C031C4T6, STM32C031C4U3, STM32C031C4U6, STM32C031C6T3, STM32C031C6T6, STM32C031C6U3, STM32C031C6U6, STM32C031F4P3, STM32C031F4P6, STM32C031F6P3, STM32C031F6P6, STM32C031G4U3, STM32C031G4U6, STM32C031G6U3, STM32C031G6U6, STM32C031K4T3, STM32C031K4T6, STM32C031K4U3, STM32C031K4U6, STM32C031K6T3, STM32C031K6T6, STM32C031K6U3, STM32C031K6U6, STM32G071K8TXN, STM32G071K8UXN, STM32G081GBU6N, STM32G081KBT6N, STM32G081KBUXN, STM32G0B1CCT6N, STM32G0B1KCT6, STM32G0B1NEY6TR, STM32G0B1RCT6N, STM32G0C1CCT6, STM32G0C1CCT6N, STM32G0C1CCU6N, STM32G0C1CET6N, STM32G0C1CEU6N, STM32G0C1KCT6, STM32G0C1NEY6TR, STM32G0C1RCI6N, STM32G0C1RCT6N, STM32G0C1REI6N, STM32G0C1RET6N, STM32G0C1VCI6, STM32G0C1VEI6, STM32G471CCT6, STM32G471CCU6, STM32G471CET3, STM32G471CET6, STM32G471CEU3, STM32G471CEU6, STM32G471MCT6, STM32G471MET3, STM32G471MET6, STM32G471MEY6TR, STM32G471QCT6, STM32G471QET3, STM32G471RCT6, STM32G471RET3, STM32G471RET6, STM32G471VCH6, STM32G471VCI6, STM32G471VCT6, STM32G471VEH3, STM32G471VEH6, STM32G471VEI3, STM32G471VEI6, STM32G471VET3, STM32G471VET6, STM32G474CCT6, STM32H503CBT6, STM32H503CBU6, STM32H503EBY6TR, STM32H503KBU6, STM32H503RBT6, STM32H562AGI6, STM32H562AII6, STM32H562IGK6, STM32H562IGT6, STM32H562IIK6, STM32H562IIT6, STM32H562RGT6, STM32H562RGV6, STM32H562RIT6, STM32H562RIV6, STM32H562VGT6, STM32H562VIT6, STM32H562ZGT6, STM32H562ZIT6, STM32H563AGI6, STM32H563AII3Q, STM32H563AII6, STM32H563IGK6, STM32H563IGT6, STM32H563IIK3Q, STM32H563IIK6, STM32H563IIT3Q, STM32H563IIT6, STM32H563MIY3QTR, STM32H563RGT6, STM32H563RGV6, STM32H563RIT6, STM32H563RIV6, STM32H563VGT6, STM32H563VIT3Q, STM32H563VIT6, STM32H563ZGT6, STM32H563ZIT3Q, STM32H563ZIT6, STM32H573AII3Q, STM32H573AII6, STM32H573I-DK, STM32H573IIK3Q, STM32H573IIK6, STM32H573IIT3Q, STM32H573IIT6, STM32H573MIY3QTR, STM32H573RIT6, STM32H573RIV6, STM32H573VIT3Q, STM32H573VIT6, STM32H573ZIT3Q, STM32H573ZIT6, STM32L4R5QGI6STR, STM32MP131AAE3, STM32MP131AAF3, STM32MP131AAG3, STM32MP131CAE3, STM32MP131CAF3, STM32MP131CAG3, STM32MP131DAE7, STM32MP131DAF7, STM32MP131DAG7, STM32MP131FAE7, STM32MP131FAF7, STM32MP131FAG7, STM32MP133AAE3, STM32MP133AAF3, STM32MP133AAG3, STM32MP133CAE3, STM32MP133CAF3, STM32MP133CAG3, STM32MP133DAE7, STM32MP133DAF7, STM32MP133DAG7, STM32MP133FAE7, STM32MP133FAF7, STM32MP133FAG7, STM32MP135AAE3, STM32MP135AAF3, STM32MP135AAG3, STM32MP135CAE3, STM32MP135CAF3, STM32MP135CAG3, STM32MP135DAE7, STM32MP135DAF7, STM32MP135DAG7, STM32MP135F-DK, STM32MP135FAE7, STM32MP135FAF7, STM32MP135FAF7T, STM32MP135FAF7U, STM32MP135FAG7, STM32U535CBT6, STM32U535CBT6Q, STM32U535CBU6, STM32U535CBU6Q, STM32U535CCT6, STM32U535CCT6Q, STM32U535CCU6, STM32U535CCU6Q, STM32U535CET6, STM32U535CET6Q, STM32U535CEU6, STM32U535CEU6Q, STM32U535JEY6QTR, STM32U535NCY6QTR, STM32U535NEY6QTR, STM32U535RBI6, STM32U535RBI6Q, STM32U535RBT6, STM32U535RBT6Q, STM32U535RCI6, STM32U535RCI6Q, STM32U535RCT6, STM32U535RCT6Q, STM32U535REI6, STM32U535REI6Q, STM32U535RET6, STM32U535RET6Q, STM32U535VCI6, STM32U535VCI6Q, STM32U535VCT6, STM32U535VCT6Q, STM32U535VEI6, STM32U535VEI6Q, STM32U535VET6, STM32U535VET6Q, STM32U545CET6, STM32U545CET6Q, STM32U545CEU6, STM32U545CEU6Q, STM32U545JEY6QTR, STM32U545NEY6QTR, STM32U545REI6, STM32U545REI6Q, STM32U545RET6, STM32U545RET6Q, STM32U545VEI6, STM32U545VEI6Q, STM32U545VET6, STM32U545VET6Q, STM32U595AIH6, STM32U595AIH6Q, STM32U595AJH6, STM32U595AJH6Q, STM32U595QII6, STM32U595QII6Q, STM32U595QJI6, STM32U595QJI6Q, STM32U595RIT6, STM32U595RIT6Q, STM32U595RJT6, STM32U595RJT6Q, STM32U595VIT6, STM32U595VIT6Q, STM32U595VJT6, STM32U595VJT6Q, STM32U595ZIT6, STM32U595ZIT6Q, STM32U595ZIY6QTR, STM32U595ZJT6, STM32U595ZJT6Q, STM32U595ZJY6QTR, STM32U599BJY6QTR, STM32U599NIH6Q, STM32U599NJH6Q, STM32U599VIT6Q, STM32U599VJT6, STM32U599VJT6Q, STM32U599ZIT6Q, STM32U599ZIY6QTR, STM32U599ZJT6Q, STM32U599ZJY6QTR, STM32U5A5AJH6, STM32U5A5AJH6Q, STM32U5A5QJI6, STM32U5A5QJI6Q, STM32U5A5RJT6, STM32U5A5RJT6Q, STM32U5A5VJT6, STM32U5A5VJT6Q, STM32U5A5ZJT6, STM32U5A5ZJT6Q, STM32U5A5ZJY6QTR, STM32U5A9BJY6QTR, STM32U5A9J-DK, STM32U5A9NJH6Q, STM32U5A9VJT6Q, STM32U5A9ZJT6Q, STM32U5A9ZJY6QTR, STM32WB1MMCH6, STM32WBA52CEU6, STM32WBA52CEU6T, STM32WBA52CGU6, STM32WBA52CGU6T, STM32WL5MOCH6, STM32WL5MOCH6TR]
2023-05-03 16:18:57,727 [INFO] DbMcus:216 - Found 3775 MCUs, 3775 are supported
2023-05-03 16:18:57,766 [INFO] ApiDb:423 - Load user favorites file C:\Users\BlueWhale/.stm32cubeide/favorites.mcus.txt: 1 item(s)
2023-05-03 16:18:57,766 [INFO] ApiDb:427 - User favorites MCUs=[STM32F103C8T6]
2023-05-03 16:18:57,767 [INFO] DbMcus:222 - Set 1 / 1 favorites MCUs
2023-05-03 16:18:59,442 [WARN] ThirdParty:833 - waiting for thirdparty lock release [change project]
2023-05-03 16:18:59,443 [INFO] ThirdParty:835 - entering critical section [change project]
2023-05-03 16:18:59,444 [INFO] ThirdParty:1030 - CMSIS Pack Vendor :STMicroelectronics X-CUBE-ISPU 1.1.0
2023-05-03 16:18:59,444 [INFO] ThirdParty:1030 - CMSIS Pack Vendor :STMicroelectronics X-CUBE-GNSS1 6.0.0
2023-05-03 16:18:59,444 [INFO] ThirdParty:1030 - CMSIS Pack Vendor :STMicroelectronics USB_HOST 2.0.0
2023-05-03 16:18:59,444 [INFO] ThirdParty:1030 - CMSIS Pack Vendor :STMicroelectronics X-CUBE-AZRTOS-F4 1.1.0
2023-05-03 16:18:59,444 [INFO] ThirdParty:1030 - CMSIS Pack Vendor :STMicroelectronics LIBJPEG 8.0.0
2023-05-03 16:18:59,444 [INFO] ThirdParty:1030 - CMSIS Pack Vendor :STMicroelectronics X-CUBE-SMBUS 2.1.0
2023-05-03 16:18:59,444 [INFO] ThirdParty:1030 - CMSIS Pack Vendor :wolfSSL I-CUBE-wolfSSL 5.6.0
2023-05-03 16:18:59,445 [INFO] ThirdParty:1030 - CMSIS Pack Vendor :STMicroelectronics USB_DEVICE 3.0.0
2023-05-03 16:18:59,445 [INFO] ThirdParty:1030 - CMSIS Pack Vendor :STMicroelectronics X-CUBE-AI 8.0.0
2023-05-03 16:18:59,445 [INFO] ThirdParty:1030 - CMSIS Pack Vendor :STMicroelectronics X-CUBE-FREERTOS 1.0.1
2023-05-03 16:18:59,445 [INFO] ThirdParty:1030 - CMSIS Pack Vendor :STMicroelectronics X-CUBE-TOUCHGFX 4.21.3
2023-05-03 16:18:59,445 [INFO] ThirdParty:1030 - CMSIS Pack Vendor :STMicroelectronics X-CUBE-AZRTOS-F7 1.1.0
2023-05-03 16:18:59,445 [INFO] ThirdParty:1030 - CMSIS Pack Vendor :STMicroelectronics USB_DEVICE 2.0.0
2023-05-03 16:18:59,445 [INFO] ThirdParty:1030 - CMSIS Pack Vendor :STMicroelectronics X-CUBE-MEMS1 9.6.0
2023-05-03 16:18:59,445 [INFO] ThirdParty:1030 - CMSIS Pack Vendor :STMicroelectronics X-CUBE-ALGOBUILD 1.3.0
2023-05-03 16:18:59,446 [INFO] ThirdParty:1030 - CMSIS Pack Vendor :STMicroelectronics X-CUBE-BLE1 6.2.4
2023-05-03 16:18:59,446 [INFO] ThirdParty:1030 - CMSIS Pack Vendor :STMicroelectronics X-CUBE-AZRTOS-L5 1.1.0
2023-05-03 16:18:59,446 [INFO] ThirdParty:1030 - CMSIS Pack Vendor :STMicroelectronics FreeRTOS 0.0.1
2023-05-03 16:18:59,446 [INFO] ThirdParty:1030 - CMSIS Pack Vendor :emotas I-CUBE-CANOPEN 1.1.3
2023-05-03 16:18:59,446 [INFO] ThirdParty:1030 - CMSIS Pack Vendor :STMicroelectronics X-CUBE-AZRTOS-G0 1.1.0
2023-05-03 16:18:59,446 [INFO] ThirdParty:1030 - CMSIS Pack Vendor :STMicroelectronics X-CUBE-BLEMGR 2.0.0
2023-05-03 16:18:59,446 [INFO] ThirdParty:1030 - CMSIS Pack Vendor :STMicroelectronics X-CUBE-SUBG2 5.0.0
2023-05-03 16:18:59,447 [INFO] ThirdParty:1030 - CMSIS Pack Vendor :STMicroelectronics X-CUBE-NFC4 3.0.0
2023-05-03 16:18:59,447 [INFO] ThirdParty:1030 - CMSIS Pack Vendor :STMicroelectronics STM32_WPAN 1.0.0
2023-05-03 16:18:59,447 [INFO] ThirdParty:1030 - CMSIS Pack Vendor :STMicroelectronics lwIP 2.0.3
2023-05-03 16:18:59,447 [INFO] ThirdParty:1030 - CMSIS Pack Vendor :STMicroelectronics USB_HOST 1.0.0
2023-05-03 16:18:59,447 [INFO] ThirdParty:1030 - CMSIS Pack Vendor :STMicroelectronics X-CUBE-AZRTOS-G4 2.0.0
2023-05-03 16:18:59,448 [INFO] ThirdParty:1030 - CMSIS Pack Vendor :STMicroelectronics PDM2PCM 3.1.0
2023-05-03 16:18:59,448 [INFO] ThirdParty:1030 - CMSIS Pack Vendor :STMicroelectronics X-CUBE-AZRTOS-H7 3.1.0
2023-05-03 16:18:59,448 [INFO] ThirdParty:1030 - CMSIS Pack Vendor :STMicroelectronics X-CUBE-TOF1 3.3.0
2023-05-03 16:18:59,448 [INFO] ThirdParty:1030 - CMSIS Pack Vendor :STMicroelectronics PDM2PCM 3.3.0
2023-05-03 16:18:59,448 [INFO] ThirdParty:1030 - CMSIS Pack Vendor :STMicroelectronics X-CUBE-DISPLAY 3.0.0
2023-05-03 16:18:59,448 [INFO] ThirdParty:1030 - CMSIS Pack Vendor :STMicroelectronics X-CUBE-AZRTOS-G4 1.0.0
2023-05-03 16:18:59,449 [INFO] ThirdParty:1030 - CMSIS Pack Vendor :STMicroelectronics FP-ATR-SIGFOX1 3.2.0
2023-05-03 16:18:59,449 [INFO] ThirdParty:1030 - CMSIS Pack Vendor :STMicroelectronics X-CUBE-AZRTOS-L4 1.0.0
2023-05-03 16:18:59,449 [INFO] ThirdParty:1030 - CMSIS Pack Vendor :STMicroelectronics HAL Drivers 0.0.0
2023-05-03 16:18:59,449 [INFO] ThirdParty:1030 - CMSIS Pack Vendor :STMicroelectronics MBEDTLS 2.16.2
2023-05-03 16:18:59,450 [INFO] ThirdParty:1030 - CMSIS Pack Vendor :STMicroelectronics MBEDTLS 2.14.1
2023-05-03 16:18:59,450 [INFO] ThirdParty:1030 - CMSIS Pack Vendor :STMicroelectronics X-CUBE-NFC7 1.0.0
2023-05-03 16:18:59,450 [INFO] ThirdParty:1030 - CMSIS Pack Vendor :STMicroelectronics X-CUBE-AZRTOS-WL 1.0.0
2023-05-03 16:18:59,450 [INFO] ThirdParty:1030 - CMSIS Pack Vendor :STMicroelectronics X-CUBE-EEPRMA1 4.1.0
2023-05-03 16:18:59,450 [INFO] ThirdParty:1030 - CMSIS Pack Vendor :portGmbH I-Cube-SoM-uGOAL 1.1.0
2023-05-03 16:18:59,451 [INFO] ThirdParty:1030 - CMSIS Pack Vendor :STMicroelectronics X-CUBE-ALS 1.0.1
2023-05-03 16:18:59,451 [INFO] ThirdParty:1030 - CMSIS Pack Vendor :STMicroelectronics X-CUBE-MEMS1 9.5.0
2023-05-03 16:18:59,451 [INFO] ThirdParty:1030 - CMSIS Pack Vendor :STMicroelectronics ThreadX 1.0.0
2023-05-03 16:18:59,451 [INFO] ThirdParty:1030 - CMSIS Pack Vendor :STMicroelectronics X-CUBE-AZRTOS-WB 1.1.0
2023-05-03 16:18:59,451 [INFO] ThirdParty:1030 - CMSIS Pack Vendor :SEGGER I-CUBE-embOS 1.3.1
2023-05-03 16:18:59,451 [INFO] ThirdParty:1030 - CMSIS Pack Vendor :STMicroelectronics USB_DEVICE 1.0.0
2023-05-03 16:18:59,451 [INFO] ThirdParty:1030 - CMSIS Pack Vendor :STMicroelectronics ThreadX 0.0.2
2023-05-03 16:18:59,451 [INFO] ThirdParty:1030 - CMSIS Pack Vendor :WES I-CUBE-Cesium 1.3.0
2023-05-03 16:18:59,452 [INFO] ThirdParty:1030 - CMSIS Pack Vendor :STMicroelectronics FP-ATR-ASTRA1 2.0.0
2023-05-03 16:18:59,452 [INFO] ThirdParty:1030 - CMSIS Pack Vendor :STMicroelectronics lwIP 2.1.2
2023-05-03 16:18:59,452 [INFO] ThirdParty:1030 - CMSIS Pack Vendor :STMicroelectronics X-CUBE-SFXS2LP1 4.0.0
2023-05-03 16:18:59,452 [INFO] ThirdParty:1030 - CMSIS Pack Vendor :STMicroelectronics X-CUBE-BLE2 3.3.0
2023-05-03 16:18:59,452 [INFO] ThirdParty:1030 - CMSIS Pack Vendor :STMicroelectronics PDM2PCM 3.2.0
2023-05-03 16:18:59,455 [INFO] ThirdParty:841 - exiting critical section [change project]
2023-05-03 16:19:01,256 [INFO] PinOutPanel:1499 - setPackage(No Configuration,No Configuration)
2023-05-03 16:19:01,258 [INFO] PinOutPanel:1499 - setPackage(STM32F103C8Tx,LQFP48)
2023-05-03 16:19:06,020 [INFO] UtilMem:75 - Before build in PCC Used Memory: 470939304 Bytes (627048448)
2023-05-03 16:19:10,789 [INFO] UtilMem:75 - After build in PCC Used Memory: 499025152 Bytes (627048448)
2023-05-03 16:19:10,984 [INFO] IPUIPlugin:80 - create IPUIPlugin
2023-05-03 16:19:10,985 [INFO] IPUIPlugin:80 - create IPUIPlugin
2023-05-03 16:19:10,985 [INFO] IPUIPlugin:80 - create IPUIPlugin
2023-05-03 16:19:10,986 [INFO] IPUIPlugin:80 - create IPUIPlugin
2023-05-03 16:19:10,986 [INFO] IPUIPlugin:80 - create IPUIPlugin
2023-05-03 16:19:10,987 [INFO] IPUIPlugin:80 - create IPUIPlugin
2023-05-03 16:19:10,987 [INFO] IPUIPlugin:80 - create IPUIPlugin
2023-05-03 16:19:10,987 [INFO] IPUIPlugin:80 - create IPUIPlugin
2023-05-03 16:19:10,987 [INFO] IPUIPlugin:80 - create IPUIPlugin
2023-05-03 16:19:10,988 [INFO] IPUIPlugin:80 - create IPUIPlugin
2023-05-03 16:19:10,988 [INFO] IPUIPlugin:80 - create IPUIPlugin
2023-05-03 16:19:10,988 [INFO] IPUIPlugin:80 - create IPUIPlugin
2023-05-03 16:19:10,989 [INFO] IPUIPlugin:80 - create IPUIPlugin
2023-05-03 16:19:10,989 [INFO] IPUIPlugin:80 - create IPUIPlugin
2023-05-03 16:19:10,989 [INFO] IPUIPlugin:80 - create IPUIPlugin
2023-05-03 16:19:10,990 [INFO] IPUIPlugin:80 - create IPUIPlugin
2023-05-03 16:19:10,990 [INFO] IPUIPlugin:80 - create IPUIPlugin
2023-05-03 16:19:10,990 [INFO] IPUIPlugin:80 - create IPUIPlugin
2023-05-03 16:19:10,991 [INFO] IPUIPlugin:80 - create IPUIPlugin
2023-05-03 16:19:10,991 [INFO] IPUIPlugin:80 - create IPUIPlugin
2023-05-03 16:19:10,991 [INFO] IPUIPlugin:80 - create IPUIPlugin
2023-05-03 16:19:10,992 [INFO] IPUIPlugin:80 - create IPUIPlugin
2023-05-03 16:19:10,993 [INFO] IPUIPlugin:80 - create IPUIPlugin
2023-05-03 16:19:10,994 [INFO] IPUIPlugin:80 - create IPUIPlugin
2023-05-03 16:19:10,995 [INFO] IPUIPlugin:80 - create IPUIPlugin
2023-05-03 16:19:10,995 [INFO] IPUIPlugin:80 - create IPUIPlugin
2023-05-03 16:19:10,996 [INFO] IPUIPlugin:80 - create IPUIPlugin
2023-05-03 16:19:11,648 [INFO] CADModel:165 - CPN selected for project levelSTM32F103C8T6
2023-05-03 16:19:11,650 [INFO] CADModel:114 - Register for checkConnection events
2023-05-03 16:19:11,708 [INFO] OpenFileManager:328 - Restore cursor
2023-05-03 22:06:21,988 [INFO] Activator:176 - 


2023-05-03 22:06:21,993 [INFO] Activator:177 - !SESSION log4j initialized
2023-05-03 22:06:39,097 [INFO] LogOutputStream:77 - [STDOUT_REDIRECT] 
2023-05-03 22:07:10,783 [ERROR] LogOutputStream:75 - [STDERR_REDIRECT] SLF4J: Failed to load class "org.slf4j.impl.StaticLoggerBinder".
2023-05-03 22:07:10,785 [ERROR] LogOutputStream:75 - [STDERR_REDIRECT] SLF4J: Defaulting to no-operation (NOP) logger implementation
2023-05-03 22:07:10,789 [ERROR] LogOutputStream:75 - [STDERR_REDIRECT] SLF4J: See http://www.slf4j.org/codes.html#StaticLoggerBinder for further details.
