2023-04-24 16:06:22,017 [INFO] Activator:176 - 


2023-04-24 16:06:22,030 [INFO] Activator:177 - !SESSION log4j initialized
2023-04-24 16:06:39,762 [INFO] LogOutputStream:77 - [STDOUT_REDIRECT] 
2023-04-24 16:07:30,630 [ERROR] LogOutputStream:75 - [STDERR_REDIRECT] SLF4J: Failed to load class "org.slf4j.impl.StaticLoggerBinder".
2023-04-24 16:07:30,631 [ERROR] LogOutputStream:75 - [STDERR_REDIRECT] SLF4J: Defaulting to no-operation (NOP) logger implementation
2023-04-24 16:07:30,634 [ERROR] LogOutputStream:75 - [STDERR_REDIRECT] SLF4J: See http://www.slf4j.org/codes.html#StaticLoggerBinder for further details.
2023-04-24 16:11:31,641 [INFO] Activator:176 - 


2023-04-24 16:11:31,646 [INFO] Activator:177 - !SESSION log4j initialized
2023-04-24 16:11:44,625 [INFO] LogOutputStream:77 - [STDOUT_REDIRECT] 
2023-04-24 16:12:08,420 [ERROR] LogOutputStream:75 - [STDERR_REDIRECT] SLF4J: Failed to load class "org.slf4j.impl.StaticLoggerBinder".
2023-04-24 16:12:08,423 [ERROR] LogOutputStream:75 - [STDERR_REDIRECT] SLF4J: Defaulting to no-operation (NOP) logger implementation
2023-04-24 16:12:08,427 [ERROR] LogOutputStream:75 - [STDERR_REDIRECT] SLF4J: See http://www.slf4j.org/codes.html#StaticLoggerBinder for further details.
2023-04-24 16:19:46,534 [INFO] Activator:176 - 


2023-04-24 16:19:46,540 [INFO] Activator:177 - !SESSION log4j initialized
2023-04-24 16:19:58,527 [INFO] LogOutputStream:77 - [STDOUT_REDIRECT] 
2023-04-24 16:20:44,369 [ERROR] LogOutputStream:75 - [STDERR_REDIRECT] SLF4J: Failed to load class "org.slf4j.impl.StaticLoggerBinder".
2023-04-24 16:20:44,372 [ERROR] LogOutputStream:75 - [STDERR_REDIRECT] SLF4J: Defaulting to no-operation (NOP) logger implementation
2023-04-24 16:20:44,381 [ERROR] LogOutputStream:75 - [STDERR_REDIRECT] SLF4J: See http://www.slf4j.org/codes.html#StaticLoggerBinder for further details.
2023-04-24 16:24:20,628 [INFO] ApplicationProperties:184 - Using Application install path: C:\ST\STM32CubeIDE_1.12.0\STM32CubeIDE\plugins\com.st.stm32cube.common.mx_6.8.0.202302231600
2023-04-24 16:24:20,664 [INFO] DbMcusXml:78 - Set database path to: C:\ST\STM32CubeIDE_1.12.0\STM32CubeIDE\plugins\com.st.stm32cube.common.mx_6.8.0.202302231600\\db\/mcu/
2023-04-24 16:24:20,665 [INFO] ApiDb:274 - Set plugin database path to: C:\ST\STM32CubeIDE_1.12.0\STM32CubeIDE\plugins\com.st.stm32cube.common.mx_6.8.0.202302231600\\db\/plugins/boardmanager/
2023-04-24 16:24:20,670 [WARN] ApiDb:259 - Overriding images path with different value:  => C:\ST\STM32CubeIDE_1.12.0\STM32CubeIDE\plugins\com.st.stm32cube.common.mx_6.8.0.202302231600\\db\/plugins/mcufinder/images/
2023-04-24 16:24:20,689 [ERROR] ApiFinderProperties:191 - Cannot find database files in C:\ST\STM32CubeIDE_1.12.0\STM32CubeIDE\plugins\com.st.stm32cube.common.mx_6.8.0.202302231600\\db\\plugins\mcufinder\mcu
2023-04-24 16:24:20,698 [INFO] ApiDb:250 - Set database path to: C:\Users\BlueWhale\.stmcufinder\plugins\mcufinder//mcu/
2023-04-24 16:24:20,700 [INFO] DbMcusAds:125 - Set database path to: C:\Users\BlueWhale\.stmcufinder\plugins\mcufinder//mcu/
2023-04-24 16:24:20,847 [INFO] CrossReferenceDbSqlite:203 - Set database path to: C:\Users\BlueWhale\.stmcufinder\plugins\mcufinder//mcu/cs/
2023-04-24 16:24:21,062 [INFO] RulesReader:64 - Compatibility file has been processed (293 Rules)
2023-04-24 16:24:21,273 [INFO] DbMcusXml:78 - Set database path to: C:\ST\STM32CubeIDE_1.12.0\STM32CubeIDE\plugins\com.st.stm32cube.common.mx_6.8.0.202302231600\\db\/mcu/
2023-04-24 16:24:21,273 [INFO] ApiDb:274 - Set plugin database path to: C:\ST\STM32CubeIDE_1.12.0\STM32CubeIDE\plugins\com.st.stm32cube.common.mx_6.8.0.202302231600\\db\/plugins/boardmanager/
2023-04-24 16:24:21,274 [INFO] ApiDb:261 - Set plugin images path to: C:\ST\STM32CubeIDE_1.12.0\STM32CubeIDE\plugins\com.st.stm32cube.common.mx_6.8.0.202302231600\\db\/plugins/mcufinder/images/
2023-04-24 16:24:21,274 [WARN] DbFile:41 - Overriding database path with different value: C:\Users\BlueWhale\.stmcufinder\plugins\mcufinder/ => C:\Users\BlueWhale\.stmcufinder\plugins\mcufinder
2023-04-24 16:24:21,274 [INFO] ApiDb:250 - Set database path to: C:\Users\BlueWhale\.stmcufinder\plugins\mcufinder//mcu/
2023-04-24 16:24:21,274 [WARN] DbFile:41 - Overriding database path with different value: C:\Users\BlueWhale\.stmcufinder\plugins\mcufinder/ => C:\Users\BlueWhale\.stmcufinder\plugins\mcufinder
2023-04-24 16:24:21,275 [INFO] DbMcusAds:125 - Set database path to: C:\Users\BlueWhale\.stmcufinder\plugins\mcufinder//mcu/
2023-04-24 16:24:21,275 [WARN] DbFile:41 - Overriding database path with different value: C:\Users\BlueWhale\.stmcufinder\plugins\mcufinder/ => C:\Users\BlueWhale\.stmcufinder\plugins\mcufinder
2023-04-24 16:24:21,275 [WARN] DbFile:41 - Overriding database path with different value: C:\Users\BlueWhale\.stmcufinder\plugins\mcufinder/ => C:\Users\BlueWhale\.stmcufinder\plugins\mcufinder
2023-04-24 16:24:21,275 [INFO] CrossReferenceDbSqlite:203 - Set database path to: C:\Users\BlueWhale\.stmcufinder\plugins\mcufinder//mcu/cs/
2023-04-24 16:24:21,428 [INFO] MainPanel:253 - HeapMemory: 432013312
2023-04-24 16:24:21,624 [INFO] DbMcusXml:78 - Set database path to: C:\ST\STM32CubeIDE_1.12.0\STM32CubeIDE\plugins\com.st.stm32cube.common.mx_6.8.0.202302231600\\db\/mcu/
2023-04-24 16:24:21,624 [INFO] ApiDb:274 - Set plugin database path to: C:\ST\STM32CubeIDE_1.12.0\STM32CubeIDE\plugins\com.st.stm32cube.common.mx_6.8.0.202302231600\\db\/plugins/boardmanager/
2023-04-24 16:24:21,624 [INFO] ApiDb:261 - Set plugin images path to: C:\ST\STM32CubeIDE_1.12.0\STM32CubeIDE\plugins\com.st.stm32cube.common.mx_6.8.0.202302231600\\db\/plugins/mcufinder/images/
2023-04-24 16:24:21,625 [WARN] DbFile:41 - Overriding database path with different value: C:\Users\BlueWhale\.stmcufinder\plugins\mcufinder/ => C:\Users\BlueWhale\.stmcufinder\plugins\mcufinder
2023-04-24 16:24:21,625 [INFO] ApiDb:250 - Set database path to: C:\Users\BlueWhale\.stmcufinder\plugins\mcufinder//mcu/
2023-04-24 16:24:21,625 [WARN] DbFile:41 - Overriding database path with different value: C:\Users\BlueWhale\.stmcufinder\plugins\mcufinder/ => C:\Users\BlueWhale\.stmcufinder\plugins\mcufinder
2023-04-24 16:24:21,625 [INFO] DbMcusAds:125 - Set database path to: C:\Users\BlueWhale\.stmcufinder\plugins\mcufinder//mcu/
2023-04-24 16:24:21,626 [WARN] DbFile:41 - Overriding database path with different value: C:\Users\BlueWhale\.stmcufinder\plugins\mcufinder/ => C:\Users\BlueWhale\.stmcufinder\plugins\mcufinder
2023-04-24 16:24:21,626 [WARN] DbFile:41 - Overriding database path with different value: C:\Users\BlueWhale\.stmcufinder\plugins\mcufinder/ => C:\Users\BlueWhale\.stmcufinder\plugins\mcufinder
2023-04-24 16:24:21,626 [INFO] CrossReferenceDbSqlite:203 - Set database path to: C:\Users\BlueWhale\.stmcufinder\plugins\mcufinder//mcu/cs/
2023-04-24 16:24:21,660 [INFO] ApplicationProperties:184 - Using Application install path: C:\ST\STM32CubeIDE_1.12.0\STM32CubeIDE\plugins\com.st.stm32cube.common.mx_6.8.0.202302231600
2023-04-24 16:24:21,663 [INFO] PluginManage:196 - Search for loadable plugins [exclusion list=, ]
2023-04-24 16:24:21,666 [INFO] PluginManage:310 - Check plugin analytics
2023-04-24 16:24:26,767 [INFO] AnalyticsPlugin:253 - Accepted Software Licenses: STM32CubeMX.6.8.0
2023-04-24 16:24:26,768 [INFO] AnalyticsPlugin:255 - Accepted CMSIS Pack Licenses: 
2023-04-24 16:24:26,769 [INFO] AnalyticsPlugin:257 - Accepted Firmware Licenses: 
2023-04-24 16:24:26,820 [INFO] PluginManage:359 - Loaded plugin analytics (category:tool,tabindex:-1)
2023-04-24 16:24:26,820 [INFO] PluginManage:310 - Check plugin cadmodel
2023-04-24 16:24:26,884 [INFO] CADModel:105 - Init CAD model plugin
2023-04-24 16:24:26,885 [INFO] PluginManage:359 - Loaded plugin cadmodel (category:power,tabindex:5)
2023-04-24 16:24:26,885 [INFO] PluginManage:310 - Check plugin clock
2023-04-24 16:24:27,059 [INFO] PluginManage:359 - Loaded plugin clock (category:base,tabindex:2)
2023-04-24 16:24:27,060 [INFO] PluginManage:310 - Check plugin ddr
2023-04-24 16:24:27,067 [INFO] PluginManage:359 - Loaded plugin ddr (category:tool,tabindex:6)
2023-04-24 16:24:27,067 [INFO] PluginManage:310 - Check plugin filemanager
2023-04-24 16:24:27,488 [INFO] PluginManage:359 - Loaded plugin filemanager (category:base,tabindex:10)
2023-04-24 16:24:27,489 [INFO] PluginManage:310 - Check plugin ipmanager
2023-04-24 16:24:27,515 [INFO] PluginManage:359 - Loaded plugin ipmanager (category:base,tabindex:5)
2023-04-24 16:24:27,515 [INFO] PluginManage:310 - Check plugin lpbam
2023-04-24 16:24:27,559 [INFO] PluginManage:359 - Loaded plugin lpbam (category:base,tabindex:0)
2023-04-24 16:24:27,559 [INFO] PluginManage:310 - Check plugin pinoutandconfiguration
2023-04-24 16:24:27,597 [INFO] PluginManage:359 - Loaded plugin pinoutandconfiguration (category:base,tabindex:1)
2023-04-24 16:24:27,597 [INFO] PluginManage:310 - Check plugin pinoutconfig
2023-04-24 16:24:27,895 [WARN] SupportedApi:132 - Cannot load RTOS API schema: s4s-elt-must-match.1: The content of 'definitions' must match (annotation?, (simpleType | complexType)?, (unique | key | keyref)*)). A problem was found starting at: attribute.
2023-04-24 16:24:28,221 [INFO] PluginManage:359 - Loaded plugin pinoutconfig (category:base,tabindex:0)
2023-04-24 16:24:28,221 [INFO] PluginManage:310 - Check plugin power
2023-04-24 16:24:28,260 [INFO] PluginManage:359 - Loaded plugin power (category:power,tabindex:4)
2023-04-24 16:24:28,260 [INFO] PluginManage:310 - Check plugin projectmanager
2023-04-24 16:24:28,322 [INFO] PluginManage:359 - Loaded plugin projectmanager (category:projectmanager,tabindex:3)
2023-04-24 16:24:28,322 [INFO] PluginManage:310 - Check plugin thirdparty
2023-04-24 16:24:28,839 [INFO] PluginManage:359 - Loaded plugin thirdparty (category:base,tabindex:-1)
2023-04-24 16:24:28,839 [WARN] IntegrityCheckThread:84 - waiting for thirdparty lock release [integrity check]
2023-04-24 16:24:28,840 [INFO] PluginManage:310 - Check plugin tools
2023-04-24 16:24:28,841 [INFO] IntegrityCheckThread:86 - entering critical section [integrity check]
2023-04-24 16:24:28,847 [INFO] ThirdPartyUpdaterWithRetryManager:70 - Updater plugin not ready yet. [1/15]
2023-04-24 16:24:28,886 [INFO] PluginManage:359 - Loaded plugin tools (category:base,tabindex:7)
2023-04-24 16:24:28,886 [INFO] PluginManage:310 - Check plugin tutovideos
2023-04-24 16:24:29,298 [INFO] PluginManage:359 - Loaded plugin tutovideos (category:base,tabindex:-1)
2023-04-24 16:24:29,299 [INFO] PluginManage:310 - Check plugin updater
2023-04-24 16:24:29,324 [INFO] PluginManage:359 - Loaded plugin updater (category:base,tabindex:12)
2023-04-24 16:24:29,325 [INFO] PluginManage:283 - PluginManage : Loaded plugins [15]
2023-04-24 16:24:30,223 [INFO] PinOutPanel:1499 - setPackage(No Configuration,No Configuration)
2023-04-24 16:24:30,354 [INFO] CADModel:165 - CPN selected for project level
2023-04-24 16:24:30,354 [INFO] CADModel:114 - Register for checkConnection events
2023-04-24 16:24:30,411 [INFO] IPUIPlugin:80 - create IPUIPlugin
2023-04-24 16:24:30,412 [INFO] PluginManager:220 - loadIPPluginJar : add adc
2023-04-24 16:24:30,566 [INFO] IPUIPlugin:80 - create IPUIPlugin
2023-04-24 16:24:30,566 [INFO] PluginManager:220 - loadIPPluginJar : add aes
2023-04-24 16:24:30,629 [INFO] IPUIPlugin:80 - create IPUIPlugin
2023-04-24 16:24:30,629 [INFO] PluginManager:220 - loadIPPluginJar : add can
2023-04-24 16:24:30,659 [INFO] IPUIPlugin:80 - create IPUIPlugin
2023-04-24 16:24:30,660 [INFO] PluginManager:220 - loadIPPluginJar : add comp
2023-04-24 16:24:30,702 [INFO] IPUIPlugin:80 - create IPUIPlugin
2023-04-24 16:24:30,703 [INFO] PluginManager:220 - loadIPPluginJar : add cryp
2023-04-24 16:24:30,744 [INFO] IPUIPlugin:80 - create IPUIPlugin
2023-04-24 16:24:30,745 [INFO] PluginManager:220 - loadIPPluginJar : add dfsdm
2023-04-24 16:24:30,767 [INFO] IPUIPlugin:80 - create IPUIPlugin
2023-04-24 16:24:30,767 [INFO] PluginManager:220 - loadIPPluginJar : add dma
2023-04-24 16:24:30,832 [INFO] IPUIPlugin:80 - create IPUIPlugin
2023-04-24 16:24:30,832 [INFO] PluginManager:220 - loadIPPluginJar : add dma3
2023-04-24 16:24:30,859 [INFO] IPUIPlugin:80 - create IPUIPlugin
2023-04-24 16:24:30,860 [INFO] PluginManager:220 - loadIPPluginJar : add fatfs
2023-04-24 16:24:30,920 [INFO] IPUIPlugin:80 - create IPUIPlugin
2023-04-24 16:24:30,921 [INFO] PluginManager:220 - loadIPPluginJar : add fmc
2023-04-24 16:24:30,948 [INFO] IPUIPlugin:80 - create IPUIPlugin
2023-04-24 16:24:30,948 [INFO] PluginManager:220 - loadIPPluginJar : add freertos
2023-04-24 16:24:30,979 [INFO] IPUIPlugin:80 - create IPUIPlugin
2023-04-24 16:24:30,979 [INFO] PluginManager:220 - loadIPPluginJar : add genericplugin
2023-04-24 16:24:31,108 [INFO] IPUIPlugin:80 - create IPUIPlugin
2023-04-24 16:24:31,108 [INFO] PluginManager:220 - loadIPPluginJar : add gfxmmu
2023-04-24 16:24:31,312 [INFO] IPUIPlugin:80 - create IPUIPlugin
2023-04-24 16:24:31,312 [INFO] PluginManager:220 - loadIPPluginJar : add gic
2023-04-24 16:24:31,337 [INFO] IPUIPlugin:80 - create IPUIPlugin
2023-04-24 16:24:31,337 [INFO] PluginManager:220 - loadIPPluginJar : add gpio
2023-04-24 16:24:31,498 [INFO] IPUIPlugin:80 - create IPUIPlugin
2023-04-24 16:24:31,499 [INFO] PluginManager:220 - loadIPPluginJar : add gtzc
2023-04-24 16:24:31,546 [INFO] IPUIPlugin:80 - create IPUIPlugin
2023-04-24 16:24:31,547 [INFO] PluginManager:220 - loadIPPluginJar : add hash
2023-04-24 16:24:31,618 [INFO] IPUIPlugin:80 - create IPUIPlugin
2023-04-24 16:24:31,618 [INFO] PluginManager:220 - loadIPPluginJar : add i2c
2023-04-24 16:24:31,680 [INFO] IPUIPlugin:80 - create IPUIPlugin
2023-04-24 16:24:31,680 [INFO] PluginManager:220 - loadIPPluginJar : add i2s
2023-04-24 16:24:31,749 [INFO] IPUIPlugin:80 - create IPUIPlugin
2023-04-24 16:24:31,750 [INFO] PluginManager:220 - loadIPPluginJar : add i3c
2023-04-24 16:24:31,851 [INFO] ThirdPartyUpdaterWithRetryManager:70 - Updater plugin not ready yet. [2/15]
2023-04-24 16:24:31,893 [INFO] IPUIPlugin:80 - create IPUIPlugin
2023-04-24 16:24:31,894 [INFO] PluginManager:220 - loadIPPluginJar : add ipddr
2023-04-24 16:24:32,011 [INFO] IPUIPlugin:80 - create IPUIPlugin
2023-04-24 16:24:32,011 [INFO] PluginManager:220 - loadIPPluginJar : add linkedlist
2023-04-24 16:24:32,057 [INFO] IPUIPlugin:80 - create IPUIPlugin
2023-04-24 16:24:32,057 [INFO] PluginManager:220 - loadIPPluginJar : add lorawan
2023-04-24 16:24:32,105 [INFO] IPUIPlugin:80 - create IPUIPlugin
2023-04-24 16:24:32,106 [INFO] PluginManager:220 - loadIPPluginJar : add ltdc
2023-04-24 16:24:32,128 [INFO] IPUIPlugin:80 - create IPUIPlugin
2023-04-24 16:24:32,129 [INFO] PluginManager:220 - loadIPPluginJar : add mdma
2023-04-24 16:24:32,147 [INFO] IPUIPlugin:80 - create IPUIPlugin
2023-04-24 16:24:32,147 [INFO] PluginManager:220 - loadIPPluginJar : add nvic
2023-04-24 16:24:32,249 [INFO] IPUIPlugin:80 - create IPUIPlugin
2023-04-24 16:24:32,252 [INFO] PluginManager:220 - loadIPPluginJar : add opamp
2023-04-24 16:24:32,345 [INFO] IPUIPlugin:80 - create IPUIPlugin
2023-04-24 16:24:32,345 [INFO] PluginManager:220 - loadIPPluginJar : add openamp
2023-04-24 16:24:32,401 [INFO] IPUIPlugin:80 - create IPUIPlugin
2023-04-24 16:24:32,402 [INFO] PluginManager:220 - loadIPPluginJar : add pdm2pcm
2023-04-24 16:24:32,427 [INFO] IPUIPlugin:80 - create IPUIPlugin
2023-04-24 16:24:32,431 [INFO] PluginManager:220 - loadIPPluginJar : add plateformsettings
2023-04-24 16:24:32,464 [INFO] IPUIPlugin:80 - create IPUIPlugin
2023-04-24 16:24:32,465 [INFO] PluginManager:220 - loadIPPluginJar : add quadspi
2023-04-24 16:24:32,486 [INFO] IPUIPlugin:80 - create IPUIPlugin
2023-04-24 16:24:32,486 [INFO] PluginManager:220 - loadIPPluginJar : add resmgrutility
2023-04-24 16:24:32,603 [INFO] IPUIPlugin:80 - create IPUIPlugin
2023-04-24 16:24:32,606 [INFO] PluginManager:220 - loadIPPluginJar : add sai
2023-04-24 16:24:32,707 [INFO] IPUIPlugin:80 - create IPUIPlugin
2023-04-24 16:24:32,707 [INFO] PluginManager:220 - loadIPPluginJar : add spi
2023-04-24 16:24:32,868 [INFO] IPUIPlugin:80 - create IPUIPlugin
2023-04-24 16:24:32,868 [INFO] PluginManager:220 - loadIPPluginJar : add stm32_wpan
2023-04-24 16:24:32,913 [INFO] IPUIPlugin:80 - create IPUIPlugin
2023-04-24 16:24:32,913 [INFO] PluginManager:220 - loadIPPluginJar : add tim
2023-04-24 16:24:33,003 [INFO] IPUIPlugin:80 - create IPUIPlugin
2023-04-24 16:24:33,003 [INFO] PluginManager:220 - loadIPPluginJar : add touchsensing
2023-04-24 16:24:33,040 [INFO] IPUIPlugin:80 - create IPUIPlugin
2023-04-24 16:24:33,040 [INFO] PluginManager:220 - loadIPPluginJar : add tracer_emb
2023-04-24 16:24:33,078 [INFO] IPUIPlugin:80 - create IPUIPlugin
2023-04-24 16:24:33,078 [INFO] PluginManager:220 - loadIPPluginJar : add ts
2023-04-24 16:24:33,109 [INFO] IPUIPlugin:80 - create IPUIPlugin
2023-04-24 16:24:33,109 [INFO] PluginManager:220 - loadIPPluginJar : add tsc
2023-04-24 16:24:33,143 [INFO] IPUIPlugin:80 - create IPUIPlugin
2023-04-24 16:24:33,144 [INFO] PluginManager:220 - loadIPPluginJar : add ucpd
2023-04-24 16:24:33,211 [INFO] IPUIPlugin:80 - create IPUIPlugin
2023-04-24 16:24:33,211 [INFO] PluginManager:220 - loadIPPluginJar : add usart
2023-04-24 16:24:33,274 [INFO] IPUIPlugin:80 - create IPUIPlugin
2023-04-24 16:24:33,274 [INFO] PluginManager:220 - loadIPPluginJar : add usbx
2023-04-24 16:24:33,507 [INFO] CADModel:165 - CPN selected for project level
2023-04-24 16:24:33,508 [INFO] CADModel:114 - Register for checkConnection events
2023-04-24 16:24:33,509 [FATAL] Updater:308 - Updater called before beeing initialized
2023-04-24 16:24:33,509 [ERROR] CADModel:125 - Updater not yet initialized, retry later 
2023-04-24 16:24:33,827 [INFO] CADModel:165 - CPN selected for project level
2023-04-24 16:24:33,827 [INFO] CADModel:114 - Register for checkConnection events
2023-04-24 16:24:33,828 [FATAL] Updater:308 - Updater called before beeing initialized
2023-04-24 16:24:33,828 [ERROR] CADModel:125 - Updater not yet initialized, retry later 
2023-04-24 16:24:33,832 [FATAL] Updater:308 - Updater called before beeing initialized
2023-04-24 16:24:34,435 [FATAL] Updater:308 - Updater called before beeing initialized
2023-04-24 16:24:34,472 [INFO] DbMcusAds:53 - JSON generation date=Tue Mar 07 15:50:55 ICT 2023 (1678179055335)
2023-04-24 16:24:34,472 [FATAL] Updater:308 - Updater called before beeing initialized
2023-04-24 16:24:34,739 [WARN] DetailPanel:346 - Failed to get advertising image, set to default
2023-04-24 16:24:34,869 [INFO] ThirdPartyUpdaterWithRetryManager:70 - Updater plugin not ready yet. [3/15]
2023-04-24 16:24:35,143 [FATAL] Updater:308 - Updater called before beeing initialized
2023-04-24 16:24:35,153 [FATAL] Updater:308 - Updater called before beeing initialized
2023-04-24 16:24:35,153 [FATAL] Updater:308 - Updater called before beeing initialized
2023-04-24 16:24:35,153 [WARN] DetailPanel:346 - Failed to get advertising image, set to default
2023-04-24 16:24:35,156 [FATAL] Updater:308 - Updater called before beeing initialized
2023-04-24 16:24:37,878 [FATAL] Updater:308 - Updater called before beeing initialized
2023-04-24 16:24:37,879 [ERROR] IntegrityCheckThread:130 - Cannot retrieve database content from updater: error 21
2023-04-24 16:24:37,880 [INFO] ThirdParty:978 - Integrity check success = false
2023-04-24 16:24:37,880 [INFO] IntegrityCheckThread:100 - exiting critical section [integrity check]
2023-04-24 16:24:37,880 [INFO] IntegrityCheckThread:103 - End integrity checks thread
2023-04-24 16:32:41,726 [FATAL] Updater:308 - Updater called before beeing initialized
2023-04-24 16:32:41,726 [WARN] WebAppUi:337 - Updater plugin not initialized.
2023-04-24 16:33:14,430 [INFO] Activator:176 - 


2023-04-24 16:33:14,434 [INFO] Activator:177 - !SESSION log4j initialized
2023-04-24 16:33:27,560 [INFO] LogOutputStream:77 - [STDOUT_REDIRECT] 
2023-04-24 16:33:51,488 [ERROR] LogOutputStream:75 - [STDERR_REDIRECT] SLF4J: Failed to load class "org.slf4j.impl.StaticLoggerBinder".
2023-04-24 16:33:51,489 [ERROR] LogOutputStream:75 - [STDERR_REDIRECT] SLF4J: Defaulting to no-operation (NOP) logger implementation
2023-04-24 16:33:51,493 [ERROR] LogOutputStream:75 - [STDERR_REDIRECT] SLF4J: See http://www.slf4j.org/codes.html#StaticLoggerBinder for further details.
2023-04-24 16:49:55,704 [INFO] ApplicationProperties:184 - Using Application install path: C:\ST\STM32CubeIDE_1.12.0\STM32CubeIDE\plugins\com.st.stm32cube.common.mx_6.8.0.202302231600
2023-04-24 16:49:55,743 [INFO] DbMcusXml:78 - Set database path to: C:\ST\STM32CubeIDE_1.12.0\STM32CubeIDE\plugins\com.st.stm32cube.common.mx_6.8.0.202302231600\\db\/mcu/
2023-04-24 16:49:55,743 [INFO] ApiDb:274 - Set plugin database path to: C:\ST\STM32CubeIDE_1.12.0\STM32CubeIDE\plugins\com.st.stm32cube.common.mx_6.8.0.202302231600\\db\/plugins/boardmanager/
2023-04-24 16:49:55,746 [WARN] ApiDb:259 - Overriding images path with different value:  => C:\ST\STM32CubeIDE_1.12.0\STM32CubeIDE\plugins\com.st.stm32cube.common.mx_6.8.0.202302231600\\db\/plugins/mcufinder/images/
2023-04-24 16:49:55,763 [ERROR] ApiFinderProperties:191 - Cannot find database files in C:\ST\STM32CubeIDE_1.12.0\STM32CubeIDE\plugins\com.st.stm32cube.common.mx_6.8.0.202302231600\\db\\plugins\mcufinder\mcu
2023-04-24 16:49:55,764 [INFO] ApiDb:250 - Set database path to: C:\Users\BlueWhale\.stmcufinder\plugins\mcufinder//mcu/
2023-04-24 16:49:55,766 [INFO] DbMcusAds:125 - Set database path to: C:\Users\BlueWhale\.stmcufinder\plugins\mcufinder//mcu/
2023-04-24 16:49:55,779 [INFO] CrossReferenceDbSqlite:203 - Set database path to: C:\Users\BlueWhale\.stmcufinder\plugins\mcufinder//mcu/cs/
2023-04-24 16:49:55,937 [INFO] RulesReader:64 - Compatibility file has been processed (293 Rules)
2023-04-24 16:49:56,066 [INFO] DbMcusXml:78 - Set database path to: C:\ST\STM32CubeIDE_1.12.0\STM32CubeIDE\plugins\com.st.stm32cube.common.mx_6.8.0.202302231600\\db\/mcu/
2023-04-24 16:49:56,066 [INFO] ApiDb:274 - Set plugin database path to: C:\ST\STM32CubeIDE_1.12.0\STM32CubeIDE\plugins\com.st.stm32cube.common.mx_6.8.0.202302231600\\db\/plugins/boardmanager/
2023-04-24 16:49:56,067 [INFO] ApiDb:261 - Set plugin images path to: C:\ST\STM32CubeIDE_1.12.0\STM32CubeIDE\plugins\com.st.stm32cube.common.mx_6.8.0.202302231600\\db\/plugins/mcufinder/images/
2023-04-24 16:49:56,067 [WARN] DbFile:41 - Overriding database path with different value: C:\Users\BlueWhale\.stmcufinder\plugins\mcufinder/ => C:\Users\BlueWhale\.stmcufinder\plugins\mcufinder
2023-04-24 16:49:56,067 [INFO] ApiDb:250 - Set database path to: C:\Users\BlueWhale\.stmcufinder\plugins\mcufinder//mcu/
2023-04-24 16:49:56,068 [WARN] DbFile:41 - Overriding database path with different value: C:\Users\BlueWhale\.stmcufinder\plugins\mcufinder/ => C:\Users\BlueWhale\.stmcufinder\plugins\mcufinder
2023-04-24 16:49:56,068 [INFO] DbMcusAds:125 - Set database path to: C:\Users\BlueWhale\.stmcufinder\plugins\mcufinder//mcu/
2023-04-24 16:49:56,068 [WARN] DbFile:41 - Overriding database path with different value: C:\Users\BlueWhale\.stmcufinder\plugins\mcufinder/ => C:\Users\BlueWhale\.stmcufinder\plugins\mcufinder
2023-04-24 16:49:56,068 [WARN] DbFile:41 - Overriding database path with different value: C:\Users\BlueWhale\.stmcufinder\plugins\mcufinder/ => C:\Users\BlueWhale\.stmcufinder\plugins\mcufinder
2023-04-24 16:49:56,068 [INFO] CrossReferenceDbSqlite:203 - Set database path to: C:\Users\BlueWhale\.stmcufinder\plugins\mcufinder//mcu/cs/
2023-04-24 16:49:56,217 [INFO] MainPanel:253 - HeapMemory: 472907776
2023-04-24 16:49:56,391 [INFO] DbMcusXml:78 - Set database path to: C:\ST\STM32CubeIDE_1.12.0\STM32CubeIDE\plugins\com.st.stm32cube.common.mx_6.8.0.202302231600\\db\/mcu/
2023-04-24 16:49:56,391 [INFO] ApiDb:274 - Set plugin database path to: C:\ST\STM32CubeIDE_1.12.0\STM32CubeIDE\plugins\com.st.stm32cube.common.mx_6.8.0.202302231600\\db\/plugins/boardmanager/
2023-04-24 16:49:56,392 [INFO] ApiDb:261 - Set plugin images path to: C:\ST\STM32CubeIDE_1.12.0\STM32CubeIDE\plugins\com.st.stm32cube.common.mx_6.8.0.202302231600\\db\/plugins/mcufinder/images/
2023-04-24 16:49:56,393 [WARN] DbFile:41 - Overriding database path with different value: C:\Users\BlueWhale\.stmcufinder\plugins\mcufinder/ => C:\Users\BlueWhale\.stmcufinder\plugins\mcufinder
2023-04-24 16:49:56,393 [INFO] ApiDb:250 - Set database path to: C:\Users\BlueWhale\.stmcufinder\plugins\mcufinder//mcu/
2023-04-24 16:49:56,393 [WARN] DbFile:41 - Overriding database path with different value: C:\Users\BlueWhale\.stmcufinder\plugins\mcufinder/ => C:\Users\BlueWhale\.stmcufinder\plugins\mcufinder
2023-04-24 16:49:56,393 [INFO] DbMcusAds:125 - Set database path to: C:\Users\BlueWhale\.stmcufinder\plugins\mcufinder//mcu/
2023-04-24 16:49:56,393 [WARN] DbFile:41 - Overriding database path with different value: C:\Users\BlueWhale\.stmcufinder\plugins\mcufinder/ => C:\Users\BlueWhale\.stmcufinder\plugins\mcufinder
2023-04-24 16:49:56,394 [WARN] DbFile:41 - Overriding database path with different value: C:\Users\BlueWhale\.stmcufinder\plugins\mcufinder/ => C:\Users\BlueWhale\.stmcufinder\plugins\mcufinder
2023-04-24 16:49:56,394 [INFO] CrossReferenceDbSqlite:203 - Set database path to: C:\Users\BlueWhale\.stmcufinder\plugins\mcufinder//mcu/cs/
2023-04-24 16:49:56,433 [INFO] ApplicationProperties:184 - Using Application install path: C:\ST\STM32CubeIDE_1.12.0\STM32CubeIDE\plugins\com.st.stm32cube.common.mx_6.8.0.202302231600
2023-04-24 16:49:56,436 [INFO] PluginManage:196 - Search for loadable plugins [exclusion list=, ]
2023-04-24 16:49:56,439 [INFO] PluginManage:310 - Check plugin analytics
2023-04-24 16:50:01,499 [INFO] AnalyticsPlugin:253 - Accepted Software Licenses: STM32CubeMX.6.8.0
2023-04-24 16:50:01,509 [INFO] AnalyticsPlugin:255 - Accepted CMSIS Pack Licenses: 
2023-04-24 16:50:01,510 [INFO] AnalyticsPlugin:257 - Accepted Firmware Licenses: 
2023-04-24 16:50:01,530 [INFO] PluginManage:359 - Loaded plugin analytics (category:tool,tabindex:-1)
2023-04-24 16:50:01,531 [INFO] PluginManage:310 - Check plugin cadmodel
2023-04-24 16:50:01,545 [INFO] CADModel:105 - Init CAD model plugin
2023-04-24 16:50:01,545 [INFO] PluginManage:359 - Loaded plugin cadmodel (category:power,tabindex:5)
2023-04-24 16:50:01,546 [INFO] PluginManage:310 - Check plugin clock
2023-04-24 16:50:01,579 [INFO] PluginManage:359 - Loaded plugin clock (category:base,tabindex:2)
2023-04-24 16:50:01,580 [INFO] PluginManage:310 - Check plugin ddr
2023-04-24 16:50:01,584 [INFO] PluginManage:359 - Loaded plugin ddr (category:tool,tabindex:6)
2023-04-24 16:50:01,585 [INFO] PluginManage:310 - Check plugin filemanager
2023-04-24 16:50:01,823 [INFO] PluginManage:359 - Loaded plugin filemanager (category:base,tabindex:10)
2023-04-24 16:50:01,823 [INFO] PluginManage:310 - Check plugin ipmanager
2023-04-24 16:50:01,837 [INFO] PluginManage:359 - Loaded plugin ipmanager (category:base,tabindex:5)
2023-04-24 16:50:01,837 [INFO] PluginManage:310 - Check plugin lpbam
2023-04-24 16:50:01,853 [INFO] PluginManage:359 - Loaded plugin lpbam (category:base,tabindex:0)
2023-04-24 16:50:01,853 [INFO] PluginManage:310 - Check plugin pinoutandconfiguration
2023-04-24 16:50:01,867 [INFO] PluginManage:359 - Loaded plugin pinoutandconfiguration (category:base,tabindex:1)
2023-04-24 16:50:01,867 [INFO] PluginManage:310 - Check plugin pinoutconfig
2023-04-24 16:50:02,032 [WARN] SupportedApi:132 - Cannot load RTOS API schema: s4s-elt-must-match.1: The content of 'definitions' must match (annotation?, (simpleType | complexType)?, (unique | key | keyref)*)). A problem was found starting at: attribute.
2023-04-24 16:50:02,323 [INFO] PluginManage:359 - Loaded plugin pinoutconfig (category:base,tabindex:0)
2023-04-24 16:50:02,323 [INFO] PluginManage:310 - Check plugin power
2023-04-24 16:50:02,345 [INFO] PluginManage:359 - Loaded plugin power (category:power,tabindex:4)
2023-04-24 16:50:02,346 [INFO] PluginManage:310 - Check plugin projectmanager
2023-04-24 16:50:02,374 [INFO] PluginManage:359 - Loaded plugin projectmanager (category:projectmanager,tabindex:3)
2023-04-24 16:50:02,374 [INFO] PluginManage:310 - Check plugin thirdparty
2023-04-24 16:50:02,599 [WARN] IntegrityCheckThread:84 - waiting for thirdparty lock release [integrity check]
2023-04-24 16:50:02,600 [INFO] PluginManage:359 - Loaded plugin thirdparty (category:base,tabindex:-1)
2023-04-24 16:50:02,600 [INFO] IntegrityCheckThread:86 - entering critical section [integrity check]
2023-04-24 16:50:02,600 [INFO] PluginManage:310 - Check plugin tools
2023-04-24 16:50:02,603 [INFO] ThirdPartyUpdaterWithRetryManager:70 - Updater plugin not ready yet. [1/15]
2023-04-24 16:50:02,605 [INFO] PluginManage:359 - Loaded plugin tools (category:base,tabindex:7)
2023-04-24 16:50:02,605 [INFO] PluginManage:310 - Check plugin tutovideos
2023-04-24 16:50:03,017 [INFO] PluginManage:359 - Loaded plugin tutovideos (category:base,tabindex:-1)
2023-04-24 16:50:03,017 [INFO] PluginManage:310 - Check plugin updater
2023-04-24 16:50:03,049 [INFO] PluginManage:359 - Loaded plugin updater (category:base,tabindex:12)
2023-04-24 16:50:03,050 [INFO] PluginManage:283 - PluginManage : Loaded plugins [15]
2023-04-24 16:50:03,561 [INFO] PinOutPanel:1499 - setPackage(No Configuration,No Configuration)
2023-04-24 16:50:03,672 [INFO] CADModel:165 - CPN selected for project level
2023-04-24 16:50:03,672 [INFO] CADModel:114 - Register for checkConnection events
2023-04-24 16:50:03,699 [INFO] IPUIPlugin:80 - create IPUIPlugin
2023-04-24 16:50:03,700 [INFO] PluginManager:220 - loadIPPluginJar : add adc
2023-04-24 16:50:03,704 [INFO] IPUIPlugin:80 - create IPUIPlugin
2023-04-24 16:50:03,704 [INFO] PluginManager:220 - loadIPPluginJar : add aes
2023-04-24 16:50:03,710 [INFO] IPUIPlugin:80 - create IPUIPlugin
2023-04-24 16:50:03,710 [INFO] PluginManager:220 - loadIPPluginJar : add can
2023-04-24 16:50:03,713 [INFO] IPUIPlugin:80 - create IPUIPlugin
2023-04-24 16:50:03,713 [INFO] PluginManager:220 - loadIPPluginJar : add comp
2023-04-24 16:50:03,716 [INFO] IPUIPlugin:80 - create IPUIPlugin
2023-04-24 16:50:03,717 [INFO] PluginManager:220 - loadIPPluginJar : add cryp
2023-04-24 16:50:03,720 [INFO] IPUIPlugin:80 - create IPUIPlugin
2023-04-24 16:50:03,720 [INFO] PluginManager:220 - loadIPPluginJar : add dfsdm
2023-04-24 16:50:03,730 [INFO] IPUIPlugin:80 - create IPUIPlugin
2023-04-24 16:50:03,731 [INFO] PluginManager:220 - loadIPPluginJar : add dma
2023-04-24 16:50:03,736 [INFO] IPUIPlugin:80 - create IPUIPlugin
2023-04-24 16:50:03,736 [INFO] PluginManager:220 - loadIPPluginJar : add dma3
2023-04-24 16:50:03,740 [INFO] IPUIPlugin:80 - create IPUIPlugin
2023-04-24 16:50:03,740 [INFO] PluginManager:220 - loadIPPluginJar : add fatfs
2023-04-24 16:50:03,751 [INFO] IPUIPlugin:80 - create IPUIPlugin
2023-04-24 16:50:03,751 [INFO] PluginManager:220 - loadIPPluginJar : add fmc
2023-04-24 16:50:03,765 [INFO] IPUIPlugin:80 - create IPUIPlugin
2023-04-24 16:50:03,765 [INFO] PluginManager:220 - loadIPPluginJar : add freertos
2023-04-24 16:50:03,769 [INFO] IPUIPlugin:80 - create IPUIPlugin
2023-04-24 16:50:03,769 [INFO] PluginManager:220 - loadIPPluginJar : add genericplugin
2023-04-24 16:50:03,774 [INFO] IPUIPlugin:80 - create IPUIPlugin
2023-04-24 16:50:03,774 [INFO] PluginManager:220 - loadIPPluginJar : add gfxmmu
2023-04-24 16:50:03,781 [INFO] IPUIPlugin:80 - create IPUIPlugin
2023-04-24 16:50:03,782 [INFO] PluginManager:220 - loadIPPluginJar : add gic
2023-04-24 16:50:03,788 [INFO] IPUIPlugin:80 - create IPUIPlugin
2023-04-24 16:50:03,788 [INFO] PluginManager:220 - loadIPPluginJar : add gpio
2023-04-24 16:50:03,792 [INFO] IPUIPlugin:80 - create IPUIPlugin
2023-04-24 16:50:03,792 [INFO] PluginManager:220 - loadIPPluginJar : add gtzc
2023-04-24 16:50:03,796 [INFO] IPUIPlugin:80 - create IPUIPlugin
2023-04-24 16:50:03,796 [INFO] PluginManager:220 - loadIPPluginJar : add hash
2023-04-24 16:50:03,802 [INFO] IPUIPlugin:80 - create IPUIPlugin
2023-04-24 16:50:03,802 [INFO] PluginManager:220 - loadIPPluginJar : add i2c
2023-04-24 16:50:03,807 [INFO] IPUIPlugin:80 - create IPUIPlugin
2023-04-24 16:50:03,807 [INFO] PluginManager:220 - loadIPPluginJar : add i2s
2023-04-24 16:50:03,811 [INFO] IPUIPlugin:80 - create IPUIPlugin
2023-04-24 16:50:03,811 [INFO] PluginManager:220 - loadIPPluginJar : add i3c
2023-04-24 16:50:03,820 [INFO] IPUIPlugin:80 - create IPUIPlugin
2023-04-24 16:50:03,820 [INFO] PluginManager:220 - loadIPPluginJar : add ipddr
2023-04-24 16:50:03,832 [INFO] IPUIPlugin:80 - create IPUIPlugin
2023-04-24 16:50:03,832 [INFO] PluginManager:220 - loadIPPluginJar : add linkedlist
2023-04-24 16:50:03,837 [INFO] IPUIPlugin:80 - create IPUIPlugin
2023-04-24 16:50:03,837 [INFO] PluginManager:220 - loadIPPluginJar : add lorawan
2023-04-24 16:50:03,839 [INFO] IPUIPlugin:80 - create IPUIPlugin
2023-04-24 16:50:03,840 [INFO] PluginManager:220 - loadIPPluginJar : add ltdc
2023-04-24 16:50:03,850 [INFO] IPUIPlugin:80 - create IPUIPlugin
2023-04-24 16:50:03,851 [INFO] PluginManager:220 - loadIPPluginJar : add mdma
2023-04-24 16:50:03,856 [INFO] IPUIPlugin:80 - create IPUIPlugin
2023-04-24 16:50:03,857 [INFO] PluginManager:220 - loadIPPluginJar : add nvic
2023-04-24 16:50:03,862 [INFO] IPUIPlugin:80 - create IPUIPlugin
2023-04-24 16:50:03,863 [INFO] PluginManager:220 - loadIPPluginJar : add opamp
2023-04-24 16:50:03,869 [INFO] IPUIPlugin:80 - create IPUIPlugin
2023-04-24 16:50:03,870 [INFO] PluginManager:220 - loadIPPluginJar : add openamp
2023-04-24 16:50:03,875 [INFO] IPUIPlugin:80 - create IPUIPlugin
2023-04-24 16:50:03,876 [INFO] PluginManager:220 - loadIPPluginJar : add pdm2pcm
2023-04-24 16:50:03,888 [INFO] IPUIPlugin:80 - create IPUIPlugin
2023-04-24 16:50:03,893 [INFO] PluginManager:220 - loadIPPluginJar : add plateformsettings
2023-04-24 16:50:03,896 [INFO] IPUIPlugin:80 - create IPUIPlugin
2023-04-24 16:50:03,896 [INFO] PluginManager:220 - loadIPPluginJar : add quadspi
2023-04-24 16:50:03,901 [INFO] IPUIPlugin:80 - create IPUIPlugin
2023-04-24 16:50:03,901 [INFO] PluginManager:220 - loadIPPluginJar : add resmgrutility
2023-04-24 16:50:03,905 [INFO] IPUIPlugin:80 - create IPUIPlugin
2023-04-24 16:50:03,906 [INFO] PluginManager:220 - loadIPPluginJar : add sai
2023-04-24 16:50:03,910 [INFO] IPUIPlugin:80 - create IPUIPlugin
2023-04-24 16:50:03,910 [INFO] PluginManager:220 - loadIPPluginJar : add spi
2023-04-24 16:50:03,918 [INFO] IPUIPlugin:80 - create IPUIPlugin
2023-04-24 16:50:03,918 [INFO] PluginManager:220 - loadIPPluginJar : add stm32_wpan
2023-04-24 16:50:03,921 [INFO] IPUIPlugin:80 - create IPUIPlugin
2023-04-24 16:50:03,921 [INFO] PluginManager:220 - loadIPPluginJar : add tim
2023-04-24 16:50:03,927 [INFO] IPUIPlugin:80 - create IPUIPlugin
2023-04-24 16:50:03,928 [INFO] PluginManager:220 - loadIPPluginJar : add touchsensing
2023-04-24 16:50:03,931 [INFO] IPUIPlugin:80 - create IPUIPlugin
2023-04-24 16:50:03,931 [INFO] PluginManager:220 - loadIPPluginJar : add tracer_emb
2023-04-24 16:50:03,934 [INFO] IPUIPlugin:80 - create IPUIPlugin
2023-04-24 16:50:03,935 [INFO] PluginManager:220 - loadIPPluginJar : add ts
2023-04-24 16:50:03,937 [INFO] IPUIPlugin:80 - create IPUIPlugin
2023-04-24 16:50:03,937 [INFO] PluginManager:220 - loadIPPluginJar : add tsc
2023-04-24 16:50:03,939 [INFO] IPUIPlugin:80 - create IPUIPlugin
2023-04-24 16:50:03,940 [INFO] PluginManager:220 - loadIPPluginJar : add ucpd
2023-04-24 16:50:03,944 [INFO] IPUIPlugin:80 - create IPUIPlugin
2023-04-24 16:50:03,945 [INFO] PluginManager:220 - loadIPPluginJar : add usart
2023-04-24 16:50:03,948 [INFO] IPUIPlugin:80 - create IPUIPlugin
2023-04-24 16:50:03,949 [INFO] PluginManager:220 - loadIPPluginJar : add usbx
2023-04-24 16:50:04,126 [INFO] CADModel:165 - CPN selected for project level
2023-04-24 16:50:04,127 [INFO] CADModel:114 - Register for checkConnection events
2023-04-24 16:50:04,127 [FATAL] Updater:308 - Updater called before beeing initialized
2023-04-24 16:50:04,127 [ERROR] CADModel:125 - Updater not yet initialized, retry later 
2023-04-24 16:50:04,381 [INFO] CADModel:165 - CPN selected for project level
2023-04-24 16:50:04,381 [INFO] CADModel:114 - Register for checkConnection events
2023-04-24 16:50:04,381 [FATAL] Updater:308 - Updater called before beeing initialized
2023-04-24 16:50:04,381 [ERROR] CADModel:125 - Updater not yet initialized, retry later 
2023-04-24 16:50:04,387 [FATAL] Updater:308 - Updater called before beeing initialized
2023-04-24 16:50:04,599 [FATAL] Updater:308 - Updater called before beeing initialized
2023-04-24 16:50:04,612 [INFO] DbMcusAds:53 - JSON generation date=Tue Mar 07 15:50:55 ICT 2023 (1678179055335)
2023-04-24 16:50:04,612 [FATAL] Updater:308 - Updater called before beeing initialized
2023-04-24 16:50:04,668 [WARN] DetailPanel:346 - Failed to get advertising image, set to default
2023-04-24 16:50:04,935 [FATAL] Updater:308 - Updater called before beeing initialized
2023-04-24 16:50:04,938 [FATAL] Updater:308 - Updater called before beeing initialized
2023-04-24 16:50:04,938 [FATAL] Updater:308 - Updater called before beeing initialized
2023-04-24 16:50:04,938 [WARN] DetailPanel:346 - Failed to get advertising image, set to default
2023-04-24 16:50:04,939 [FATAL] Updater:308 - Updater called before beeing initialized
2023-04-24 16:50:05,605 [INFO] ThirdPartyUpdaterWithRetryManager:70 - Updater plugin not ready yet. [2/15]
2023-04-24 16:50:08,607 [FATAL] Updater:308 - Updater called before beeing initialized
2023-04-24 16:50:08,608 [ERROR] IntegrityCheckThread:130 - Cannot retrieve database content from updater: error 21
2023-04-24 16:50:08,609 [INFO] ThirdParty:978 - Integrity check success = false
2023-04-24 16:50:08,609 [INFO] IntegrityCheckThread:100 - exiting critical section [integrity check]
2023-04-24 16:50:08,609 [INFO] IntegrityCheckThread:103 - End integrity checks thread
2023-04-24 16:50:40,351 [INFO] DbMcusXml:78 - Set database path to: C:\ST\STM32CubeIDE_1.12.0\STM32CubeIDE\plugins\com.st.stm32cube.common.mx_6.8.0.202302231600\\db\/mcu/
2023-04-24 16:50:40,351 [INFO] ApiDb:274 - Set plugin database path to: C:\ST\STM32CubeIDE_1.12.0\STM32CubeIDE\plugins\com.st.stm32cube.common.mx_6.8.0.202302231600\\db\/plugins/boardmanager/
2023-04-24 16:50:40,351 [INFO] ApiDb:261 - Set plugin images path to: C:\ST\STM32CubeIDE_1.12.0\STM32CubeIDE\plugins\com.st.stm32cube.common.mx_6.8.0.202302231600\\db\/plugins/mcufinder/images/
2023-04-24 16:50:40,351 [WARN] DbFile:41 - Overriding database path with different value: C:\Users\BlueWhale\.stmcufinder\plugins\mcufinder/ => C:\Users\BlueWhale\.stmcufinder\plugins\mcufinder
2023-04-24 16:50:40,351 [INFO] ApiDb:250 - Set database path to: C:\Users\BlueWhale\.stmcufinder\plugins\mcufinder//mcu/
2023-04-24 16:50:40,352 [WARN] DbFile:41 - Overriding database path with different value: C:\Users\BlueWhale\.stmcufinder\plugins\mcufinder/ => C:\Users\BlueWhale\.stmcufinder\plugins\mcufinder
2023-04-24 16:50:40,352 [INFO] DbMcusAds:125 - Set database path to: C:\Users\BlueWhale\.stmcufinder\plugins\mcufinder//mcu/
2023-04-24 16:50:40,352 [WARN] DbFile:41 - Overriding database path with different value: C:\Users\BlueWhale\.stmcufinder\plugins\mcufinder/ => C:\Users\BlueWhale\.stmcufinder\plugins\mcufinder
2023-04-24 16:50:40,353 [WARN] DbFile:41 - Overriding database path with different value: C:\Users\BlueWhale\.stmcufinder\plugins\mcufinder/ => C:\Users\BlueWhale\.stmcufinder\plugins\mcufinder
2023-04-24 16:50:40,362 [INFO] CrossReferenceDbSqlite:203 - Set database path to: C:\Users\BlueWhale\.stmcufinder\plugins\mcufinder//mcu/cs/
2023-04-24 16:50:40,366 [INFO] DbMcusXml:78 - Set database path to: C:\ST\STM32CubeIDE_1.12.0\STM32CubeIDE\plugins\com.st.stm32cube.common.mx_6.8.0.202302231600\\db\/mcu/
2023-04-24 16:50:40,366 [INFO] ApiDb:274 - Set plugin database path to: C:\ST\STM32CubeIDE_1.12.0\STM32CubeIDE\plugins\com.st.stm32cube.common.mx_6.8.0.202302231600\\db\/plugins/boardmanager/
2023-04-24 16:50:40,366 [INFO] ApiDb:261 - Set plugin images path to: C:\ST\STM32CubeIDE_1.12.0\STM32CubeIDE\plugins\com.st.stm32cube.common.mx_6.8.0.202302231600\\db\/plugins/mcufinder/images/
2023-04-24 16:50:40,366 [WARN] DbFile:41 - Overriding database path with different value: C:\Users\BlueWhale\.stmcufinder\plugins\mcufinder/ => C:\Users\BlueWhale\.stmcufinder\plugins\mcufinder
2023-04-24 16:50:40,366 [INFO] ApiDb:250 - Set database path to: C:\Users\BlueWhale\.stmcufinder\plugins\mcufinder//mcu/
2023-04-24 16:50:40,366 [WARN] DbFile:41 - Overriding database path with different value: C:\Users\BlueWhale\.stmcufinder\plugins\mcufinder/ => C:\Users\BlueWhale\.stmcufinder\plugins\mcufinder
2023-04-24 16:50:40,366 [INFO] DbMcusAds:125 - Set database path to: C:\Users\BlueWhale\.stmcufinder\plugins\mcufinder//mcu/
2023-04-24 16:50:40,367 [WARN] DbFile:41 - Overriding database path with different value: C:\Users\BlueWhale\.stmcufinder\plugins\mcufinder/ => C:\Users\BlueWhale\.stmcufinder\plugins\mcufinder
2023-04-24 16:50:40,367 [WARN] DbFile:41 - Overriding database path with different value: C:\Users\BlueWhale\.stmcufinder\plugins\mcufinder/ => C:\Users\BlueWhale\.stmcufinder\plugins\mcufinder
2023-04-24 16:50:40,367 [INFO] CrossReferenceDbSqlite:203 - Set database path to: C:\Users\BlueWhale\.stmcufinder\plugins\mcufinder//mcu/cs/
2023-04-24 16:50:40,375 [INFO] MainPanel:253 - HeapMemory: 472907776
2023-04-24 16:50:40,388 [INFO] DbMcusXml:78 - Set database path to: C:\ST\STM32CubeIDE_1.12.0\STM32CubeIDE\plugins\com.st.stm32cube.common.mx_6.8.0.202302231600\\db\/mcu/
2023-04-24 16:50:40,388 [INFO] ApiDb:274 - Set plugin database path to: C:\ST\STM32CubeIDE_1.12.0\STM32CubeIDE\plugins\com.st.stm32cube.common.mx_6.8.0.202302231600\\db\/plugins/boardmanager/
2023-04-24 16:50:40,388 [INFO] ApiDb:261 - Set plugin images path to: C:\ST\STM32CubeIDE_1.12.0\STM32CubeIDE\plugins\com.st.stm32cube.common.mx_6.8.0.202302231600\\db\/plugins/mcufinder/images/
2023-04-24 16:50:40,388 [WARN] DbFile:41 - Overriding database path with different value: C:\Users\BlueWhale\.stmcufinder\plugins\mcufinder/ => C:\Users\BlueWhale\.stmcufinder\plugins\mcufinder
2023-04-24 16:50:40,389 [INFO] ApiDb:250 - Set database path to: C:\Users\BlueWhale\.stmcufinder\plugins\mcufinder//mcu/
2023-04-24 16:50:40,389 [WARN] DbFile:41 - Overriding database path with different value: C:\Users\BlueWhale\.stmcufinder\plugins\mcufinder/ => C:\Users\BlueWhale\.stmcufinder\plugins\mcufinder
2023-04-24 16:50:40,389 [INFO] DbMcusAds:125 - Set database path to: C:\Users\BlueWhale\.stmcufinder\plugins\mcufinder//mcu/
2023-04-24 16:50:40,389 [WARN] DbFile:41 - Overriding database path with different value: C:\Users\BlueWhale\.stmcufinder\plugins\mcufinder/ => C:\Users\BlueWhale\.stmcufinder\plugins\mcufinder
2023-04-24 16:50:40,389 [WARN] DbFile:41 - Overriding database path with different value: C:\Users\BlueWhale\.stmcufinder\plugins\mcufinder/ => C:\Users\BlueWhale\.stmcufinder\plugins\mcufinder
2023-04-24 16:50:40,389 [INFO] CrossReferenceDbSqlite:203 - Set database path to: C:\Users\BlueWhale\.stmcufinder\plugins\mcufinder//mcu/cs/
2023-04-24 16:50:40,394 [INFO] PluginManage:196 - Search for loadable plugins [exclusion list=, ]
2023-04-24 16:50:40,394 [INFO] PluginManage:310 - Check plugin analytics
2023-04-24 16:50:44,961 [INFO] AnalyticsPlugin:253 - Accepted Software Licenses: STM32CubeMX.6.8.0
2023-04-24 16:50:44,962 [INFO] AnalyticsPlugin:255 - Accepted CMSIS Pack Licenses: 
2023-04-24 16:50:44,962 [INFO] AnalyticsPlugin:257 - Accepted Firmware Licenses: 
2023-04-24 16:50:44,963 [INFO] PluginManage:359 - Loaded plugin analytics (category:tool,tabindex:-1)
2023-04-24 16:50:44,963 [INFO] PluginManage:310 - Check plugin cadmodel
2023-04-24 16:50:44,964 [INFO] CADModel:105 - Init CAD model plugin
2023-04-24 16:50:44,964 [INFO] PluginManage:359 - Loaded plugin cadmodel (category:power,tabindex:5)
2023-04-24 16:50:44,964 [INFO] PluginManage:310 - Check plugin clock
2023-04-24 16:50:44,966 [INFO] PluginManage:359 - Loaded plugin clock (category:base,tabindex:2)
2023-04-24 16:50:44,966 [INFO] PluginManage:310 - Check plugin ddr
2023-04-24 16:50:44,967 [INFO] PluginManage:359 - Loaded plugin ddr (category:tool,tabindex:6)
2023-04-24 16:50:44,967 [INFO] PluginManage:310 - Check plugin filemanager
2023-04-24 16:50:44,983 [INFO] PluginManage:359 - Loaded plugin filemanager (category:base,tabindex:10)
2023-04-24 16:50:44,984 [INFO] PluginManage:310 - Check plugin ipmanager
2023-04-24 16:50:44,988 [INFO] PluginManage:359 - Loaded plugin ipmanager (category:base,tabindex:5)
2023-04-24 16:50:44,988 [INFO] PluginManage:310 - Check plugin lpbam
2023-04-24 16:50:44,990 [INFO] PluginManage:359 - Loaded plugin lpbam (category:base,tabindex:0)
2023-04-24 16:50:44,990 [INFO] PluginManage:310 - Check plugin pinoutandconfiguration
2023-04-24 16:50:44,992 [INFO] PluginManage:359 - Loaded plugin pinoutandconfiguration (category:base,tabindex:1)
2023-04-24 16:50:44,992 [INFO] PluginManage:310 - Check plugin pinoutconfig
2023-04-24 16:50:45,005 [FATAL] Updater:308 - Updater called before beeing initialized
2023-04-24 16:50:45,007 [INFO] PluginManage:359 - Loaded plugin pinoutconfig (category:base,tabindex:0)
2023-04-24 16:50:45,007 [INFO] PluginManage:310 - Check plugin power
2023-04-24 16:50:45,008 [INFO] PluginManage:359 - Loaded plugin power (category:power,tabindex:4)
2023-04-24 16:50:45,008 [INFO] PluginManage:310 - Check plugin projectmanager
2023-04-24 16:50:45,018 [INFO] PluginManage:359 - Loaded plugin projectmanager (category:projectmanager,tabindex:3)
2023-04-24 16:50:45,018 [INFO] PluginManage:310 - Check plugin thirdparty
2023-04-24 16:50:45,069 [INFO] PluginManage:359 - Loaded plugin thirdparty (category:base,tabindex:-1)
2023-04-24 16:50:45,069 [INFO] PluginManage:310 - Check plugin tools
2023-04-24 16:50:45,070 [INFO] PluginManage:359 - Loaded plugin tools (category:base,tabindex:7)
2023-04-24 16:50:45,070 [INFO] PluginManage:310 - Check plugin tutovideos
2023-04-24 16:50:45,071 [WARN] DbFile:41 - Overriding database path with different value: C:\Users\BlueWhale\.stmcufinder\plugins\mcufinder/ => C:\Users\BlueWhale\.stmcufinder\plugins\mcufinder
2023-04-24 16:50:45,089 [INFO] PluginManage:359 - Loaded plugin tutovideos (category:base,tabindex:-1)
2023-04-24 16:50:45,089 [INFO] PluginManage:310 - Check plugin updater
2023-04-24 16:50:45,093 [WARN] IntegrityCheckThread:84 - waiting for thirdparty lock release [integrity check]
2023-04-24 16:50:45,094 [INFO] IntegrityCheckThread:86 - entering critical section [integrity check]
2023-04-24 16:50:45,094 [INFO] ThirdPartyUpdaterWithRetryManager:70 - Updater plugin not ready yet. [1/15]
2023-04-24 16:50:45,095 [INFO] PluginManage:359 - Loaded plugin updater (category:base,tabindex:12)
2023-04-24 16:50:45,096 [INFO] PluginManage:283 - PluginManage : Loaded plugins [15]
2023-04-24 16:50:45,169 [INFO] PinOutPanel:1499 - setPackage(No Configuration,No Configuration)
2023-04-24 16:50:45,202 [INFO] CADModel:165 - CPN selected for project level
2023-04-24 16:50:45,202 [INFO] CADModel:114 - Register for checkConnection events
2023-04-24 16:50:45,282 [INFO] CADModel:165 - CPN selected for project level
2023-04-24 16:50:45,282 [INFO] CADModel:114 - Register for checkConnection events
2023-04-24 16:50:45,282 [FATAL] Updater:308 - Updater called before beeing initialized
2023-04-24 16:50:45,282 [ERROR] CADModel:125 - Updater not yet initialized, retry later 
2023-04-24 16:50:45,332 [INFO] CADModel:165 - CPN selected for project level
2023-04-24 16:50:45,332 [INFO] CADModel:114 - Register for checkConnection events
2023-04-24 16:50:45,332 [FATAL] Updater:308 - Updater called before beeing initialized
2023-04-24 16:50:45,332 [ERROR] CADModel:125 - Updater not yet initialized, retry later 
2023-04-24 16:50:45,333 [FATAL] Updater:308 - Updater called before beeing initialized
2023-04-24 16:50:45,397 [FATAL] Updater:308 - Updater called before beeing initialized
2023-04-24 16:50:45,398 [FATAL] Updater:308 - Updater called before beeing initialized
2023-04-24 16:50:45,398 [WARN] DetailPanel:346 - Failed to get advertising image, set to default
2023-04-24 16:50:45,400 [FATAL] Updater:308 - Updater called before beeing initialized
2023-04-24 16:50:45,401 [FATAL] Updater:308 - Updater called before beeing initialized
2023-04-24 16:50:45,401 [FATAL] Updater:308 - Updater called before beeing initialized
2023-04-24 16:50:45,402 [WARN] DetailPanel:346 - Failed to get advertising image, set to default
2023-04-24 16:50:45,405 [FATAL] Updater:308 - Updater called before beeing initialized
2023-04-24 16:50:48,109 [FATAL] Updater:308 - Updater called before beeing initialized
2023-04-24 16:50:48,109 [ERROR] IntegrityCheckThread:130 - Cannot retrieve database content from updater: error 21
2023-04-24 16:50:48,109 [INFO] ThirdParty:978 - Integrity check success = false
2023-04-24 16:50:48,109 [INFO] IntegrityCheckThread:100 - exiting critical section [integrity check]
2023-04-24 16:50:48,109 [INFO] IntegrityCheckThread:103 - End integrity checks thread
2023-04-24 16:52:08,669 [INFO] McuFinderGlobals:53 - Set McuFinder mode to 2 (CubeIDE integrated)
2023-04-24 16:52:08,669 [INFO] McuFinderGlobals:66 - Set McuFinderConnectedMode to true
2023-04-24 16:52:08,685 [INFO] DbMcusXml:78 - Set database path to: C:\ST\STM32CubeIDE_1.12.0\STM32CubeIDE\plugins\com.st.stm32cube.common.mx_6.8.0.202302231600\\db\/mcu/
2023-04-24 16:52:08,686 [INFO] ApiDb:274 - Set plugin database path to: C:\ST\STM32CubeIDE_1.12.0\STM32CubeIDE\plugins\com.st.stm32cube.common.mx_6.8.0.202302231600\\db\/plugins/boardmanager/
2023-04-24 16:52:08,686 [INFO] ApiDb:261 - Set plugin images path to: C:\ST\STM32CubeIDE_1.12.0\STM32CubeIDE\plugins\com.st.stm32cube.common.mx_6.8.0.202302231600\\db\/plugins/mcufinder/images/
2023-04-24 16:52:08,686 [WARN] DbFile:41 - Overriding database path with different value: C:\Users\BlueWhale\.stmcufinder\plugins\mcufinder/ => C:\Users\BlueWhale\.stmcufinder\plugins\mcufinder
2023-04-24 16:52:08,686 [INFO] ApiDb:250 - Set database path to: C:\Users\BlueWhale\.stmcufinder\plugins\mcufinder//mcu/
2023-04-24 16:52:08,686 [WARN] DbFile:41 - Overriding database path with different value: C:\Users\BlueWhale\.stmcufinder\plugins\mcufinder/ => C:\Users\BlueWhale\.stmcufinder\plugins\mcufinder
2023-04-24 16:52:08,686 [INFO] DbMcusAds:125 - Set database path to: C:\Users\BlueWhale\.stmcufinder\plugins\mcufinder//mcu/
2023-04-24 16:52:08,686 [WARN] DbFile:41 - Overriding database path with different value: C:\Users\BlueWhale\.stmcufinder\plugins\mcufinder/ => C:\Users\BlueWhale\.stmcufinder\plugins\mcufinder
2023-04-24 16:52:08,686 [WARN] DbFile:41 - Overriding database path with different value: C:\Users\BlueWhale\.stmcufinder\plugins\mcufinder/ => C:\Users\BlueWhale\.stmcufinder\plugins\mcufinder
2023-04-24 16:52:08,689 [INFO] CrossReferenceDbSqlite:203 - Set database path to: C:\Users\BlueWhale\.stmcufinder\plugins\mcufinder//mcu/cs/
2023-04-24 16:52:08,692 [INFO] DbMcusXml:78 - Set database path to: C:\ST\STM32CubeIDE_1.12.0\STM32CubeIDE\plugins\com.st.stm32cube.common.mx_6.8.0.202302231600\\db\/mcu/
2023-04-24 16:52:08,693 [INFO] ApiDb:274 - Set plugin database path to: C:\ST\STM32CubeIDE_1.12.0\STM32CubeIDE\plugins\com.st.stm32cube.common.mx_6.8.0.202302231600\\db\/plugins/boardmanager/
2023-04-24 16:52:08,693 [INFO] ApiDb:261 - Set plugin images path to: C:\ST\STM32CubeIDE_1.12.0\STM32CubeIDE\plugins\com.st.stm32cube.common.mx_6.8.0.202302231600\\db\/plugins/mcufinder/images/
2023-04-24 16:52:08,693 [WARN] DbFile:41 - Overriding database path with different value: C:\Users\BlueWhale\.stmcufinder\plugins\mcufinder/ => C:\Users\BlueWhale\.stmcufinder\plugins\mcufinder
2023-04-24 16:52:08,693 [INFO] ApiDb:250 - Set database path to: C:\Users\BlueWhale\.stmcufinder\plugins\mcufinder//mcu/
2023-04-24 16:52:08,693 [WARN] DbFile:41 - Overriding database path with different value: C:\Users\BlueWhale\.stmcufinder\plugins\mcufinder/ => C:\Users\BlueWhale\.stmcufinder\plugins\mcufinder
2023-04-24 16:52:08,693 [INFO] DbMcusAds:125 - Set database path to: C:\Users\BlueWhale\.stmcufinder\plugins\mcufinder//mcu/
2023-04-24 16:52:08,693 [WARN] DbFile:41 - Overriding database path with different value: C:\Users\BlueWhale\.stmcufinder\plugins\mcufinder/ => C:\Users\BlueWhale\.stmcufinder\plugins\mcufinder
2023-04-24 16:52:08,693 [WARN] DbFile:41 - Overriding database path with different value: C:\Users\BlueWhale\.stmcufinder\plugins\mcufinder/ => C:\Users\BlueWhale\.stmcufinder\plugins\mcufinder
2023-04-24 16:52:08,694 [INFO] CrossReferenceDbSqlite:203 - Set database path to: C:\Users\BlueWhale\.stmcufinder\plugins\mcufinder//mcu/cs/
2023-04-24 16:52:08,704 [INFO] MainPanel:253 - HeapMemory: 472907776
2023-04-24 16:52:08,717 [INFO] DbMcusXml:78 - Set database path to: C:\ST\STM32CubeIDE_1.12.0\STM32CubeIDE\plugins\com.st.stm32cube.common.mx_6.8.0.202302231600\\db\/mcu/
2023-04-24 16:52:08,718 [INFO] ApiDb:274 - Set plugin database path to: C:\ST\STM32CubeIDE_1.12.0\STM32CubeIDE\plugins\com.st.stm32cube.common.mx_6.8.0.202302231600\\db\/plugins/boardmanager/
2023-04-24 16:52:08,718 [INFO] ApiDb:261 - Set plugin images path to: C:\ST\STM32CubeIDE_1.12.0\STM32CubeIDE\plugins\com.st.stm32cube.common.mx_6.8.0.202302231600\\db\/plugins/mcufinder/images/
2023-04-24 16:52:08,718 [WARN] DbFile:41 - Overriding database path with different value: C:\Users\BlueWhale\.stmcufinder\plugins\mcufinder/ => C:\Users\BlueWhale\.stmcufinder\plugins\mcufinder
2023-04-24 16:52:08,718 [INFO] ApiDb:250 - Set database path to: C:\Users\BlueWhale\.stmcufinder\plugins\mcufinder//mcu/
2023-04-24 16:52:08,718 [WARN] DbFile:41 - Overriding database path with different value: C:\Users\BlueWhale\.stmcufinder\plugins\mcufinder/ => C:\Users\BlueWhale\.stmcufinder\plugins\mcufinder
2023-04-24 16:52:08,718 [INFO] DbMcusAds:125 - Set database path to: C:\Users\BlueWhale\.stmcufinder\plugins\mcufinder//mcu/
2023-04-24 16:52:08,718 [WARN] DbFile:41 - Overriding database path with different value: C:\Users\BlueWhale\.stmcufinder\plugins\mcufinder/ => C:\Users\BlueWhale\.stmcufinder\plugins\mcufinder
2023-04-24 16:52:08,718 [WARN] DbFile:41 - Overriding database path with different value: C:\Users\BlueWhale\.stmcufinder\plugins\mcufinder/ => C:\Users\BlueWhale\.stmcufinder\plugins\mcufinder
2023-04-24 16:52:08,718 [INFO] CrossReferenceDbSqlite:203 - Set database path to: C:\Users\BlueWhale\.stmcufinder\plugins\mcufinder//mcu/cs/
2023-04-24 16:52:08,721 [INFO] PluginManage:196 - Search for loadable plugins [exclusion list=, ]
2023-04-24 16:52:08,722 [INFO] PluginManage:310 - Check plugin analytics
2023-04-24 16:52:13,281 [INFO] AnalyticsPlugin:253 - Accepted Software Licenses: STM32CubeMX.6.8.0
2023-04-24 16:52:13,281 [INFO] AnalyticsPlugin:255 - Accepted CMSIS Pack Licenses: 
2023-04-24 16:52:13,281 [INFO] AnalyticsPlugin:257 - Accepted Firmware Licenses: 
2023-04-24 16:52:13,282 [INFO] PluginManage:359 - Loaded plugin analytics (category:tool,tabindex:-1)
2023-04-24 16:52:13,282 [INFO] PluginManage:310 - Check plugin cadmodel
2023-04-24 16:52:13,283 [INFO] CADModel:105 - Init CAD model plugin
2023-04-24 16:52:13,283 [INFO] PluginManage:359 - Loaded plugin cadmodel (category:power,tabindex:5)
2023-04-24 16:52:13,283 [INFO] PluginManage:310 - Check plugin clock
2023-04-24 16:52:13,284 [INFO] PluginManage:359 - Loaded plugin clock (category:base,tabindex:2)
2023-04-24 16:52:13,285 [INFO] PluginManage:310 - Check plugin ddr
2023-04-24 16:52:13,285 [INFO] PluginManage:359 - Loaded plugin ddr (category:tool,tabindex:6)
2023-04-24 16:52:13,286 [INFO] PluginManage:310 - Check plugin filemanager
2023-04-24 16:52:13,299 [INFO] PluginManage:359 - Loaded plugin filemanager (category:base,tabindex:10)
2023-04-24 16:52:13,299 [INFO] PluginManage:310 - Check plugin ipmanager
2023-04-24 16:52:13,304 [INFO] PluginManage:359 - Loaded plugin ipmanager (category:base,tabindex:5)
2023-04-24 16:52:13,304 [INFO] PluginManage:310 - Check plugin lpbam
2023-04-24 16:52:13,305 [INFO] PluginManage:359 - Loaded plugin lpbam (category:base,tabindex:0)
2023-04-24 16:52:13,306 [INFO] PluginManage:310 - Check plugin pinoutandconfiguration
2023-04-24 16:52:13,306 [INFO] PluginManage:359 - Loaded plugin pinoutandconfiguration (category:base,tabindex:1)
2023-04-24 16:52:13,306 [INFO] PluginManage:310 - Check plugin pinoutconfig
2023-04-24 16:52:13,314 [FATAL] Updater:308 - Updater called before beeing initialized
2023-04-24 16:52:13,315 [FATAL] Updater:308 - Updater called before beeing initialized
2023-04-24 16:52:13,315 [INFO] PluginManage:359 - Loaded plugin pinoutconfig (category:base,tabindex:0)
2023-04-24 16:52:13,316 [INFO] PluginManage:310 - Check plugin power
2023-04-24 16:52:13,317 [INFO] PluginManage:359 - Loaded plugin power (category:power,tabindex:4)
2023-04-24 16:52:13,317 [INFO] PluginManage:310 - Check plugin projectmanager
2023-04-24 16:52:13,326 [INFO] PluginManage:359 - Loaded plugin projectmanager (category:projectmanager,tabindex:3)
2023-04-24 16:52:13,326 [INFO] PluginManage:310 - Check plugin thirdparty
2023-04-24 16:52:13,390 [INFO] PluginManage:359 - Loaded plugin thirdparty (category:base,tabindex:-1)
2023-04-24 16:52:13,390 [INFO] PluginManage:310 - Check plugin tools
2023-04-24 16:52:13,391 [INFO] PluginManage:359 - Loaded plugin tools (category:base,tabindex:7)
2023-04-24 16:52:13,391 [WARN] IntegrityCheckThread:84 - waiting for thirdparty lock release [integrity check]
2023-04-24 16:52:13,391 [INFO] PluginManage:310 - Check plugin tutovideos
2023-04-24 16:52:13,391 [INFO] IntegrityCheckThread:86 - entering critical section [integrity check]
2023-04-24 16:52:13,392 [INFO] ThirdPartyUpdaterWithRetryManager:70 - Updater plugin not ready yet. [1/15]
2023-04-24 16:52:13,392 [WARN] DbFile:41 - Overriding database path with different value: C:\Users\BlueWhale\.stmcufinder\plugins\mcufinder/ => C:\Users\BlueWhale\.stmcufinder\plugins\mcufinder
2023-04-24 16:52:13,407 [INFO] PluginManage:359 - Loaded plugin tutovideos (category:base,tabindex:-1)
2023-04-24 16:52:13,407 [INFO] PluginManage:310 - Check plugin updater
2023-04-24 16:52:13,408 [INFO] PluginManage:359 - Loaded plugin updater (category:base,tabindex:12)
2023-04-24 16:52:13,409 [INFO] PluginManage:283 - PluginManage : Loaded plugins [15]
2023-04-24 16:52:13,472 [INFO] PinOutPanel:1499 - setPackage(No Configuration,No Configuration)
2023-04-24 16:52:13,519 [INFO] CADModel:165 - CPN selected for project level
2023-04-24 16:52:13,520 [INFO] CADModel:114 - Register for checkConnection events
2023-04-24 16:52:13,605 [INFO] CADModel:165 - CPN selected for project level
2023-04-24 16:52:13,605 [INFO] CADModel:114 - Register for checkConnection events
2023-04-24 16:52:13,606 [FATAL] Updater:308 - Updater called before beeing initialized
2023-04-24 16:52:13,606 [ERROR] CADModel:125 - Updater not yet initialized, retry later 
2023-04-24 16:52:13,668 [INFO] CADModel:165 - CPN selected for project level
2023-04-24 16:52:13,668 [INFO] CADModel:114 - Register for checkConnection events
2023-04-24 16:52:13,668 [FATAL] Updater:308 - Updater called before beeing initialized
2023-04-24 16:52:13,668 [ERROR] CADModel:125 - Updater not yet initialized, retry later 
2023-04-24 16:52:13,669 [FATAL] Updater:308 - Updater called before beeing initialized
2023-04-24 16:52:13,751 [FATAL] Updater:308 - Updater called before beeing initialized
2023-04-24 16:52:13,751 [FATAL] Updater:308 - Updater called before beeing initialized
2023-04-24 16:52:13,752 [WARN] DetailPanel:346 - Failed to get advertising image, set to default
2023-04-24 16:52:13,756 [FATAL] Updater:308 - Updater called before beeing initialized
2023-04-24 16:52:13,759 [FATAL] Updater:308 - Updater called before beeing initialized
2023-04-24 16:52:13,760 [FATAL] Updater:308 - Updater called before beeing initialized
2023-04-24 16:52:13,760 [WARN] DetailPanel:346 - Failed to get advertising image, set to default
2023-04-24 16:52:13,763 [FATAL] Updater:308 - Updater called before beeing initialized
2023-04-24 16:52:16,403 [FATAL] Updater:308 - Updater called before beeing initialized
2023-04-24 16:52:16,406 [ERROR] IntegrityCheckThread:130 - Cannot retrieve database content from updater: error 21
2023-04-24 16:52:16,406 [INFO] ThirdParty:978 - Integrity check success = false
2023-04-24 16:52:16,406 [INFO] IntegrityCheckThread:100 - exiting critical section [integrity check]
2023-04-24 16:52:16,406 [INFO] IntegrityCheckThread:103 - End integrity checks thread
2023-04-24 17:25:28,042 [INFO] Activator:176 - 


2023-04-24 17:25:28,047 [INFO] Activator:177 - !SESSION log4j initialized
2023-04-24 17:25:39,897 [INFO] LogOutputStream:77 - [STDOUT_REDIRECT] 
2023-04-24 17:26:03,420 [ERROR] LogOutputStream:75 - [STDERR_REDIRECT] SLF4J: Failed to load class "org.slf4j.impl.StaticLoggerBinder".
2023-04-24 17:26:03,421 [ERROR] LogOutputStream:75 - [STDERR_REDIRECT] SLF4J: Defaulting to no-operation (NOP) logger implementation
2023-04-24 17:26:03,424 [ERROR] LogOutputStream:75 - [STDERR_REDIRECT] SLF4J: See http://www.slf4j.org/codes.html#StaticLoggerBinder for further details.
2023-04-24 17:50:49,607 [ERROR] ConfigurationRetriever:142 - IOException on connection: sw-center.st.com
2023-04-24 17:50:49,608 [ERROR] ConfigurationRetriever:142 - IOException on connection: sw-center.st.com
2023-04-24 17:50:49,609 [ERROR] ConfigurationRetriever:142 - IOException on connection: sw-center.st.com
